{
  "stats": {
    "suites": 10,
    "tests": 91,
    "passes": 91,
    "pending": 0,
    "failures": 0,
    "testsRegistered": 91,
    "passPercent": 100,
    "pendingPercent": 0,
    "other": 0,
    "hasOther": false,
    "skipped": 0,
    "hasSkipped": false,
    "start": "2026-08-11T07:13:15.339Z",
    "end": "2026-08-11T07:16:04.834Z",
    "duration": 169495
  },
  "results": [
    {
      "uuid": "98e1646c-bf84-45bc-a5b8-31e1f2f20d29",
      "title": "",
      "fullFile": "cypress\\tests\\paveltests\\API\\bankaccountsAPI.spec.js",
      "file": "cypress\\tests\\paveltests\\API\\bankaccountsAPI.spec.js",
      "beforeHooks": [],
      "afterHooks": [],
      "tests": [
        {
          "title": "1. Create and delete bank account via API",
          "fullTitle": "1. Create and delete bank account via API",
          "timedOut": null,
          "duration": 261,
          "state": "passed",
          "speed": "fast",
          "pass": true,
          "fail": false,
          "pending": false,
          "context": null,
          "code": "cy.task('db:seed');\n// логин пользователя через API\ncy.request({\n  method: 'POST',\n  url: 'http://localhost:3001/login',\n  failOnStatusCode: false,\n  body: {\n    username: 'Reyes.Osinski',\n    password: 's3cret'\n  }\n});\n// Создание банковского аккаунта\ncy.request({\n  method: 'POST',\n  url: 'http://localhost:3001/graphql',\n  body: {\n    operationName: 'CreateBankAccount',\n    query: `\n    mutation CreateBankAccount(\n      $bankName: String!,\n      $accountNumber: String!,\n      $routingNumber: String!\n    ) {\n    createBankAccount(\n      bankName: $bankName\n      accountNumber: $accountNumber\n      routingNumber: $routingNumber\n    ) {\n      id\n      uuid\n      userId\n      bankName\n      accountNumber\n      routingNumber\n      isDeleted\n      createdAt\n    }\n  }\n`,\n    variables: {\n      bankName: 'Bank API',\n      accountNumber: '333333333',\n      routingNumber: '241233233'\n    }\n  }\n}).then(response => {\n  expect(response.status).to.eq(200);\n  expect(response.body.errors).to.not.exist;\n  expect(response.body.data.createBankAccount.bankName).to.eq('Bank API');\n  expect(response.body.data.createBankAccount.accountNumber).to.eq('333333333');\n  expect(response.body.data.createBankAccount.routingNumber).to.eq('241233233');\n  const bankId = response.body.data.createBankAccount.id;\n  cy.log(`Created bank id: ${bankId}`);\n  // Удаление только что созданного банковского аккаунта\n  return cy.request({\n    method: 'POST',\n    url: 'http://localhost:3001/graphql',\n    body: {\n      operationName: 'DeleteBankAccount',\n      query: `\n           mutation DeleteBankAccount($id: ID!) {\n           deleteBankAccount(id: $id)\n           }\n          `,\n      variables: {\n        id: bankId\n      }\n    }\n  });\n}).then(response => {\n  console.log(response.body);\n  expect(response.status).to.eq(200);\n  // Если API возвращает true после удаления\n  if (response.body.data) {\n    expect(response.body.data.deleteBankAccount).to.eq(true);\n  }\n});",
          "err": {},
          "uuid": "4a968d83-ae0b-43f8-8626-6f369b2605ed",
          "parentUUID": "98e1646c-bf84-45bc-a5b8-31e1f2f20d29",
          "isHook": false,
          "skipped": false
        },
        {
          "title": "2. Create bank account with empty bank name",
          "fullTitle": "2. Create bank account with empty bank name",
          "timedOut": null,
          "duration": 154,
          "state": "passed",
          "speed": "fast",
          "pass": true,
          "fail": false,
          "pending": false,
          "context": null,
          "code": "cy.task('db:seed');\n// логин пользователя через API\ncy.request({\n  method: 'POST',\n  url: 'http://localhost:3001/login',\n  failOnStatusCode: false,\n  body: {\n    username: 'Reyes.Osinski',\n    password: 's3cret'\n  }\n});\n// Создание банка\ncy.request({\n  method: 'POST',\n  url: 'http://localhost:3001/graphql',\n  body: {\n    operationName: 'CreateBankAccount',\n    query: `\n    mutation CreateBankAccount(\n      $bankName: String!,\n      $accountNumber: String!,\n      $routingNumber: String!\n    ) {\n    createBankAccount(\n      bankName: $bankName\n      accountNumber: $accountNumber\n      routingNumber: $routingNumber\n    ) {\n      id\n      uuid\n      userId\n      bankName\n      accountNumber\n      routingNumber\n      isDeleted\n      createdAt\n    }\n  }\n`,\n    variables: {\n      bankName: '',\n      accountNumber: '333333333',\n      routingNumber: '241233233'\n    }\n  }\n}).then(response => {\n  expect(response.status).to.eq(200);\n  expect(response.body.errors).to.not.exist;\n  expect(response.body.data.createBankAccount.id).to.be.a('string');\n  expect(response.body.data.createBankAccount.bankName).to.eq('');\n  expect(response.body.data.createBankAccount.accountNumber).to.eq('333333333');\n  expect(response.body.data.createBankAccount.routingNumber).to.eq('241233233');\n});",
          "err": {},
          "uuid": "4ec9d79f-8b8e-4376-8455-03c1df0c8a44",
          "parentUUID": "98e1646c-bf84-45bc-a5b8-31e1f2f20d29",
          "isHook": false,
          "skipped": false
        },
        {
          "title": "3. Create bank account with empty routing number",
          "fullTitle": "3. Create bank account with empty routing number",
          "timedOut": null,
          "duration": 153,
          "state": "passed",
          "speed": "fast",
          "pass": true,
          "fail": false,
          "pending": false,
          "context": null,
          "code": "cy.task('db:seed');\n// логин пользователя через API\ncy.request({\n  method: 'POST',\n  url: 'http://localhost:3001/login',\n  failOnStatusCode: false,\n  body: {\n    username: 'Reyes.Osinski',\n    password: 's3cret'\n  }\n});\n// Создание банка\ncy.request({\n  method: 'POST',\n  url: 'http://localhost:3001/graphql',\n  body: {\n    operationName: 'CreateBankAccount',\n    query: `\n    mutation CreateBankAccount(\n      $bankName: String!,\n      $accountNumber: String!,\n      $routingNumber: String!\n    ) {\n    createBankAccount(\n      bankName: $bankName\n      accountNumber: $accountNumber\n      routingNumber: $routingNumber\n    ) {\n      id\n      uuid\n      userId\n      bankName\n      accountNumber\n      routingNumber\n      isDeleted\n      createdAt\n    }\n  }\n`,\n    variables: {\n      bankName: 'Bank API',\n      accountNumber: '333333333',\n      routingNumber: ''\n    }\n  }\n}).then(response => {\n  expect(response.status).to.eq(200);\n  expect(response.body.errors).to.not.exist;\n  expect(response.body.data.createBankAccount.bankName).to.eq('Bank API');\n  expect(response.body.data.createBankAccount.accountNumber).to.eq('333333333');\n  expect(response.body.data.createBankAccount.routingNumber).to.eq('');\n});",
          "err": {},
          "uuid": "4158fa36-0fd1-4e0a-82a7-4496d5844d28",
          "parentUUID": "98e1646c-bf84-45bc-a5b8-31e1f2f20d29",
          "isHook": false,
          "skipped": false
        },
        {
          "title": "4. Create bank account with empty account number",
          "fullTitle": "4. Create bank account with empty account number",
          "timedOut": null,
          "duration": 149,
          "state": "passed",
          "speed": "fast",
          "pass": true,
          "fail": false,
          "pending": false,
          "context": null,
          "code": "cy.task('db:seed');\n// логин пользователя через API\ncy.request({\n  method: 'POST',\n  url: 'http://localhost:3001/login',\n  failOnStatusCode: false,\n  body: {\n    username: 'Reyes.Osinski',\n    password: 's3cret'\n  }\n});\n// Создание банка\ncy.request({\n  method: 'POST',\n  url: 'http://localhost:3001/graphql',\n  body: {\n    operationName: 'CreateBankAccount',\n    query: `\n    mutation CreateBankAccount(\n      $bankName: String!,\n      $accountNumber: String!,\n      $routingNumber: String!\n    ) {\n    createBankAccount(\n      bankName: $bankName\n      accountNumber: $accountNumber\n      routingNumber: $routingNumber\n    ) {\n      id\n      uuid\n      userId\n      bankName\n      accountNumber\n      routingNumber\n      isDeleted\n      createdAt\n    }\n  }\n`,\n    variables: {\n      bankName: 'Bank API',\n      accountNumber: '',\n      routingNumber: '241233233'\n    }\n  }\n}).then(response => {\n  expect(response.status).to.eq(200);\n  expect(response.body.errors).to.not.exist;\n  expect(response.body.data.createBankAccount.bankName).to.eq('Bank API');\n  expect(response.body.data.createBankAccount.accountNumber).to.eq('');\n  expect(response.body.data.createBankAccount.routingNumber).to.eq('241233233');\n});",
          "err": {},
          "uuid": "d40e0634-4753-48cc-b648-fcc74c94a020",
          "parentUUID": "98e1646c-bf84-45bc-a5b8-31e1f2f20d29",
          "isHook": false,
          "skipped": false
        },
        {
          "title": "5. Create bank account with long account number and routing number",
          "fullTitle": "5. Create bank account with long account number and routing number",
          "timedOut": null,
          "duration": 146,
          "state": "passed",
          "speed": "fast",
          "pass": true,
          "fail": false,
          "pending": false,
          "context": null,
          "code": "cy.task('db:seed');\n// логин пользователя через API\ncy.request({\n  method: 'POST',\n  url: 'http://localhost:3001/login',\n  failOnStatusCode: false,\n  body: {\n    username: 'Reyes.Osinski',\n    password: 's3cret'\n  }\n});\n// Создание банка\ncy.request({\n  method: 'POST',\n  url: 'http://localhost:3001/graphql',\n  body: {\n    operationName: 'CreateBankAccount',\n    query: `\n    mutation CreateBankAccount(\n      $bankName: String!,\n      $accountNumber: String!,\n      $routingNumber: String!\n    ) {\n    createBankAccount(\n      bankName: $bankName\n      accountNumber: $accountNumber\n      routingNumber: $routingNumber\n    ) {\n      id\n      uuid\n      userId\n      bankName\n      accountNumber\n      routingNumber\n      isDeleted\n      createdAt\n    }\n  }\n`,\n    variables: {\n      bankName: 'Bank API',\n      accountNumber: '51556655656561565565256652652655',\n      routingNumber: '481952525252525256256256256565656'\n    }\n  }\n}).then(response => {\n  expect(response.status).to.eq(200);\n  expect(response.body.errors).to.not.exist;\n  expect(response.body.data.createBankAccount.bankName).to.eq('Bank API');\n  expect(response.body.data.createBankAccount.accountNumber).to.eq('51556655656561565565256652652655');\n  expect(response.body.data.createBankAccount.routingNumber).to.eq('481952525252525256256256256565656');\n  const bankId = response.body.data.createBankAccount.id;\n  cy.log(`Created bank id: ${bankId}`);\n});",
          "err": {},
          "uuid": "7cdf6836-5103-4d5e-b67e-75e0108e4e1d",
          "parentUUID": "98e1646c-bf84-45bc-a5b8-31e1f2f20d29",
          "isHook": false,
          "skipped": false
        },
        {
          "title": "6. Create bank account with invalid account number and routing number",
          "fullTitle": "6. Create bank account with invalid account number and routing number",
          "timedOut": null,
          "duration": 221,
          "state": "passed",
          "speed": "fast",
          "pass": true,
          "fail": false,
          "pending": false,
          "context": null,
          "code": "cy.task('db:seed');\n// логин пользователя через API\ncy.request({\n  method: 'POST',\n  url: 'http://localhost:3001/login',\n  failOnStatusCode: false,\n  body: {\n    username: 'Reyes.Osinski',\n    password: 's3cret'\n  }\n});\n// Создание банка\ncy.request({\n  method: 'POST',\n  url: 'http://localhost:3001/graphql',\n  body: {\n    operationName: 'CreateBankAccount',\n    query: `\n    mutation CreateBankAccount(\n      $bankName: String!,\n      $accountNumber: String!,\n      $routingNumber: String!\n    ) {\n    createBankAccount(\n      bankName: $bankName\n      accountNumber: $accountNumber\n      routingNumber: $routingNumber\n    ) {\n      id\n      uuid\n      userId\n      bankName\n      accountNumber\n      routingNumber\n      isDeleted\n      createdAt\n    }\n  }\n`,\n    variables: {\n      bankName: 'Bank API',\n      accountNumber: '5155665aaa*--/',\n      routingNumber: '48195252wwww&^%'\n    }\n  }\n}).then(response => {\n  expect(response.status).to.eq(200);\n  expect(response.body.errors).to.not.exist;\n  expect(response.body.data.createBankAccount.bankName).to.eq('Bank API');\n  expect(response.body.data.createBankAccount.accountNumber).to.eq('5155665aaa*--/');\n  expect(response.body.data.createBankAccount.routingNumber).to.eq('48195252wwww&^%');\n});",
          "err": {},
          "uuid": "117e80d5-cb2d-4961-9082-efe807d3bf71",
          "parentUUID": "98e1646c-bf84-45bc-a5b8-31e1f2f20d29",
          "isHook": false,
          "skipped": false
        },
        {
          "title": "7. Create duplicate bank account (bug)",
          "fullTitle": "7. Create duplicate bank account (bug)",
          "timedOut": null,
          "duration": 151,
          "state": "passed",
          "speed": "fast",
          "pass": true,
          "fail": false,
          "pending": false,
          "context": null,
          "code": "cy.task('db:seed');\n// логин пользователя через API\ncy.request({\n  method: 'POST',\n  url: 'http://localhost:3001/login',\n  failOnStatusCode: false,\n  body: {\n    username: 'Reyes.Osinski',\n    password: 's3cret'\n  }\n});\n// Создание банка\ncy.request({\n  method: 'POST',\n  url: 'http://localhost:3001/graphql',\n  body: {\n    operationName: 'CreateBankAccount',\n    query: `\n    mutation CreateBankAccount(\n      $bankName: String!,\n      $accountNumber: String!,\n      $routingNumber: String!\n    ) {\n    createBankAccount(\n      bankName: $bankName\n      accountNumber: $accountNumber\n      routingNumber: $routingNumber\n    ) {\n      id\n      uuid\n      userId\n      bankName\n      accountNumber\n      routingNumber\n      isDeleted\n      createdAt\n    }\n  }\n`,\n    variables: {\n      bankName: 'Rosenbaum, Dach and Goyette Bank',\n      accountNumber: '7151213986',\n      routingNumber: '956968094'\n    }\n  }\n}).then(response => {\n  expect(response.status).to.eq(200);\n  expect(response.body.data.createBankAccount.bankName).to.eq('Rosenbaum, Dach and Goyette Bank');\n  expect(response.body.data.createBankAccount.accountNumber).to.eq('7151213986');\n  expect(response.body.data.createBankAccount.routingNumber).to.eq('956968094');\n  const bankId = response.body.data.createBankAccount.id;\n  cy.log(`Created bank id: ${bankId}`);\n});",
          "err": {},
          "uuid": "c4c960f9-2f2b-4abd-8194-7acbbd3c5d4a",
          "parentUUID": "98e1646c-bf84-45bc-a5b8-31e1f2f20d29",
          "isHook": false,
          "skipped": false
        },
        {
          "title": "8. Create bank account with values below minimum length for bank name and account number",
          "fullTitle": "8. Create bank account with values below minimum length for bank name and account number",
          "timedOut": null,
          "duration": 146,
          "state": "passed",
          "speed": "fast",
          "pass": true,
          "fail": false,
          "pending": false,
          "context": null,
          "code": "cy.task('db:seed');\n// логин пользователя через API\ncy.request({\n  method: 'POST',\n  url: 'http://localhost:3001/login',\n  failOnStatusCode: false,\n  body: {\n    username: 'Reyes.Osinski',\n    password: 's3cret'\n  }\n});\n// Создание банка\ncy.request({\n  method: 'POST',\n  url: 'http://localhost:3001/graphql',\n  body: {\n    operationName: 'CreateBankAccount',\n    query: `\n    mutation CreateBankAccount(\n      $bankName: String!,\n      $accountNumber: String!,\n      $routingNumber: String!\n    ) {\n    createBankAccount(\n      bankName: $bankName\n      accountNumber: $accountNumber\n      routingNumber: $routingNumber\n    ) {\n      id\n      uuid\n      userId\n      bankName\n      accountNumber\n      routingNumber\n      isDeleted\n      createdAt\n    }\n  }\n`,\n    variables: {\n      bankName: 'Bank',\n      accountNumber: '123456789',\n      routingNumber: '12345678'\n    }\n  }\n}).then(response => {\n  expect(response.status).to.eq(200);\n  expect(response.body.data.createBankAccount.bankName).to.eq('Bank');\n  expect(response.body.data.createBankAccount.accountNumber).to.eq('123456789');\n  expect(response.body.data.createBankAccount.routingNumber).to.eq('12345678');\n  const bankId = response.body.data.createBankAccount.id;\n  cy.log(`Created bank id: ${bankId}`);\n});",
          "err": {},
          "uuid": "09cfeb0c-0046-4042-9b08-12c92debb655",
          "parentUUID": "98e1646c-bf84-45bc-a5b8-31e1f2f20d29",
          "isHook": false,
          "skipped": false
        },
        {
          "title": "9. Create bank account with minimum valid field lengths",
          "fullTitle": "9. Create bank account with minimum valid field lengths",
          "timedOut": null,
          "duration": 162,
          "state": "passed",
          "speed": "fast",
          "pass": true,
          "fail": false,
          "pending": false,
          "context": null,
          "code": "cy.task('db:seed');\n// логин пользователя через API\ncy.request({\n  method: 'POST',\n  url: 'http://localhost:3001/login',\n  failOnStatusCode: false,\n  body: {\n    username: 'Reyes.Osinski',\n    password: 's3cret'\n  }\n});\n// Создание банка\ncy.request({\n  method: 'POST',\n  url: 'http://localhost:3001/graphql',\n  body: {\n    operationName: 'CreateBankAccount',\n    query: `\n    mutation CreateBankAccount(\n      $bankName: String!,\n      $accountNumber: String!,\n      $routingNumber: String!\n    ) {\n    createBankAccount(\n      bankName: $bankName\n      accountNumber: $accountNumber\n      routingNumber: $routingNumber\n    ) {\n      id\n      uuid\n      userId\n      bankName\n      accountNumber\n      routingNumber\n      isDeleted\n      createdAt\n    }\n  }\n`,\n    variables: {\n      bankName: 'Bank1',\n      accountNumber: '123456789',\n      routingNumber: '123456789'\n    }\n  }\n}).then(response => {\n  expect(response.status).to.eq(200);\n  expect(response.body.errors).to.not.exist;\n  expect(response.body.data.createBankAccount.bankName).to.eq('Bank1');\n  expect(response.body.data.createBankAccount.accountNumber).to.eq('123456789');\n  expect(response.body.data.createBankAccount.routingNumber).to.eq('123456789');\n  const bankId = response.body.data.createBankAccount.id;\n  cy.log(`Created bank id: ${bankId}`);\n});",
          "err": {},
          "uuid": "7432d126-dad8-43e0-9a3e-90a768a0a72d",
          "parentUUID": "98e1646c-bf84-45bc-a5b8-31e1f2f20d29",
          "isHook": false,
          "skipped": false
        },
        {
          "title": "10. Create bank account with a long Account Number",
          "fullTitle": "10. Create bank account with a long Account Number",
          "timedOut": null,
          "duration": 156,
          "state": "passed",
          "speed": "fast",
          "pass": true,
          "fail": false,
          "pending": false,
          "context": null,
          "code": "cy.task('db:seed');\n// логин пользователя через API\ncy.request({\n  method: 'POST',\n  url: 'http://localhost:3001/login',\n  failOnStatusCode: false,\n  body: {\n    username: 'Reyes.Osinski',\n    password: 's3cret'\n  }\n});\n// Создание банка\ncy.request({\n  method: 'POST',\n  url: 'http://localhost:3001/graphql',\n  body: {\n    operationName: 'CreateBankAccount',\n    query: `\n    mutation CreateBankAccount(\n      $bankName: String!,\n      $accountNumber: String!,\n      $routingNumber: String!\n    ) {\n    createBankAccount(\n      bankName: $bankName\n      accountNumber: $accountNumber\n      routingNumber: $routingNumber\n    ) {\n      id\n      uuid\n      userId\n      bankName\n      accountNumber\n      routingNumber\n      isDeleted\n      createdAt\n    }\n  }\n`,\n    variables: {\n      bankName: 'Bank Test',\n      routingNumber: '123456789',\n      accountNumber: '123456789012'\n    }\n  }\n}).then(response => {\n  expect(response.status).to.eq(200);\n  expect(response.body.errors).to.not.exist;\n  expect(response.body.data.createBankAccount.bankName).to.eq('Bank Test');\n  expect(response.body.data.createBankAccount.routingNumber).to.eq('123456789');\n  expect(response.body.data.createBankAccount.accountNumber).to.eq('123456789012');\n  const bankId = response.body.data.createBankAccount.id;\n  cy.log(`Created bank id: ${bankId}`);\n});",
          "err": {},
          "uuid": "88ab76ab-887b-45fc-a27b-eccf42a72b82",
          "parentUUID": "98e1646c-bf84-45bc-a5b8-31e1f2f20d29",
          "isHook": false,
          "skipped": false
        },
        {
          "title": "11. Create bank account with a 100-character bank name",
          "fullTitle": "11. Create bank account with a 100-character bank name",
          "timedOut": null,
          "duration": 148,
          "state": "passed",
          "speed": "fast",
          "pass": true,
          "fail": false,
          "pending": false,
          "context": null,
          "code": "cy.task('db:seed');\n// логин пользователя через API\ncy.request({\n  method: 'POST',\n  url: 'http://localhost:3001/login',\n  failOnStatusCode: false,\n  body: {\n    username: 'Reyes.Osinski',\n    password: 's3cret'\n  }\n});\n// Создание банка\ncy.request({\n  method: 'POST',\n  url: 'http://localhost:3001/graphql',\n  body: {\n    operationName: 'CreateBankAccount',\n    query: `\n    mutation CreateBankAccount(\n      $bankName: String!,\n      $accountNumber: String!,\n      $routingNumber: String!\n    ) {\n    createBankAccount(\n      bankName: $bankName\n      accountNumber: $accountNumber\n      routingNumber: $routingNumber\n    ) {\n      id\n      uuid\n      userId\n      bankName\n      accountNumber\n      routingNumber\n      isDeleted\n      createdAt\n    }\n  }\n`,\n    variables: {\n      bankName: 'Bank of America National Association Corporate Trust Services New York Branch Global Division 2026',\n      routingNumber: '123456789',\n      accountNumber: '123456789012'\n    }\n  }\n}).then(response => {\n  expect(response.status).to.eq(200);\n  expect(response.body.errors).to.not.exist;\n  expect(response.body.data.createBankAccount.bankName).to.eq('Bank of America National Association Corporate Trust Services New York Branch Global Division 2026');\n  expect(response.body.data.createBankAccount.routingNumber).to.eq('123456789');\n  expect(response.body.data.createBankAccount.accountNumber).to.eq('123456789012');\n});",
          "err": {},
          "uuid": "cd6cbebb-15d8-4ab2-ae57-cc4df88cc1f0",
          "parentUUID": "98e1646c-bf84-45bc-a5b8-31e1f2f20d29",
          "isHook": false,
          "skipped": false
        },
        {
          "title": "12. Create bank account without routing number",
          "fullTitle": "12. Create bank account without routing number",
          "timedOut": null,
          "duration": 147,
          "state": "passed",
          "speed": "fast",
          "pass": true,
          "fail": false,
          "pending": false,
          "context": null,
          "code": "cy.task('db:seed');\n// логин пользователя через API\ncy.request({\n  method: 'POST',\n  url: 'http://localhost:3001/login',\n  failOnStatusCode: false,\n  body: {\n    username: 'Reyes.Osinski',\n    password: 's3cret'\n  }\n});\n// Создание банка\ncy.request({\n  method: 'POST',\n  url: 'http://localhost:3001/graphql',\n  body: {\n    operationName: 'CreateBankAccount',\n    query: `\n    mutation CreateBankAccount(\n      $bankName: String!,\n      $accountNumber: String!,\n      $routingNumber: String!\n    ) {\n    createBankAccount(\n      bankName: $bankName\n      accountNumber: $accountNumber\n      routingNumber: $routingNumber\n    ) {\n      id\n      uuid\n      userId\n      bankName\n      accountNumber\n      routingNumber\n      isDeleted\n      createdAt\n    }\n  }\n`,\n    variables: {\n      bankName: 'Bank of America National Association Corporate Trust Services New York Branch Global Division 2026',\n      accountNumber: '123456789012'\n    }\n  }\n}).then(response => {\n  expect(response.status).to.eq(200);\n  expect(response.body.errors).to.exist;\n  expect(response.body.errors).to.have.length.greaterThan(0);\n  expect(response.body.errors[0].message).to.include('routingNumber');\n});",
          "err": {},
          "uuid": "54319c6b-c633-4d2c-86b3-266b7aa51bf8",
          "parentUUID": "98e1646c-bf84-45bc-a5b8-31e1f2f20d29",
          "isHook": false,
          "skipped": false
        },
        {
          "title": "13. Create bank account with whitespace-only values (bug)",
          "fullTitle": "13. Create bank account with whitespace-only values (bug)",
          "timedOut": null,
          "duration": 150,
          "state": "passed",
          "speed": "fast",
          "pass": true,
          "fail": false,
          "pending": false,
          "context": null,
          "code": "cy.task('db:seed');\n// логин пользователя через API\ncy.request({\n  method: 'POST',\n  url: 'http://localhost:3001/login',\n  failOnStatusCode: false,\n  body: {\n    username: 'Reyes.Osinski',\n    password: 's3cret'\n  }\n});\n// Создание банка\ncy.request({\n  method: 'POST',\n  url: 'http://localhost:3001/graphql',\n  body: {\n    operationName: 'CreateBankAccount',\n    query: `\n    mutation CreateBankAccount(\n      $bankName: String!,\n      $accountNumber: String!,\n      $routingNumber: String!\n    ) {\n    createBankAccount(\n      bankName: $bankName\n      accountNumber: $accountNumber\n      routingNumber: $routingNumber\n    ) {\n      id\n      uuid\n      userId\n      bankName\n      accountNumber\n      routingNumber\n      isDeleted\n      createdAt\n    }\n  }\n`,\n    variables: {\n      bankName: '     ',\n      routingNumber: '         ',\n      accountNumber: '         '\n    }\n  }\n}).then(response => {\n  expect(response.status).to.eq(200);\n  expect(response.body.data.createBankAccount.bankName).to.eq('     ');\n  expect(response.body.data.createBankAccount.routingNumber).to.eq('         ');\n  expect(response.body.data.createBankAccount.accountNumber).to.eq('         ');\n  expect(response.body.errors).to.not.exist;\n  expect(response.body.data.createBankAccount.id).to.be.a('string');\n  expect(response.body.data.createBankAccount.isDeleted).to.eq(false);\n});",
          "err": {},
          "uuid": "ada74301-3c4a-48fa-84fe-96a832790a8c",
          "parentUUID": "98e1646c-bf84-45bc-a5b8-31e1f2f20d29",
          "isHook": false,
          "skipped": false
        }
      ],
      "suites": [],
      "passes": [
        "4a968d83-ae0b-43f8-8626-6f369b2605ed",
        "4ec9d79f-8b8e-4376-8455-03c1df0c8a44",
        "4158fa36-0fd1-4e0a-82a7-4496d5844d28",
        "d40e0634-4753-48cc-b648-fcc74c94a020",
        "7cdf6836-5103-4d5e-b67e-75e0108e4e1d",
        "117e80d5-cb2d-4961-9082-efe807d3bf71",
        "c4c960f9-2f2b-4abd-8194-7acbbd3c5d4a",
        "09cfeb0c-0046-4042-9b08-12c92debb655",
        "7432d126-dad8-43e0-9a3e-90a768a0a72d",
        "88ab76ab-887b-45fc-a27b-eccf42a72b82",
        "cd6cbebb-15d8-4ab2-ae57-cc4df88cc1f0",
        "54319c6b-c633-4d2c-86b3-266b7aa51bf8",
        "ada74301-3c4a-48fa-84fe-96a832790a8c"
      ],
      "failures": [],
      "pending": [],
      "skipped": [],
      "duration": 2144,
      "root": true,
      "rootEmpty": false,
      "_timeout": 2000
    },
    {
      "uuid": "a6813ee7-98b5-4438-a0dc-bc2199dddd20",
      "title": "",
      "fullFile": "cypress\\tests\\paveltests\\API\\myaccountAPI.spec.js",
      "file": "cypress\\tests\\paveltests\\API\\myaccountAPI.spec.js",
      "beforeHooks": [],
      "afterHooks": [],
      "tests": [
        {
          "title": "1. should update user profile via API",
          "fullTitle": "1. should update user profile via API",
          "timedOut": null,
          "duration": 205,
          "state": "passed",
          "speed": "fast",
          "pass": true,
          "fail": false,
          "pending": false,
          "context": null,
          "code": "cy.task('db:seed');\n// логин пользователя\ncy.request({\n  method: 'POST',\n  url: 'http://localhost:3001/login',\n  failOnStatusCode: false,\n  body: {\n    username: 'Reyes.Osinski',\n    password: 's3cret'\n  }\n}).then(response => {\n  expect(response.status).to.eq(200);\n});\n// изменение данных пользователя\ncy.request({\n  method: 'PATCH',\n  url: 'http://localhost:3001/users/M1ty1gR8B3',\n  body: {\n    id: 'M1ty1gR8B3',\n    firstName: 'Pavel',\n    lastName: 'QA',\n    email: 'pavel@test.com',\n    phoneNumber: '123-456-7890',\n    defaultPrivacyLevel: 'private'\n  }\n}).then(response => {\n  expect(response.status).to.eq(204);\n});\n// проверка измененных данных пользователя\ncy.request('GET', 'http://localhost:3001/users/M1ty1gR8B3').then(response => {\n  expect(response.status).to.eq(200);\n  expect(response.body.user.firstName).to.eq('Pavel');\n  expect(response.body.user.lastName).to.eq('QA');\n  expect(response.body.user.email).to.eq('pavel@test.com');\n  expect(response.body.user.phoneNumber).to.eq('123-456-7890');\n});",
          "err": {},
          "uuid": "b4ba88a4-49df-4c56-a995-e3f3e2e13236",
          "parentUUID": "a6813ee7-98b5-4438-a0dc-bc2199dddd20",
          "isHook": false,
          "skipped": false
        },
        {
          "title": "2. should update user profile First name empty",
          "fullTitle": "2. should update user profile First name empty",
          "timedOut": null,
          "duration": 160,
          "state": "passed",
          "speed": "fast",
          "pass": true,
          "fail": false,
          "pending": false,
          "context": null,
          "code": "cy.task('db:seed');\n// логин пользователя через API\ncy.request({\n  method: 'POST',\n  url: 'http://localhost:3001/login',\n  failOnStatusCode: false,\n  body: {\n    username: 'Reyes.Osinski',\n    password: 's3cret'\n  }\n});\n// изменение данных пользователя через API\ncy.request({\n  method: 'PATCH',\n  url: 'http://localhost:3001/users/M1ty1gR8B3',\n  body: {\n    id: 'M1ty1gR8B3',\n    firstName: '',\n    lastName: 'QA',\n    email: 'pavel@test.com',\n    phoneNumber: '123-456-7890',\n    defaultPrivacyLevel: 'private'\n  }\n}).then(response => {\n  expect(response.status).to.eq(204);\n});\n// проверка измененных данных пользователя через API\ncy.request('GET', 'http://localhost:3001/users/M1ty1gR8B3').then(response => {\n  expect(response.status).to.eq(200);\n  expect(response.body.user.firstName).to.eq('');\n  expect(response.body.user.lastName).to.eq('QA');\n  expect(response.body.user.email).to.eq('pavel@test.com');\n  expect(response.body.user.phoneNumber).to.eq('123-456-7890');\n});",
          "err": {},
          "uuid": "a406357d-301b-41bc-aa1a-2fc6c4adc667",
          "parentUUID": "a6813ee7-98b5-4438-a0dc-bc2199dddd20",
          "isHook": false,
          "skipped": false
        },
        {
          "title": "3.should update user profile Last name empty",
          "fullTitle": "3.should update user profile Last name empty",
          "timedOut": null,
          "duration": 162,
          "state": "passed",
          "speed": "fast",
          "pass": true,
          "fail": false,
          "pending": false,
          "context": null,
          "code": "cy.task('db:seed');\n// логин пользователя через API\ncy.request({\n  method: 'POST',\n  url: 'http://localhost:3001/login',\n  failOnStatusCode: false,\n  body: {\n    username: 'Reyes.Osinski',\n    password: 's3cret'\n  }\n});\n// изменение данных пользователя через API\ncy.request({\n  method: 'PATCH',\n  url: 'http://localhost:3001/users/M1ty1gR8B3',\n  body: {\n    id: 'M1ty1gR8B3',\n    firstName: 'Pavel',\n    lastName: '',\n    email: 'pavel@test.com',\n    phoneNumber: '123-456-7890',\n    defaultPrivacyLevel: 'private'\n  }\n}).then(response => {\n  expect(response.status).to.eq(204);\n});\n// проверка измененных данных пользователя через API\ncy.request('GET', 'http://localhost:3001/users/M1ty1gR8B3').then(response => {\n  expect(response.status).to.eq(200);\n  expect(response.body.user.firstName).to.eq('Pavel');\n  expect(response.body.user.lastName).to.eq('');\n  expect(response.body.user.email).to.eq('pavel@test.com');\n  expect(response.body.user.phoneNumber).to.eq('123-456-7890');\n});",
          "err": {},
          "uuid": "f2d46d3a-aa25-4320-a873-58c9cfc8d74a",
          "parentUUID": "a6813ee7-98b5-4438-a0dc-bc2199dddd20",
          "isHook": false,
          "skipped": false
        },
        {
          "title": "4. should update user profile email empty",
          "fullTitle": "4. should update user profile email empty",
          "timedOut": null,
          "duration": 166,
          "state": "passed",
          "speed": "fast",
          "pass": true,
          "fail": false,
          "pending": false,
          "context": null,
          "code": "cy.task('db:seed');\n// логин пользователя через API\ncy.request({\n  method: 'POST',\n  url: 'http://localhost:3001/login',\n  failOnStatusCode: false,\n  body: {\n    username: 'Reyes.Osinski',\n    password: 's3cret'\n  }\n});\n// изменение данных пользователя\ncy.request({\n  method: 'PATCH',\n  url: 'http://localhost:3001/users/M1ty1gR8B3',\n  body: {\n    id: 'M1ty1gR8B3',\n    firstName: 'Pavel',\n    lastName: 'QA',\n    email: '',\n    phoneNumber: '123-456-7890',\n    defaultPrivacyLevel: 'private'\n  }\n}).then(response => {\n  expect(response.status).to.eq(204);\n});\n// проверка измененных данных пользователя\ncy.request('GET', 'http://localhost:3001/users/M1ty1gR8B3').then(response => {\n  expect(response.status).to.eq(200);\n  expect(response.body.user.firstName).to.eq('Pavel');\n  expect(response.body.user.lastName).to.eq('QA');\n  expect(response.body.user.email).to.eq('');\n  expect(response.body.user.phoneNumber).to.eq('123-456-7890');\n});",
          "err": {},
          "uuid": "62db9c3a-5853-4597-9039-c94502e7a7ca",
          "parentUUID": "a6813ee7-98b5-4438-a0dc-bc2199dddd20",
          "isHook": false,
          "skipped": false
        },
        {
          "title": "5. should update user profile phoneNumber empty",
          "fullTitle": "5. should update user profile phoneNumber empty",
          "timedOut": null,
          "duration": 192,
          "state": "passed",
          "speed": "fast",
          "pass": true,
          "fail": false,
          "pending": false,
          "context": null,
          "code": "cy.task('db:seed');\n// логин пользователя через API\ncy.request({\n  method: 'POST',\n  url: 'http://localhost:3001/login',\n  failOnStatusCode: false,\n  body: {\n    username: 'Reyes.Osinski',\n    password: 's3cret'\n  }\n});\n// изменение данных пользователя\ncy.request({\n  method: 'PATCH',\n  url: 'http://localhost:3001/users/M1ty1gR8B3',\n  body: {\n    id: 'M1ty1gR8B3',\n    firstName: 'Pavel',\n    lastName: 'QA',\n    email: 'pavel@test.com',\n    phoneNumber: '',\n    defaultPrivacyLevel: 'private'\n  }\n}).then(response => {\n  expect(response.status).to.eq(204);\n});\n// проверка измененных данных пользователя \ncy.request('GET', 'http://localhost:3001/users/M1ty1gR8B3').then(response => {\n  expect(response.status).to.eq(200);\n  expect(response.body.user.firstName).to.eq('Pavel');\n  expect(response.body.user.lastName).to.eq('QA');\n  expect(response.body.user.email).to.eq('pavel@test.com');\n  expect(response.body.user.phoneNumber).to.eq('');\n});",
          "err": {},
          "uuid": "7805df6b-d7a3-4942-a166-c714f0769ccd",
          "parentUUID": "a6813ee7-98b5-4438-a0dc-bc2199dddd20",
          "isHook": false,
          "skipped": false
        },
        {
          "title": "6. should update user profile email invalid",
          "fullTitle": "6. should update user profile email invalid",
          "timedOut": null,
          "duration": 202,
          "state": "passed",
          "speed": "fast",
          "pass": true,
          "fail": false,
          "pending": false,
          "context": null,
          "code": "cy.task('db:seed');\n// логин пользователя через API\ncy.request({\n  method: 'POST',\n  url: 'http://localhost:3001/login',\n  failOnStatusCode: false,\n  body: {\n    username: 'Reyes.Osinski',\n    password: 's3cret'\n  }\n});\n// изменение данных пользователя через API\ncy.request({\n  method: 'PATCH',\n  url: 'http://localhost:3001/users/M1ty1gR8B3',\n  body: {\n    id: 'M1ty1gR8B3',\n    firstName: 'Pavel',\n    lastName: 'QA',\n    email: 'paveltest.com',\n    phoneNumber: '123-456-7890',\n    defaultPrivacyLevel: 'private'\n  }\n}).then(response => {\n  expect(response.status).to.eq(204);\n});\n// проверка измененных данных пользователя через API\ncy.request('GET', 'http://localhost:3001/users/M1ty1gR8B3').then(response => {\n  expect(response.status).to.eq(200);\n  expect(response.body.user.firstName).to.eq('Pavel');\n  expect(response.body.user.lastName).to.eq('QA');\n  expect(response.body.user.email).to.eq('paveltest.com');\n  expect(response.body.user.phoneNumber).to.eq('123-456-7890');\n});",
          "err": {},
          "uuid": "cc3fc08d-7982-45a1-9d51-0988c1aea3e2",
          "parentUUID": "a6813ee7-98b5-4438-a0dc-bc2199dddd20",
          "isHook": false,
          "skipped": false
        },
        {
          "title": "7. should update user profile phoneNumber invalid",
          "fullTitle": "7. should update user profile phoneNumber invalid",
          "timedOut": null,
          "duration": 159,
          "state": "passed",
          "speed": "fast",
          "pass": true,
          "fail": false,
          "pending": false,
          "context": null,
          "code": "cy.task('db:seed');\n// логин пользователя через API\ncy.request({\n  method: 'POST',\n  url: 'http://localhost:3001/login',\n  failOnStatusCode: false,\n  body: {\n    username: 'Reyes.Osinski',\n    password: 's3cret'\n  }\n});\n// изменение данных пользователя через API\ncy.request({\n  method: 'PATCH',\n  url: 'http://localhost:3001/users/M1ty1gR8B3',\n  body: {\n    id: 'M1ty1gR8B3',\n    firstName: 'Pavel',\n    lastName: 'QA',\n    email: 'pavel@test.com',\n    phoneNumber: '123-456-7890-515145',\n    defaultPrivacyLevel: 'private'\n  }\n}).then(response => {\n  expect(response.status).to.eq(204);\n});\n// проверка измененных данных пользователя через API\ncy.request('GET', 'http://localhost:3001/users/M1ty1gR8B3').then(response => {\n  expect(response.status).to.eq(200);\n  expect(response.body.user.firstName).to.eq('Pavel');\n  expect(response.body.user.lastName).to.eq('QA');\n  expect(response.body.user.email).to.eq('pavel@test.com');\n  expect(response.body.user.phoneNumber).to.eq('123-456-7890-515145');\n});",
          "err": {},
          "uuid": "e39a5843-a7ff-49de-9993-5ff2713069f7",
          "parentUUID": "a6813ee7-98b5-4438-a0dc-bc2199dddd20",
          "isHook": false,
          "skipped": false
        },
        {
          "title": "8. should update another users profile via API",
          "fullTitle": "8. should update another users profile via API",
          "timedOut": null,
          "duration": 155,
          "state": "passed",
          "speed": "fast",
          "pass": true,
          "fail": false,
          "pending": false,
          "context": null,
          "code": "cy.task('db:seed');\ncy.request({\n  method: 'POST',\n  url: 'http://localhost:3001/login',\n  body: {\n    username: 'Reyes.Osinski',\n    password: 's3cret'\n  }\n}).then(loginResponse => {\n  cy.log(loginResponse.body.user.id);\n  cy.request({\n    method: 'PATCH',\n    url: 'http://localhost:3001/users/uBmeaz5pX',\n    failOnStatusCode: false,\n    body: {\n      id: 'uBmeaz5pX',\n      firstName: 'Pavel123',\n      lastName: 'QA',\n      email: 'pavel@test.com',\n      phoneNumber: '123-456-7890',\n      defaultPrivacyLevel: 'private'\n    }\n  }).then(patchResponse => {\n    cy.log(`PATCH status: ${patchResponse.status}`);\n  });\n});\ncy.request({\n  method: 'GET',\n  url: 'http://localhost:3001/users/uBmeaz5pX',\n  failOnStatusCode: false\n}).then(response => {\n  cy.log(`GET status: ${response.status}`);\n  cy.log(JSON.stringify(response.body));\n});",
          "err": {},
          "uuid": "4981d2a0-b980-48f7-b9cc-9ee41181f169",
          "parentUUID": "a6813ee7-98b5-4438-a0dc-bc2199dddd20",
          "isHook": false,
          "skipped": false
        },
        {
          "title": "9. should not update user profile without authentication",
          "fullTitle": "9. should not update user profile without authentication",
          "timedOut": null,
          "duration": 50,
          "state": "passed",
          "speed": "fast",
          "pass": true,
          "fail": false,
          "pending": false,
          "context": null,
          "code": "cy.task('db:seed');\n// попытка изменить данные пользователя без авторизации\ncy.request({\n  method: 'PATCH',\n  url: 'http://localhost:3001/users/M1ty1gR8B3',\n  failOnStatusCode: false,\n  body: {\n    id: 'M1ty1gR8B3',\n    firstName: 'Pavel',\n    lastName: 'QA',\n    email: 'pavel@test.com',\n    phoneNumber: '123-456-7890',\n    defaultPrivacyLevel: 'private'\n  }\n}).then(response => {\n  expect(response.status).to.eq(401);\n  expect(response.body.error).to.eq('Unauthorized');\n});",
          "err": {},
          "uuid": "43a12c45-acd5-4c6f-984f-596fb4126dab",
          "parentUUID": "a6813ee7-98b5-4438-a0dc-bc2199dddd20",
          "isHook": false,
          "skipped": false
        },
        {
          "title": "10. should not update user profile without request body",
          "fullTitle": "10. should not update user profile without request body",
          "timedOut": null,
          "duration": 148,
          "state": "passed",
          "speed": "fast",
          "pass": true,
          "fail": false,
          "pending": false,
          "context": null,
          "code": "cy.task('db:seed');\n// логин\ncy.request({\n  method: 'POST',\n  url: 'http://localhost:3001/login',\n  failOnStatusCode: false,\n  body: {\n    username: 'Reyes.Osinski',\n    password: 's3cret'\n  }\n});\n// попытка изменить данные пользователя\ncy.request({\n  method: 'PATCH',\n  url: 'http://localhost:3001/users/M1ty1gR8B3',\n  failOnStatusCode: false\n}).then(response => {\n  expect(response.status).to.eq(422);\n  expect(response.body.errors[0].param).to.eq('_error');\n});\n// проверка что данные пользователя не изменились\ncy.request('GET', 'http://localhost:3001/users/M1ty1gR8B3').then(response => {\n  expect(response.status).to.eq(200);\n  expect(response.body.user.firstName).to.eq('Ruthie');\n  expect(response.body.user.lastName).to.eq('Prosacco');\n  expect(response.body.user.email).to.eq('Norma27@gmail.com');\n  expect(response.body.user.phoneNumber).to.eq('467-316-5352');\n});",
          "err": {},
          "uuid": "3219c63c-2451-4170-87d6-a2b5fb1ad0bb",
          "parentUUID": "a6813ee7-98b5-4438-a0dc-bc2199dddd20",
          "isHook": false,
          "skipped": false
        },
        {
          "title": "11. should update user profile using id from URL",
          "fullTitle": "11. should update user profile using id from URL",
          "timedOut": null,
          "duration": 155,
          "state": "passed",
          "speed": "fast",
          "pass": true,
          "fail": false,
          "pending": false,
          "context": null,
          "code": "cy.task('db:seed');\n// логин пользователя\ncy.request({\n  method: 'POST',\n  url: 'http://localhost:3001/login',\n  failOnStatusCode: false,\n  body: {\n    username: 'Reyes.Osinski',\n    password: 's3cret'\n  }\n});\n// // изменение данных пользователя без передачи id в теле запроса\ncy.request({\n  method: 'PATCH',\n  url: 'http://localhost:3001/users/M1ty1gR8B3',\n  body: {\n    firstName: 'Pavel',\n    lastName: 'QA',\n    email: 'pavel@test.com',\n    phoneNumber: '123-456-7890',\n    defaultPrivacyLevel: 'private'\n  }\n}).then(response => {\n  expect(response.status).to.eq(204);\n});\n// проверка измененных данных пользователя\ncy.request('GET', 'http://localhost:3001/users/M1ty1gR8B3').then(response => {\n  expect(response.status).to.eq(200);\n  expect(response.body.user.firstName).to.eq('Pavel');\n  expect(response.body.user.lastName).to.eq('QA');\n  expect(response.body.user.email).to.eq('pavel@test.com');\n  expect(response.body.user.phoneNumber).to.eq('123-456-7890');\n});",
          "err": {},
          "uuid": "ae583eb8-f5c7-4c21-b6c4-264031ed3418",
          "parentUUID": "a6813ee7-98b5-4438-a0dc-bc2199dddd20",
          "isHook": false,
          "skipped": false
        }
      ],
      "suites": [],
      "passes": [
        "b4ba88a4-49df-4c56-a995-e3f3e2e13236",
        "a406357d-301b-41bc-aa1a-2fc6c4adc667",
        "f2d46d3a-aa25-4320-a873-58c9cfc8d74a",
        "62db9c3a-5853-4597-9039-c94502e7a7ca",
        "7805df6b-d7a3-4942-a166-c714f0769ccd",
        "cc3fc08d-7982-45a1-9d51-0988c1aea3e2",
        "e39a5843-a7ff-49de-9993-5ff2713069f7",
        "4981d2a0-b980-48f7-b9cc-9ee41181f169",
        "43a12c45-acd5-4c6f-984f-596fb4126dab",
        "3219c63c-2451-4170-87d6-a2b5fb1ad0bb",
        "ae583eb8-f5c7-4c21-b6c4-264031ed3418"
      ],
      "failures": [],
      "pending": [],
      "skipped": [],
      "duration": 1754,
      "root": true,
      "rootEmpty": false,
      "_timeout": 2000
    },
    {
      "uuid": "4b96f155-a04c-4879-90b9-12c9992c2379",
      "title": "",
      "fullFile": "cypress\\tests\\paveltests\\API\\notificationAPI.spec.js",
      "file": "cypress\\tests\\paveltests\\API\\notificationAPI.spec.js",
      "beforeHooks": [],
      "afterHooks": [],
      "tests": [
        {
          "title": "1. should mark notification as read",
          "fullTitle": "1. should mark notification as read",
          "timedOut": null,
          "duration": 211,
          "state": "passed",
          "speed": "fast",
          "pass": true,
          "fail": false,
          "pending": false,
          "context": null,
          "code": "cy.task('db:seed');\n// авторизация\ncy.request({\n  method: 'POST',\n  url: 'http://localhost:3001/login',\n  body: {\n    username: 'Reyes.Osinski',\n    password: 's3cret'\n  }\n}).then(response => {\n  expect(response.status).to.eq(200);\n});\n// получение списка уведомлений и пометка одного как прочитанное\nlet notificationId;\ncy.request('GET', 'http://localhost:3001/notifications').then(response => {\n  expect(response.status).to.eq(200);\n  notificationId = response.body.results[0].id;\n  cy.log(notificationId);\n  cy.request({\n    method: 'PATCH',\n    url: `http://localhost:3001/notifications/${notificationId}`,\n    body: {\n      id: notificationId,\n      isRead: true\n    }\n  }).then(response => {\n    expect(response.status).to.eq(204);\n  });\n});\n// Повторное получение списка уведомлений и проверка что первого id уведомлений больше нет\ncy.request('GET', 'http://localhost:3001/notifications').then(response => {\n  expect(response.status).to.eq(200);\n  expect(response.body.results.some(item => item.id === notificationId)).to.be.false;\n  notificationId = response.body.results[0].id;\n});",
          "err": {},
          "uuid": "3254bbef-3a76-41f8-8132-7317fda49cb3",
          "parentUUID": "4b96f155-a04c-4879-90b9-12c9992c2379",
          "isHook": false,
          "skipped": false
        },
        {
          "title": "2. should handle marking a non-existent notification as read",
          "fullTitle": "2. should handle marking a non-existent notification as read",
          "timedOut": null,
          "duration": 145,
          "state": "passed",
          "speed": "fast",
          "pass": true,
          "fail": false,
          "pending": false,
          "context": null,
          "code": "cy.task('db:seed');\n// авторизация\ncy.request({\n  method: 'POST',\n  url: 'http://localhost:3001/login',\n  body: {\n    username: 'Reyes.Osinski',\n    password: 's3cret'\n  }\n}).then(response => {\n  expect(response.status).to.eq(200);\n});\n// попытка пометить несуществующее уведомление как прочитанное\ncy.request({\n  method: 'PATCH',\n  url: `http://localhost:3001/notifications/123456`,\n  body: {\n    id: 123456,\n    isRead: true\n  }\n}).then(response => {\n  expect(response.status).to.eq(204);\n});",
          "err": {},
          "uuid": "c64696b1-766a-4a04-bae8-eabd98849f89",
          "parentUUID": "4b96f155-a04c-4879-90b9-12c9992c2379",
          "isHook": false,
          "skipped": false
        }
      ],
      "suites": [],
      "passes": [
        "3254bbef-3a76-41f8-8132-7317fda49cb3",
        "c64696b1-766a-4a04-bae8-eabd98849f89"
      ],
      "failures": [],
      "pending": [],
      "skipped": [],
      "duration": 356,
      "root": true,
      "rootEmpty": false,
      "_timeout": 2000
    },
    {
      "uuid": "c0deb5f8-773d-447a-8d88-002a88074b4a",
      "title": "",
      "fullFile": "cypress\\tests\\paveltests\\API\\requestAPI.spec.js",
      "file": "cypress\\tests\\paveltests\\API\\requestAPI.spec.js",
      "beforeHooks": [],
      "afterHooks": [],
      "tests": [
        {
          "title": "1. should create a new money request",
          "fullTitle": "1. should create a new money request",
          "timedOut": null,
          "duration": 210,
          "state": "passed",
          "speed": "fast",
          "pass": true,
          "fail": false,
          "pending": false,
          "context": null,
          "code": "let senderId;\nlet receiverId;\ncy.task('db:seed');\n// авторизация через API + добавил const id пользователя\ncy.request({\n  method: 'POST',\n  url: 'http://localhost:3001/login',\n  body: {\n    username: 'Reyes.Osinski',\n    password: 's3cret'\n  }\n}).then(response => {\n  senderId = response.body.user.id;\n  cy.log(senderId);\n});\n// Получение id users и запись в const \ncy.request({\n  method: 'GET',\n  url: 'http://localhost:3001/users'\n}).then(response => {\n  const user = response.body.results.find(user => user.firstName === 'Ted');\n  receiverId = user.id;\n  // Создание запроса\n  cy.request({\n    method: 'POST',\n    url: 'http://localhost:3001/transactions',\n    body: {\n      senderId: senderId,\n      receiverId: receiverId,\n      amount: 100,\n      description: 'Other',\n      transactionType: \"request\"\n    }\n  }).then(response => {\n    expect(response.status).to.eq(200);\n    expect(response.body.transaction.id).to.exist;\n    expect(response.body.transaction.senderId).to.eq(senderId);\n    expect(response.body.transaction.receiverId).to.eq(receiverId);\n    expect(response.body.transaction.amount).to.eq(10000);\n    expect(response.body.transaction.status).to.eq('pending');\n  });\n});",
          "err": {},
          "uuid": "1637a189-6c84-4c3c-b2bc-9390e300f18b",
          "parentUUID": "c0deb5f8-773d-447a-8d88-002a88074b4a",
          "isHook": false,
          "skipped": false
        },
        {
          "title": "2. should handle creating a new money request with empty amount",
          "fullTitle": "2. should handle creating a new money request with empty amount",
          "timedOut": null,
          "duration": 160,
          "state": "passed",
          "speed": "fast",
          "pass": true,
          "fail": false,
          "pending": false,
          "context": null,
          "code": "let senderId;\nlet receiverId;\ncy.task('db:seed');\n// авторизация\ncy.request({\n  method: 'POST',\n  url: 'http://localhost:3001/login',\n  body: {\n    username: 'Reyes.Osinski',\n    password: 's3cret'\n  }\n}).then(response => {\n  senderId = response.body.user.id;\n  cy.log(senderId);\n});\n// Получение id users и запись в const \ncy.request({\n  method: 'GET',\n  url: 'http://localhost:3001/users'\n}).then(response => {\n  const user = response.body.results.find(user => user.firstName === 'Ted');\n  receiverId = user.id;\n  // Создание запроса\n  cy.request({\n    method: 'POST',\n    url: 'http://localhost:3001/transactions',\n    failOnStatusCode: false,\n    body: {\n      senderId: senderId,\n      receiverId: receiverId,\n      amount: '',\n      description: 'Other',\n      transactionType: \"request\"\n    }\n  }).then(response => {\n    expect(response.status).to.eq(422);\n    expect(response.body.errors).to.have.length(1);\n    expect(response.body.errors[0].param).to.eq('amount');\n    expect(response.body.errors[0].msg).to.eq('Invalid value');\n    expect(response.body.errors[0].location).to.eq('body');\n    cy.log(JSON.stringify(response.body));\n  });\n});",
          "err": {},
          "uuid": "2d1d9c58-b27f-4bf1-a8fa-9c9a04e79349",
          "parentUUID": "c0deb5f8-773d-447a-8d88-002a88074b4a",
          "isHook": false,
          "skipped": false
        },
        {
          "title": "3. should handle creating a new money request with empty description",
          "fullTitle": "3. should handle creating a new money request with empty description",
          "timedOut": null,
          "duration": 210,
          "state": "passed",
          "speed": "fast",
          "pass": true,
          "fail": false,
          "pending": false,
          "context": null,
          "code": "let senderId;\nlet receiverId;\ncy.task('db:seed');\n// авторизация через API + добавил const id пользователя\ncy.request({\n  method: 'POST',\n  url: 'http://localhost:3001/login',\n  body: {\n    username: 'Reyes.Osinski',\n    password: 's3cret'\n  }\n}).then(response => {\n  senderId = response.body.user.id;\n  cy.log(senderId);\n});\n// Получение id users и запись в const \ncy.request({\n  method: 'GET',\n  url: 'http://localhost:3001/users'\n}).then(response => {\n  const user = response.body.results.find(user => user.firstName === 'Ted');\n  receiverId = user.id;\n  // Создание запроса\n  cy.request({\n    method: 'POST',\n    url: 'http://localhost:3001/transactions',\n    failOnStatusCode: false,\n    body: {\n      senderId: senderId,\n      receiverId: receiverId,\n      amount: 300,\n      description: '',\n      transactionType: \"request\"\n    }\n  }).then(response => {\n    expect(response.status).to.eq(200);\n    expect(response.body.transaction.id).to.exist;\n    expect(response.body.transaction.senderId).to.eq(senderId);\n    expect(response.body.transaction.receiverId).to.eq(receiverId);\n    expect(response.body.transaction.amount).to.eq(30000);\n    expect(response.body.transaction.status).to.eq('pending');\n    expect(response.body.transaction.description).to.eq('');\n    cy.log(JSON.stringify(response.body));\n  });\n});",
          "err": {},
          "uuid": "0c900b14-5104-45e6-bf25-9cff1e9f262a",
          "parentUUID": "c0deb5f8-773d-447a-8d88-002a88074b4a",
          "isHook": false,
          "skipped": false
        },
        {
          "title": "4. should handle creating a new money request with description containing only spaces",
          "fullTitle": "4. should handle creating a new money request with description containing only spaces",
          "timedOut": null,
          "duration": 167,
          "state": "passed",
          "speed": "fast",
          "pass": true,
          "fail": false,
          "pending": false,
          "context": null,
          "code": "let senderId;\nlet receiverId;\ncy.task('db:seed');\n// авторизация через API + добавил const id пользователя\ncy.request({\n  method: 'POST',\n  url: 'http://localhost:3001/login',\n  body: {\n    username: 'Reyes.Osinski',\n    password: 's3cret'\n  }\n}).then(response => {\n  senderId = response.body.user.id;\n  cy.log(senderId);\n});\n// Получение id users и запись в const \ncy.request({\n  method: 'GET',\n  url: 'http://localhost:3001/users'\n}).then(response => {\n  const user = response.body.results.find(user => user.firstName === 'Ted');\n  receiverId = user.id;\n  // Создание запроса \n  cy.request({\n    method: 'POST',\n    url: 'http://localhost:3001/transactions',\n    failOnStatusCode: false,\n    body: {\n      senderId: senderId,\n      receiverId: receiverId,\n      amount: 300,\n      description: '  ',\n      transactionType: \"request\"\n    }\n  }).then(response => {\n    expect(response.status).to.eq(200);\n    expect(response.body.transaction.id).to.exist;\n    expect(response.body.transaction.senderId).to.eq(senderId);\n    expect(response.body.transaction.receiverId).to.eq(receiverId);\n    expect(response.body.transaction.amount).to.eq(30000);\n    expect(response.body.transaction.status).to.eq('pending');\n    // API автоматически удаляет пробелы и сохраняет пустую строку\n    expect(response.body.transaction.description).to.eq('');\n    cy.log(JSON.stringify(response.body));\n  });\n});",
          "err": {},
          "uuid": "65146b2c-3089-4527-a01c-e73cced8a19d",
          "parentUUID": "c0deb5f8-773d-447a-8d88-002a88074b4a",
          "isHook": false,
          "skipped": false
        },
        {
          "title": "5. should handle creating a new money request with large amount",
          "fullTitle": "5. should handle creating a new money request with large amount",
          "timedOut": null,
          "duration": 163,
          "state": "passed",
          "speed": "fast",
          "pass": true,
          "fail": false,
          "pending": false,
          "context": null,
          "code": "let senderId;\nlet receiverId;\ncy.task('db:seed');\n// авторизация через API + добавил const id пользователя\ncy.request({\n  method: 'POST',\n  url: 'http://localhost:3001/login',\n  body: {\n    username: 'Reyes.Osinski',\n    password: 's3cret'\n  }\n}).then(response => {\n  senderId = response.body.user.id;\n  cy.log(senderId);\n});\n// Получение id users и запись в const \ncy.request({\n  method: 'GET',\n  url: 'http://localhost:3001/users'\n}).then(response => {\n  const user = response.body.results.find(user => user.firstName === 'Ted');\n  receiverId = user.id;\n  // Создание транзакции \n  cy.request({\n    method: 'POST',\n    url: 'http://localhost:3001/transactions',\n    failOnStatusCode: false,\n    body: {\n      senderId: senderId,\n      receiverId: receiverId,\n      amount: 3000000000000000,\n      description: 'Other',\n      transactionType: \"request\"\n    }\n  }).then(response => {\n    expect(response.status).to.eq(200);\n    expect(response.body.transaction.id).to.exist;\n    expect(response.body.transaction.senderId).to.eq(senderId);\n    expect(response.body.transaction.receiverId).to.eq(receiverId);\n    expect(response.body.transaction.amount).to.eq(300000000000000000);\n    expect(response.body.transaction.status).to.eq('pending');\n    cy.log(JSON.stringify(response.body));\n  });\n});",
          "err": {},
          "uuid": "712aaf9f-41c9-4c17-91b8-52ea0997a197",
          "parentUUID": "c0deb5f8-773d-447a-8d88-002a88074b4a",
          "isHook": false,
          "skipped": false
        },
        {
          "title": "6. should handle creating a new money request with negative amount",
          "fullTitle": "6. should handle creating a new money request with negative amount",
          "timedOut": null,
          "duration": 168,
          "state": "passed",
          "speed": "fast",
          "pass": true,
          "fail": false,
          "pending": false,
          "context": null,
          "code": "let senderId;\nlet receiverId;\ncy.task('db:seed');\n// авторизация через API + добавил const id пользователя\ncy.request({\n  method: 'POST',\n  url: 'http://localhost:3001/login',\n  body: {\n    username: 'Reyes.Osinski',\n    password: 's3cret'\n  }\n}).then(response => {\n  senderId = response.body.user.id;\n  cy.log(senderId);\n});\n// Получение id users и запись в const \ncy.request({\n  method: 'GET',\n  url: 'http://localhost:3001/users'\n}).then(response => {\n  const user = response.body.results.find(user => user.firstName === 'Ted');\n  receiverId = user.id;\n  // Создание запроса\n  cy.request({\n    method: 'POST',\n    url: 'http://localhost:3001/transactions',\n    failOnStatusCode: false,\n    body: {\n      senderId: senderId,\n      receiverId: receiverId,\n      amount: -550,\n      description: 'Other',\n      transactionType: \"request\"\n    }\n  }).then(response => {\n    expect(response.status).to.eq(200);\n    expect(response.body.transaction.id).to.exist;\n    expect(response.body.transaction.senderId).to.eq(senderId);\n    expect(response.body.transaction.receiverId).to.eq(receiverId);\n    expect(response.body.transaction.amount).to.eq(-55000);\n    expect(response.body.transaction.status).to.eq('pending');\n    cy.log(JSON.stringify(response.body));\n  });\n});",
          "err": {},
          "uuid": "e098590a-e3a3-42c8-a09c-a07d49321264",
          "parentUUID": "c0deb5f8-773d-447a-8d88-002a88074b4a",
          "isHook": false,
          "skipped": false
        },
        {
          "title": "7. should handle creating a new money request with decimal amount 55.33",
          "fullTitle": "7. should handle creating a new money request with decimal amount 55.33",
          "timedOut": null,
          "duration": 163,
          "state": "passed",
          "speed": "fast",
          "pass": true,
          "fail": false,
          "pending": false,
          "context": null,
          "code": "let senderId;\nlet receiverId;\ncy.task('db:seed');\n// авторизация через API + добавил const id пользователя\ncy.request({\n  method: 'POST',\n  url: 'http://localhost:3001/login',\n  body: {\n    username: 'Reyes.Osinski',\n    password: 's3cret'\n  }\n}).then(response => {\n  senderId = response.body.user.id;\n  cy.log(senderId);\n});\n// Получение id users и запись в const \ncy.request({\n  method: 'GET',\n  url: 'http://localhost:3001/users'\n}).then(response => {\n  const user = response.body.results.find(user => user.firstName === 'Ted');\n  receiverId = user.id;\n  // Создание запроса\n  cy.request({\n    method: 'POST',\n    url: 'http://localhost:3001/transactions',\n    failOnStatusCode: false,\n    body: {\n      senderId: senderId,\n      receiverId: receiverId,\n      amount: 55.33,\n      description: 'Other',\n      transactionType: \"request\"\n    }\n  }).then(response => {\n    expect(response.status).to.eq(200);\n    expect(response.body.transaction.id).to.exist;\n    expect(response.body.transaction.senderId).to.eq(senderId);\n    expect(response.body.transaction.receiverId).to.eq(receiverId);\n    expect(response.body.transaction.amount).to.eq(5500);\n    expect(response.body.transaction.status).to.eq('pending');\n    cy.log(JSON.stringify(response.body));\n  });\n});",
          "err": {},
          "uuid": "bec147a9-4ad9-4012-8f82-b2999a427992",
          "parentUUID": "c0deb5f8-773d-447a-8d88-002a88074b4a",
          "isHook": false,
          "skipped": false
        },
        {
          "title": "8. should handle creating a new money request with decimal amount 55.01",
          "fullTitle": "8. should handle creating a new money request with decimal amount 55.01",
          "timedOut": null,
          "duration": 162,
          "state": "passed",
          "speed": "fast",
          "pass": true,
          "fail": false,
          "pending": false,
          "context": null,
          "code": "let senderId;\nlet receiverId;\ncy.task('db:seed');\n// авторизация через API + добавил const id пользователя\ncy.request({\n  method: 'POST',\n  url: 'http://localhost:3001/login',\n  body: {\n    username: 'Reyes.Osinski',\n    password: 's3cret'\n  }\n}).then(response => {\n  senderId = response.body.user.id;\n  cy.log(senderId);\n});\n// Получение id users и запись в const \ncy.request({\n  method: 'GET',\n  url: 'http://localhost:3001/users'\n}).then(response => {\n  const user = response.body.results.find(user => user.firstName === 'Ted');\n  receiverId = user.id;\n  // Создание запроса\n  cy.request({\n    method: 'POST',\n    url: 'http://localhost:3001/transactions',\n    failOnStatusCode: false,\n    body: {\n      senderId: senderId,\n      receiverId: receiverId,\n      amount: 55.01,\n      description: 'Other',\n      transactionType: \"request\"\n    }\n  }).then(response => {\n    expect(response.status).to.eq(200);\n    expect(response.body.transaction.id).to.exist;\n    expect(response.body.transaction.senderId).to.eq(senderId);\n    expect(response.body.transaction.receiverId).to.eq(receiverId);\n    expect(response.body.transaction.amount).to.eq(5500);\n    expect(response.body.transaction.status).to.eq('pending');\n    cy.log(JSON.stringify(response.body));\n  });\n});",
          "err": {},
          "uuid": "7433bf38-475f-4f45-8fc7-698352b44739",
          "parentUUID": "c0deb5f8-773d-447a-8d88-002a88074b4a",
          "isHook": false,
          "skipped": false
        },
        {
          "title": "9. should handle creating a new money request with amount 55.99",
          "fullTitle": "9. should handle creating a new money request with amount 55.99",
          "timedOut": null,
          "duration": 166,
          "state": "passed",
          "speed": "fast",
          "pass": true,
          "fail": false,
          "pending": false,
          "context": null,
          "code": "let senderId;\nlet receiverId;\ncy.task('db:seed');\n// авторизация через API + добавил const id пользователя\ncy.request({\n  method: 'POST',\n  url: 'http://localhost:3001/login',\n  body: {\n    username: 'Reyes.Osinski',\n    password: 's3cret'\n  }\n}).then(response => {\n  senderId = response.body.user.id;\n  cy.log(senderId);\n});\n// Получение id users и запись в const \ncy.request({\n  method: 'GET',\n  url: 'http://localhost:3001/users'\n}).then(response => {\n  const user = response.body.results.find(user => user.firstName === 'Ted');\n  receiverId = user.id;\n  // Создание запроса\n  cy.request({\n    method: 'POST',\n    url: 'http://localhost:3001/transactions',\n    failOnStatusCode: false,\n    body: {\n      senderId: senderId,\n      receiverId: receiverId,\n      amount: 55.99,\n      description: 'Other',\n      transactionType: \"request\"\n    }\n  }).then(response => {\n    expect(response.status).to.eq(200);\n    expect(response.body.transaction.id).to.exist;\n    expect(response.body.transaction.senderId).to.eq(senderId);\n    expect(response.body.transaction.receiverId).to.eq(receiverId);\n    expect(response.body.transaction.amount).to.eq(5500);\n    expect(response.body.transaction.status).to.eq('pending');\n    cy.log(JSON.stringify(response.body));\n  });\n});",
          "err": {},
          "uuid": "00a1425a-1d78-419a-9afe-c6a26f85263c",
          "parentUUID": "c0deb5f8-773d-447a-8d88-002a88074b4a",
          "isHook": false,
          "skipped": false
        },
        {
          "title": "10. should handle creating a new money request for non-existing receiver",
          "fullTitle": "10. should handle creating a new money request for non-existing receiver",
          "timedOut": null,
          "duration": 201,
          "state": "passed",
          "speed": "fast",
          "pass": true,
          "fail": false,
          "pending": false,
          "context": null,
          "code": "let senderId;\ncy.task('db:seed');\n// авторизация через API + добавил const id пользователя\ncy.request({\n  method: 'POST',\n  url: 'http://localhost:3001/login',\n  body: {\n    username: 'Reyes.Osinski',\n    password: 's3cret'\n  }\n}).then(response => {\n  senderId = response.body.user.id;\n  cy.log(senderId);\n});\n// Создание транзакции \ncy.request({\n  method: 'POST',\n  url: 'http://localhost:3001/transactions',\n  failOnStatusCode: false,\n  body: {\n    senderId: senderId,\n    receiverId: 'Bmeaz5',\n    amount: 70,\n    description: 'Other',\n    transactionType: \"request\"\n  }\n}).then(response => {\n  expect(response.status).to.eq(200);\n  cy.log(JSON.stringify(response.body));\n});\n// Проверка запроса \ncy.request({\n  method: 'GET',\n  url: 'http://localhost:3001/transactions',\n  failOnStatusCode: false\n}).then(response => {\n  expect(response.status).to.eq(500);\n  cy.log(JSON.stringify(response.body));\n});",
          "err": {},
          "uuid": "72e4f605-dcd8-415a-98ec-66a679b4011a",
          "parentUUID": "c0deb5f8-773d-447a-8d88-002a88074b4a",
          "isHook": false,
          "skipped": false
        },
        {
          "title": "11. should handle creating a new money request to self",
          "fullTitle": "11. should handle creating a new money request to self",
          "timedOut": null,
          "duration": 144,
          "state": "passed",
          "speed": "fast",
          "pass": true,
          "fail": false,
          "pending": false,
          "context": null,
          "code": "let senderId;\ncy.task('db:seed');\n// авторизация через API + добавил const id пользователя\ncy.request({\n  method: 'POST',\n  url: 'http://localhost:3001/login',\n  body: {\n    username: 'Reyes.Osinski',\n    password: 's3cret'\n  }\n}).then(response => {\n  senderId = response.body.user.id;\n  cy.log(senderId);\n});\n// Создание запроса \ncy.request({\n  method: 'POST',\n  url: 'http://localhost:3001/transactions',\n  failOnStatusCode: false,\n  body: {\n    senderId: senderId,\n    receiverId: senderId,\n    amount: 70,\n    description: 'Other',\n    transactionType: \"request\"\n  }\n}).then(response => {\n  expect(response.status).to.eq(422);\n  expect(response.body.errors).to.have.length(1);\n  expect(response.body.errors[0].param).to.eq('receiverId');\n  expect(response.body.errors[0].msg).to.eq('Invalid value');\n  expect(response.body.errors[0].location).to.eq('body');\n  cy.log(JSON.stringify(response.body));\n});",
          "err": {},
          "uuid": "ef977c0b-44a8-4f57-8f07-c25f6225abb2",
          "parentUUID": "c0deb5f8-773d-447a-8d88-002a88074b4a",
          "isHook": false,
          "skipped": false
        },
        {
          "title": "12. should allow creating a money request with zero amount",
          "fullTitle": "12. should allow creating a money request with zero amount",
          "timedOut": null,
          "duration": 165,
          "state": "passed",
          "speed": "fast",
          "pass": true,
          "fail": false,
          "pending": false,
          "context": null,
          "code": "let senderId;\nlet receiverId;\ncy.task('db:seed');\n// авторизация через API + добавил const id пользователя\ncy.request({\n  method: 'POST',\n  url: 'http://localhost:3001/login',\n  body: {\n    username: 'Reyes.Osinski',\n    password: 's3cret'\n  }\n}).then(response => {\n  senderId = response.body.user.id;\n  cy.log(senderId);\n});\n// Получение id users и запись в const \ncy.request({\n  method: 'GET',\n  url: 'http://localhost:3001/users'\n}).then(response => {\n  const user = response.body.results.find(user => user.firstName === 'Ted');\n  receiverId = user.id;\n  // Создание запроса\n  cy.request({\n    method: 'POST',\n    url: 'http://localhost:3001/transactions',\n    failOnStatusCode: false,\n    body: {\n      senderId: senderId,\n      receiverId: receiverId,\n      amount: 0,\n      description: 'Other',\n      transactionType: \"request\"\n    }\n  }).then(response => {\n    expect(response.status).to.eq(200);\n    expect(response.body.transaction.id).to.exist;\n    expect(response.body.transaction.senderId).to.eq(senderId);\n    expect(response.body.transaction.receiverId).to.eq(receiverId);\n    expect(response.body.transaction.amount).to.eq(0);\n    expect(response.body.transaction.status).to.eq('pending');\n    cy.log(JSON.stringify(response.body));\n  });\n});",
          "err": {},
          "uuid": "f2019ba5-d42b-49fb-a593-45a633008a34",
          "parentUUID": "c0deb5f8-773d-447a-8d88-002a88074b4a",
          "isHook": false,
          "skipped": false
        },
        {
          "title": "13. should validate null amount when creating a money request",
          "fullTitle": "13. should validate null amount when creating a money request",
          "timedOut": null,
          "duration": 192,
          "state": "passed",
          "speed": "fast",
          "pass": true,
          "fail": false,
          "pending": false,
          "context": null,
          "code": "let senderId;\nlet receiverId;\ncy.task('db:seed');\n// авторизация через API + добавил const id пользователя\ncy.request({\n  method: 'POST',\n  url: 'http://localhost:3001/login',\n  body: {\n    username: 'Reyes.Osinski',\n    password: 's3cret'\n  }\n}).then(response => {\n  senderId = response.body.user.id;\n  cy.log(senderId);\n});\n// Получение id users и запись в const \ncy.request({\n  method: 'GET',\n  url: 'http://localhost:3001/users'\n}).then(response => {\n  const user = response.body.results.find(user => user.firstName === 'Ted');\n  receiverId = user.id;\n  // Создание запроса\n  cy.request({\n    method: 'POST',\n    url: 'http://localhost:3001/transactions',\n    failOnStatusCode: false,\n    body: {\n      senderId: senderId,\n      receiverId: receiverId,\n      amount: null,\n      description: 'Other',\n      transactionType: \"request\"\n    }\n  }).then(response => {\n    expect(response.status).to.eq(422);\n    expect(response.body.errors).to.have.length(1);\n    expect(response.body.errors[0].value).to.eq(null);\n    expect(response.body.errors[0].msg).to.eq('Invalid value');\n    expect(response.body.errors[0].param).to.eq('amount');\n    expect(response.body.errors[0].location).to.eq('body');\n    cy.log(JSON.stringify(response.body));\n  });\n});",
          "err": {},
          "uuid": "20474878-b63d-4791-881b-4cfd52b244a0",
          "parentUUID": "c0deb5f8-773d-447a-8d88-002a88074b4a",
          "isHook": false,
          "skipped": false
        },
        {
          "title": "14. should accept a money request and update both users balances",
          "fullTitle": "14. should accept a money request and update both users balances",
          "timedOut": null,
          "duration": 537,
          "state": "passed",
          "speed": "fast",
          "pass": true,
          "fail": false,
          "pending": false,
          "context": null,
          "code": "let requesterId; // ID 1го пользователя\nlet receiverId; // ID 2го пользователя \nlet requesterBalance; // баланс 1го пользователя\nlet receiverBalance; // баланс 2го пользователя\nlet transactionid; // id запроса на перевод\ncy.task('db:seed');\n// авторизация API + const id 1го пользователя + баланс\ncy.request({\n  method: 'POST',\n  url: 'http://localhost:3001/login',\n  body: {\n    username: 'Reyes.Osinski',\n    password: 's3cret'\n  }\n}).then(response => {\n  requesterId = response.body.user.id;\n  requesterBalance = response.body.user.balance;\n  cy.log(requesterId);\n  cy.log(requesterBalance);\n});\n// Получение id users и запись в const \ncy.request({\n  method: 'GET',\n  url: 'http://localhost:3001/users'\n}).then(response => {\n  const user = response.body.results.find(user => user.firstName === 'Ted');\n  receiverId = user.id;\n  cy.log(receiverId);\n  // Создание запроса\n  cy.request({\n    method: 'POST',\n    url: 'http://localhost:3001/transactions',\n    body: {\n      senderId: requesterId,\n      receiverId: receiverId,\n      amount: 100,\n      description: 'Other',\n      transactionType: \"request\"\n    }\n  }).then(response => {\n    expect(response.status).to.eq(200);\n    expect(response.body.transaction.id).to.exist;\n    expect(response.body.transaction.receiverId).to.eq(receiverId);\n    expect(response.body.transaction.amount).to.eq(10000);\n    expect(response.body.transaction.status).to.eq('pending');\n  });\n});\n// авторизация под 2м пользователем и запись баланса\ncy.request({\n  method: 'POST',\n  url: 'http://localhost:3001/login',\n  body: {\n    username: 'Heath93',\n    password: 's3cret'\n  }\n}).then(response => {\n  expect(response.status).to.eq(200);\n  receiverBalance = response.body.user.balance;\n  cy.log(receiverBalance);\n});\n// Получение списка транзакций у 2го пользователя и проверка наличия запроса и подтверждение\ncy.request({\n  method: 'GET',\n  url: 'http://localhost:3001/transactions'\n}).then(response => {\n  expect(response.status).to.eq(200);\n  const transaction = response.body.results.find(transaction => transaction.senderId === requesterId && transaction.receiverId === receiverId && transaction.amount === 10000);\n  expect(transaction).to.exist;\n  expect(transaction.status).to.eq('pending');\n  transactionid = transaction.id;\n  cy.log(transactionid);\n  // Подтверждение запроса на перевод 2м пользователем\n  cy.request({\n    method: 'PATCH',\n    url: `http://localhost:3001/transactions/${transactionid}`,\n    body: {\n      id: transactionid,\n      requestStatus: 'accepted'\n    }\n  }).then(response => {\n    expect(response.status).to.eq(204);\n  });\n});\n// Проверка статуса запроса на перевод\ncy.request({\n  method: 'GET',\n  url: 'http://localhost:3001/transactions'\n}).then(response => {\n  const transaction = response.body.results.find(t => t.id === transactionid);\n  expect(transaction).to.exist;\n  expect(transaction.requestStatus).to.eq('accepted');\n});\n// Повторная авторизация под 2м пользователем и проверка баланса\ncy.request({\n  method: 'POST',\n  url: 'http://localhost:3001/login',\n  body: {\n    username: 'Heath93',\n    password: 's3cret'\n  }\n}).then(response => {\n  expect(response.body.user.balance).to.eq(receiverBalance - 10000);\n});\n// Повторная авторизация под 1м пользователем и проверка баланса\ncy.request({\n  method: 'POST',\n  url: 'http://localhost:3001/login',\n  body: {\n    username: 'Reyes.Osinski',\n    password: 's3cret'\n  }\n}).then(response => {\n  expect(response.body.user.balance).to.eq(requesterBalance + 10000);\n});",
          "err": {},
          "uuid": "22fe4fd2-b287-4081-a7bb-016951da340a",
          "parentUUID": "c0deb5f8-773d-447a-8d88-002a88074b4a",
          "isHook": false,
          "skipped": false
        }
      ],
      "suites": [],
      "passes": [
        "1637a189-6c84-4c3c-b2bc-9390e300f18b",
        "2d1d9c58-b27f-4bf1-a8fa-9c9a04e79349",
        "0c900b14-5104-45e6-bf25-9cff1e9f262a",
        "65146b2c-3089-4527-a01c-e73cced8a19d",
        "712aaf9f-41c9-4c17-91b8-52ea0997a197",
        "e098590a-e3a3-42c8-a09c-a07d49321264",
        "bec147a9-4ad9-4012-8f82-b2999a427992",
        "7433bf38-475f-4f45-8fc7-698352b44739",
        "00a1425a-1d78-419a-9afe-c6a26f85263c",
        "72e4f605-dcd8-415a-98ec-66a679b4011a",
        "ef977c0b-44a8-4f57-8f07-c25f6225abb2",
        "f2019ba5-d42b-49fb-a593-45a633008a34",
        "20474878-b63d-4791-881b-4cfd52b244a0",
        "22fe4fd2-b287-4081-a7bb-016951da340a"
      ],
      "failures": [],
      "pending": [],
      "skipped": [],
      "duration": 2808,
      "root": true,
      "rootEmpty": false,
      "_timeout": 2000
    },
    {
      "uuid": "9595402d-f1e4-456e-95bc-508a1db26256",
      "title": "",
      "fullFile": "cypress\\tests\\paveltests\\UI\\auth.spec.js",
      "file": "cypress\\tests\\paveltests\\UI\\auth.spec.js",
      "beforeHooks": [],
      "afterHooks": [],
      "tests": [
        {
          "title": "1. Positive Auth",
          "fullTitle": "1. Positive Auth",
          "timedOut": null,
          "duration": 4940,
          "state": "passed",
          "speed": "fast",
          "pass": true,
          "fail": false,
          "pending": false,
          "context": null,
[...]
        "6a507f05-4256-465a-9815-5e82a316bfb0",
        "a1d1ad3b-19d0-4ebd-abac-c3c5e073ff3a",
        "1caa347a-e03d-48ac-b0dd-bb20149caaa1",
        "20c1f17e-db0f-4a9e-a217-cc0d3bea7994",
        "8f20a16c-5492-4acb-9b2b-de107087e308",
        "836cb8c8-9601-4b2b-a119-c1c0579cdec2",
        "62e73f50-f37d-4cf0-9041-0be09c2b701a"
      ],
      "failures": [],
      "pending": [],
      "skipped": [],
      "duration": 31401,
      "root": true,
      "rootEmpty": false,
      "_timeout": 2000
    },
    {
      "uuid": "50e0fb83-4378-41bb-aaab-c182085a844d",
      "title": "",
      "fullFile": "cypress\\tests\\paveltests\\UI\\transaction-feeds.spec.js",
      "file": "cypress\\tests\\paveltests\\UI\\transaction-feeds.spec.js",
      "beforeHooks": [],
      "afterHooks": [],
      "tests": [
        {
          "title": "1. should navigate transaction feeds and filter personal transactions by date range",
          "fullTitle": "1. should navigate transaction feeds and filter personal transactions by date range",
          "timedOut": null,
          "duration": 6742,
          "state": "passed",
          "speed": "medium",
          "pass": true,
          "fail": false,
          "pending": false,
          "context": null,
          "code": "cy.task('db:seed'); // удалить все тестовые данные/сброс БД до исходного состояния\ncy.loginpavel('Reyes.Osinski', 's3cret');\n//1.1 Добавление транзакции\ncy.get('[data-test=\"nav-top-new-transaction\"]').click();\ncy.contains('Ted Parisian').click();\ncy.get('[name=\"amount\"]').type('50');\ncy.get('#transaction-create-description-input').type('Other');\ncy.get('[data-test=\"transaction-create-submit-request\"]').click();\ncy.contains('Transaction Submitted!').should('be.visible');\ncy.contains('Requested $50.00 for Other').should('be.visible');\n//1.2 Проверка отображения навигации по транзакциям \ncy.get('[data-test=\"sidenav-home\"]').click();\ncy.contains('Public').should('be.visible');\ncy.get('[data-test=\"nav-contacts-tab\"]').click();\ncy.contains('Contacts').should('be.visible');\ncy.get('[data-test=\"nav-personal-tab\"]').click();\ncy.contains('Personal').should('be.visible');\n//1.3 Проверка работы фильтра по Дате в личных транзакциях\ncy.intercept('GET', '**/transactions*').as('filterTransactions');\ncy.get('[data-test=\"transaction-list-filter-date-range-button\"]').click();\ncy.get('.react-calendar__tile--now').click().click();\ncy.wait('@filterTransactions').its('response.statusCode').should('eq', 200);\ncy.get('[data-test^=\"transaction-item-\"]').should('have.length', 1);\ncy.contains('requested Ted Parisian').should('be.visible');\ncy.contains('$50.00').should('be.visible');\n//1.4 Сброс фильтра по Дате и проверка обновления ленты\ncy.intercept('GET', '/transactions*').as('transactions');\ncy.get('[data-test=\"transaction-list-filter-date-clear-button\"]').click();\ncy.wait('@transactions');\ncy.get('[data-test^=\"transaction-item-\"]').should('have.length.greaterThan', 1);",
          "err": {},
          "uuid": "427d944b-56f6-4357-84dd-a0be8dc32919",
          "parentUUID": "50e0fb83-4378-41bb-aaab-c182085a844d",
          "isHook": false,
          "skipped": false
        },
        {
          "title": "2. should filter personal transactions by amount range",
          "fullTitle": "2. should filter personal transactions by amount range",
          "timedOut": null,
          "duration": 2147,
          "state": "passed",
          "speed": "fast",
          "pass": true,
          "fail": false,
          "pending": false,
          "context": null,
          "code": "cy.task('db:seed'); // удалить все тестовые данные/сброс БД до исходного состояния\ncy.loginpavel('Reyes.Osinski', 's3cret');\n//2.1 Проверка работы фильтра по сумме \ncy.setTransactionAmountRange(0, 50);\ncy.contains('$36.56').should('be.visible');\n//2.2 Сброс фильтра по сумме и проверка обновления ленты\ncy.intercept('GET', '**/transactions/public*').as('transactions');\ncy.get('[data-test=\"transaction-list-filter-amount-clear-button\"]').click();\ncy.get('[data-test=\"transaction-list-filter-amount-range-text\"]').should('contain', '$0 - $1,000');",
          "err": {},
          "uuid": "b42218a7-664e-4a30-8020-3b7f05331b83",
          "parentUUID": "50e0fb83-4378-41bb-aaab-c182085a844d",
          "isHook": false,
          "skipped": false
        },
        {
          "title": "3. should display \"No Transactions\" when no transactions match the selected date range",
          "fullTitle": "3. should display \"No Transactions\" when no transactions match the selected date range",
          "timedOut": null,
          "duration": 2300,
          "state": "passed",
          "speed": "fast",
          "pass": true,
          "fail": false,
          "pending": false,
          "context": null,
          "code": "cy.task('db:seed'); // удалить все тестовые данные/сброс БД до исходного состояния\ncy.loginpavel('Reyes.Osinski', 's3cret');\n//// Выбор сегодняшнего дня как начала и конца диапазона\ncy.get('[data-test=\"transaction-list-filter-date-range-button\"]').click();\ncy.get('.react-calendar__tile--now').click().click();\ncy.contains('No Transactions').should('be.visible');",
          "err": {},
          "uuid": "466ee2ac-be4b-449a-8121-d8ee19aff6ab",
          "parentUUID": "50e0fb83-4378-41bb-aaab-c182085a844d",
          "isHook": false,
          "skipped": false
        },
        {
          "title": "4. should filter personal transactions using boundary amount value",
          "fullTitle": "4. should filter personal transactions using boundary amount value",
          "timedOut": null,
          "duration": 3091,
          "state": "passed",
          "speed": "fast",
          "pass": true,
          "fail": false,
          "pending": false,
          "context": null,
          "code": "cy.task('db:seed'); // удалить все тестовые данные/сброс БД до исходного состояния\ncy.loginpavel('Reyes.Osinski', 's3cret');\n//Создание перевода\ncy.get('[data-test=\"nav-top-new-transaction\"]').click();\ncy.contains('Ted Parisian').click();\ncy.get('[name=\"amount\"]').type('101');\ncy.get('#transaction-create-description-input').type('Other');\ncy.get('[data-test=\"transaction-create-submit-payment\"]').click();\ncy.contains('Transaction Submitted!').should('be.visible');\ncy.contains('Paid $101.00 for Other').should('be.visible');\n//Переход в раздел личных переводов\ncy.get('[data-test=\"sidenav-home\"]').click();\ncy.get('[data-test=\"nav-personal-tab\"]').click();\ncy.contains('Ruthie Prosacco paid Ted Parisian').should('be.visible');\n//Выбор граничного значения в фильтре\ncy.setTransactionAmountRange(101, 101);\ncy.get('[data-test=\"transaction-list-filter-amount-range-text\"]').should('contain', '$101 - $101');\ncy.contains('No Transactions').should('be.visible');",
          "err": {},
          "uuid": "923df0d7-cd76-466a-a945-6c9599fc8cb4",
          "parentUUID": "50e0fb83-4378-41bb-aaab-c182085a844d",
          "isHook": false,
          "skipped": false
        },
        {
          "title": "5. should filter personal transactions using date and amount filters",
          "fullTitle": "5. should filter personal transactions using date and amount filters",
          "timedOut": null,
          "duration": 4022,
          "state": "passed",
          "speed": "fast",
          "pass": true,
          "fail": false,
          "pending": false,
          "context": null,
          "code": "cy.task('db:seed'); // удалить все тестовые данные/сброс БД до исходного состояния\ncy.loginpavel('Reyes.Osinski', 's3cret');\n//Создание перевода №1\ncy.get('[data-test=\"nav-top-new-transaction\"]').click();\ncy.contains('Ted Parisian').click();\ncy.get('[name=\"amount\"]').type('801');\ncy.get('#transaction-create-description-input').type('Other');\ncy.get('[data-test=\"transaction-create-submit-payment\"]').click();\ncy.contains('Transaction Submitted!').should('be.visible');\ncy.contains('Paid $801.00 for Other').should('be.visible');\n//Создание перевода №2\ncy.get('[data-test=\"new-transaction-create-another-transaction\"]').click();\ncy.contains('Kristian Bradtke').click();\ncy.get('[name=\"amount\"]').type('805');\ncy.get('#transaction-create-description-input').type('Other');\ncy.get('[data-test=\"transaction-create-submit-payment\"]').click();\ncy.contains('Transaction Submitted!').should('be.visible');\ncy.contains('Paid $805.00 for Other').should('be.visible');\n//Переход в раздел личных переводов\ncy.get('[data-test=\"sidenav-home\"]').click();\ncy.get('[data-test=\"nav-personal-tab\"]').click();\ncy.contains('Ruthie Prosacco paid Ted Parisian').should('be.visible');\n// Выбор сегодняшнего дня как начала и конца диапазона\ncy.get('[data-test=\"transaction-list-filter-date-range-button\"]').click();\ncy.get('.react-calendar__tile--now').click().click();\n//Выбор суммы в фильтре\ncy.setTransactionAmountRange(800, 810);\ncy.get('[data-test=\"transaction-list-filter-amount-range-text\"]').should('contain', '$800 - $810');\ncy.get('[data-test^=\"transaction-item-\"]').should('have.length', 2);\ncy.contains('Ruthie Prosacco paid Kristian Bradtke').should('be.visible');\ncy.contains('Ruthie Prosacco paid Ted Parisian').should('be.visible');",
          "err": {},
          "uuid": "d44b8ab3-0b03-4a02-ab65-116963f7d114",
          "parentUUID": "50e0fb83-4378-41bb-aaab-c182085a844d",
          "isHook": false,
          "skipped": false
        },
        {
          "title": "6. should reset date and amount filters after page reload",
          "fullTitle": "6. should reset date and amount filters after page reload",
          "timedOut": null,
          "duration": 3170,
          "state": "passed",
          "speed": "fast",
          "pass": true,
          "fail": false,
          "pending": false,
          "context": null,
          "code": "cy.task('db:seed'); // удалить все тестовые данные/сброс БД до исходного состояния\ncy.loginpavel('Reyes.Osinski', 's3cret');\n// Выбор сегодняшнего дня как начала и конца диапазона\ncy.get('[data-test=\"transaction-list-filter-date-range-button\"]').click();\ncy.get('.react-calendar__tile--now').click().click();\n//Выбор суммы в фильтре\ncy.setTransactionAmountRange(100, 500);\ncy.get('[data-test=\"transaction-list-filter-amount-range-text\"]').should('contain', '$100 - $500');\ncy.reload();\ncy.get('[data-test=\"transaction-list-filter-amount-range-button\"]').should('contain', 'Amount: $0 - $1,000');\ncy.get('[data-test=\"transaction-list-filter-date-range-button\"]').should('contain', 'Date: ALL');",
          "err": {},
          "uuid": "b6288532-8452-4827-8a9e-d6c64197cb17",
          "parentUUID": "50e0fb83-4378-41bb-aaab-c182085a844d",
          "isHook": false,
          "skipped": false
        }
      ],
      "suites": [],
      "passes": [
        "427d944b-56f6-4357-84dd-a0be8dc32919",
        "b42218a7-664e-4a30-8020-3b7f05331b83",
        "466ee2ac-be4b-449a-8121-d8ee19aff6ab",
        "923df0d7-cd76-466a-a945-6c9599fc8cb4",
        "d44b8ab3-0b03-4a02-ab65-116963f7d114",
        "b6288532-8452-4827-8a9e-d6c64197cb17"
      ],
      "failures": [],
      "pending": [],
      "skipped": [],
      "duration": 21472,
      "root": true,
      "rootEmpty": false,
      "_timeout": 2000
    },
    {
      "uuid": "3c3df09e-fa3c-4e19-9fef-b93b5bea96d1",
      "title": "",
      "fullFile": "cypress\\tests\\paveltests\\API\\authAPI.spec.js",
      "file": "cypress\\tests\\paveltests\\API\\authAPI.spec.js",
      "beforeHooks": [],
      "afterHooks": [],
      "tests": [
        {
          "title": "1. Positive Auth",
          "fullTitle": "1. Positive Auth",
          "timedOut": null,
          "duration": 237,
          "state": "passed",
          "speed": "fast",
          "pass": true,
          "fail": false,
          "pending": false,
          "context": null,
          "code": "cy.request('POST', 'http://localhost:3001/login', {\n  username: 'Reyes.Osinski',\n  password: 's3cret'\n}).then(response => {\n  expect(response.status).to.eq(200);\n  expect(response.body.user).to.exist;\n  expect(response.body.user.username).to.eq('Reyes.Osinski');\n  expect(response.body.user.id).to.be.a('string');\n  expect(response.body.user.email).to.be.a('string');\n  expect(response.body.user.balance).to.be.a('number');\n  expect(response.body.user).to.have.property('firstName');\n  expect(response.body.user).to.have.property('lastName');\n});",
          "err": {},
          "uuid": "d67cee6b-a724-46a0-b4a0-6022ecdb7e32",
          "parentUUID": "3c3df09e-fa3c-4e19-9fef-b93b5bea96d1",
          "isHook": false,
          "skipped": false
        },
        {
          "title": "2. Authentication with empty username and password",
          "fullTitle": "2. Authentication with empty username and password",
          "timedOut": null,
          "duration": 37,
          "state": "passed",
          "speed": "fast",
          "pass": true,
          "fail": false,
          "pending": false,
          "context": null,
          "code": "cy.request({\n  method: 'POST',\n  url: 'http://localhost:3001/login',\n  failOnStatusCode: false,\n  body: {\n    username: '',\n    password: ''\n  }\n}).then(response => {\n  expect(response.status).to.eq(400);\n  expect(response.body).to.eq('Bad Request');\n});",
          "err": {},
          "uuid": "f10471fd-b88c-4024-936d-dc5376cf0911",
          "parentUUID": "3c3df09e-fa3c-4e19-9fef-b93b5bea96d1",
          "isHook": false,
          "skipped": false
        },
        {
          "title": "3. Login with invalid password",
          "fullTitle": "3. Login with invalid password",
          "timedOut": null,
          "duration": 114,
          "state": "passed",
          "speed": "fast",
          "pass": true,
          "fail": false,
          "pending": false,
          "context": null,
          "code": "cy.request({\n  method: 'POST',\n  url: 'http://localhost:3001/login',\n  failOnStatusCode: false,\n  body: {\n    username: 'Reyes.Osinski',\n    password: '123456'\n  }\n}).then(response => {\n  expect(response.status).to.eq(401);\n  expect(response.body).to.eq('Unauthorized');\n});",
          "err": {},
          "uuid": "a86bd586-2cde-47e9-ae38-65485376ea2c",
          "parentUUID": "3c3df09e-fa3c-4e19-9fef-b93b5bea96d1",
          "isHook": false,
          "skipped": false
        },
        {
          "title": "4. Login with nonexistent user",
          "fullTitle": "4. Login with nonexistent user",
          "timedOut": null,
          "duration": 34,
          "state": "passed",
          "speed": "fast",
          "pass": true,
          "fail": false,
          "pending": false,
          "context": null,
          "code": "cy.request({\n  method: 'POST',\n  url: 'http://localhost:3001/login',\n  failOnStatusCode: false,\n  body: {\n    username: 'Reyes.ivanov',\n    password: '1234ab'\n  }\n}).then(response => {\n  expect(response.status).to.eq(401);\n  expect(response.body).to.eq('Unauthorized');\n  cy.log(JSON.stringify(response.body));\n});",
          "err": {},
          "uuid": "fc316922-1f43-4e5a-aea2-cea5767bbd24",
          "parentUUID": "3c3df09e-fa3c-4e19-9fef-b93b5bea96d1",
          "isHook": false,
          "skipped": false
        },
        {
          "title": "5. Login with empty username",
          "fullTitle": "5. Login with empty username",
          "timedOut": null,
          "duration": 35,
          "state": "passed",
          "speed": "fast",
          "pass": true,
          "fail": false,
          "pending": false,
          "context": null,
          "code": "cy.request({\n  method: 'POST',\n  url: 'http://localhost:3001/login',\n  failOnStatusCode: false,\n  body: {\n    username: '',\n    password: 's3cret'\n  }\n}).then(response => {\n  expect(response.status).to.eq(400);\n  expect(response.body).to.eq('Bad Request');\n  cy.log(JSON.stringify(response.body));\n});",
          "err": {},
          "uuid": "20efd7f3-a262-4f43-9a6d-f4ae902f5f1d",
          "parentUUID": "3c3df09e-fa3c-4e19-9fef-b93b5bea96d1",
          "isHook": false,
          "skipped": false
        },
        {
          "title": "6. Login without username field",
          "fullTitle": "6. Login without username field",
          "timedOut": null,
          "duration": 33,
          "state": "passed",
          "speed": "fast",
          "pass": true,
          "fail": false,
          "pending": false,
          "context": null,
          "code": "cy.request({\n  method: 'POST',\n  url: 'http://localhost:3001/login',\n  failOnStatusCode: false,\n  body: {\n    password: 's3cret'\n  }\n}).then(response => {\n  expect(response.status).to.eq(400);\n  expect(response.body).to.eq('Bad Request');\n  cy.log(JSON.stringify(response.body));\n});",
          "err": {},
          "uuid": "be2e41e9-35bb-4f4f-bac4-52ca73f7c92f",
          "parentUUID": "3c3df09e-fa3c-4e19-9fef-b93b5bea96d1",
          "isHook": false,
          "skipped": false
        },
        {
          "title": "7. Login with username and password set to null",
          "fullTitle": "7. Login with username and password set to null",
          "timedOut": null,
          "duration": 43,
          "state": "passed",
          "speed": "fast",
          "pass": true,
          "fail": false,
          "pending": false,
          "context": null,
          "code": "cy.request({\n  method: 'POST',\n  url: 'http://localhost:3001/login',\n  failOnStatusCode: false,\n  body: {\n    username: null,\n    password: null\n  }\n}).then(response => {\n  expect(response.status).to.eq(400);\n  expect(response.body).to.eq('Bad Request');\n  cy.log(JSON.stringify(response.body));\n});",
          "err": {},
          "uuid": "86f6f3a9-eca8-4804-90f2-efd4b921cbc7",
          "parentUUID": "3c3df09e-fa3c-4e19-9fef-b93b5bea96d1",
          "isHook": false,
          "skipped": false
        },
        {
          "title": "8. Login with SQL injection payload",
          "fullTitle": "8. Login with SQL injection payload",
          "timedOut": null,
          "duration": 31,
          "state": "passed",
          "speed": "fast",
          "pass": true,
          "fail": false,
          "pending": false,
          "context": null,
          "code": "cy.request({\n  method: 'POST',\n  url: 'http://localhost:3001/login',\n  failOnStatusCode: false,\n  body: {\n    username: \"' OR '1'='1' --\",\n    password: \"s3cret\"\n  }\n}).then(response => {\n  expect(response.status).to.eq(401);\n  expect(response.body).to.eq('Unauthorized');\n  cy.log(JSON.stringify(response.body));\n});",
          "err": {},
          "uuid": "2c29d43b-c3b2-4061-b2cd-5de1cd0d194e",
          "parentUUID": "3c3df09e-fa3c-4e19-9fef-b93b5bea96d1",
          "isHook": false,
          "skipped": false
        }
      ],
      "suites": [],
      "passes": [
        "d67cee6b-a724-46a0-b4a0-6022ecdb7e32",
        "f10471fd-b88c-4024-936d-dc5376cf0911",
        "a86bd586-2cde-47e9-ae38-65485376ea2c",
        "fc316922-1f43-4e5a-aea2-cea5767bbd24",
        "20efd7f3-a262-4f43-9a6d-f4ae902f5f1d",
        "be2e41e9-35bb-4f4f-bac4-52ca73f7c92f",
        "86f6f3a9-eca8-4804-90f2-efd4b921cbc7",
        "2c29d43b-c3b2-4061-b2cd-5de1cd0d194e"
      ],
      "failures": [],
      "pending": [],
      "skipped": [],
      "duration": 564,
      "root": true,
      "rootEmpty": false,
      "_timeout": 2000
    }
  ],
  "meta": {
    "mocha": {
      "version": "7.2.0"
    },
    "mochawesome": {
      "options": {
        "quiet": false,
        "reportFilename": "mochawesome",
        "saveHtml": false,
        "saveJson": true,
        "consoleReporter": "spec",
        "useInlineDiffs": false,
        "code": true
      },
      "version": "8.0.1"
    },
    "marge": {
      "options": {
        "reportDir": "cypress/results",
        "overwrite": false,
        "html": false,
        "json": true
      },
      "version": "6.3.2"
    }
  }
}