{
  "stats": {
    "suites": 0,
    "tests": 2,
    "passes": 2,
    "pending": 0,
    "failures": 0,
    "start": "2026-08-11T07:13:28.618Z",
    "end": "2026-08-11T07:13:29.023Z",
    "duration": 405,
    "testsRegistered": 2,
    "passPercent": 100,
    "pendingPercent": 0,
    "other": 0,
    "hasOther": false,
    "skipped": 0,
    "hasSkipped": false
  },
  "results": [
    {
      "uuid": "4b96f155-a04c-4879-90b9-12c9992c2379",
      "title": "",
      "fullFile": "cypress\\tests\\paveltests\\API\\notificationAPI.spec.js",
      "file": "cypress\\tests\\paveltests\\API\\notificationAPI.spec.js",
      "beforeHooks": [],
      "afterHooks": [],
      "tests": [
        {
          "title": "1. should mark notification as read",
          "fullTitle": "1. should mark notification as read",
          "timedOut": null,
          "duration": 211,
          "state": "passed",
          "speed": "fast",
          "pass": true,
          "fail": false,
          "pending": false,
          "context": null,
          "code": "cy.task('db:seed');\n// авторизация\ncy.request({\n  method: 'POST',\n  url: 'http://localhost:3001/login',\n  body: {\n    username: 'Reyes.Osinski',\n    password: 's3cret'\n  }\n}).then(response => {\n  expect(response.status).to.eq(200);\n});\n// получение списка уведомлений и пометка одного как прочитанное\nlet notificationId;\ncy.request('GET', 'http://localhost:3001/notifications').then(response => {\n  expect(response.status).to.eq(200);\n  notificationId = response.body.results[0].id;\n  cy.log(notificationId);\n  cy.request({\n    method: 'PATCH',\n    url: `http://localhost:3001/notifications/${notificationId}`,\n    body: {\n      id: notificationId,\n      isRead: true\n    }\n  }).then(response => {\n    expect(response.status).to.eq(204);\n  });\n});\n// Повторное получение списка уведомлений и проверка что первого id уведомлений больше нет\ncy.request('GET', 'http://localhost:3001/notifications').then(response => {\n  expect(response.status).to.eq(200);\n  expect(response.body.results.some(item => item.id === notificationId)).to.be.false;\n  notificationId = response.body.results[0].id;\n});",
          "err": {},
          "uuid": "3254bbef-3a76-41f8-8132-7317fda49cb3",
          "parentUUID": "4b96f155-a04c-4879-90b9-12c9992c2379",
          "isHook": false,
          "skipped": false
        },
        {
          "title": "2. should handle marking a non-existent notification as read",
          "fullTitle": "2. should handle marking a non-existent notification as read",
          "timedOut": null,
          "duration": 145,
          "state": "passed",
          "speed": "fast",
          "pass": true,
          "fail": false,
          "pending": false,
          "context": null,
          "code": "cy.task('db:seed');\n// авторизация\ncy.request({\n  method: 'POST',\n  url: 'http://localhost:3001/login',\n  body: {\n    username: 'Reyes.Osinski',\n    password: 's3cret'\n  }\n}).then(response => {\n  expect(response.status).to.eq(200);\n});\n// попытка пометить несуществующее уведомление как прочитанное\ncy.request({\n  method: 'PATCH',\n  url: `http://localhost:3001/notifications/123456`,\n  body: {\n    id: 123456,\n    isRead: true\n  }\n}).then(response => {\n  expect(response.status).to.eq(204);\n});",
          "err": {},
          "uuid": "c64696b1-766a-4a04-bae8-eabd98849f89",
          "parentUUID": "4b96f155-a04c-4879-90b9-12c9992c2379",
          "isHook": false,
          "skipped": false
        }
      ],
      "suites": [],
      "passes": [
        "3254bbef-3a76-41f8-8132-7317fda49cb3",
        "c64696b1-766a-4a04-bae8-eabd98849f89"
      ],
      "failures": [],
      "pending": [],
      "skipped": [],
      "duration": 356,
      "root": true,
      "rootEmpty": false,
      "_timeout": 2000
    }
  ],
  "meta": {
    "mocha": {
      "version": "7.2.0"
    },
    "mochawesome": {
      "options": {
        "quiet": false,
        "reportFilename": "mochawesome",
        "saveHtml": false,
        "saveJson": true,
        "consoleReporter": "spec",
        "useInlineDiffs": false,
        "code": true
      },
      "version": "8.0.1"
    },
    "marge": {
      "options": {
        "reportDir": "cypress/results",
        "overwrite": false,
        "html": false,
        "json": true
      },
      "version": "6.3.2"
    }
  }
}