{
  "stats": {
    "suites": 0,
    "tests": 9,
    "passes": 9,
    "pending": 0,
    "failures": 0,
    "start": "2026-08-11T07:13:37.471Z",
    "end": "2026-08-11T07:13:55.458Z",
    "duration": 17987,
    "testsRegistered": 9,
    "passPercent": 100,
    "pendingPercent": 0,
    "other": 0,
    "hasOther": false,
    "skipped": 0,
    "hasSkipped": false
  },
  "results": [
    {
      "uuid": "9595402d-f1e4-456e-95bc-508a1db26256",
      "title": "",
      "fullFile": "cypress\\tests\\paveltests\\UI\\auth.spec.js",
      "file": "cypress\\tests\\paveltests\\UI\\auth.spec.js",
      "beforeHooks": [],
      "afterHooks": [],
      "tests": [
        {
          "title": "1. Positive Auth",
          "fullTitle": "1. Positive Auth",
          "timedOut": null,
          "duration": 4940,
          "state": "passed",
          "speed": "fast",
          "pass": true,
          "fail": false,
          "pending": false,
          "context": null,
          "code": "cy.task('db:seed'); // удалить все тестовые данные/сброс БД до исходного состояния\ncy.intercept('POST', '/login').as('login'); //перехват запроса\ncy.visit('/signin');\ncy.contains('Sign In').should('be.visible'); // проверка что страница загрузилась\ncy.get('[name=\"username\"]').type('Reyes.Osinski');\ncy.get('[name=\"password\"]').type('s3cret');\ncy.get('[data-test=\"signin-submit\"]').click();\ncy.wait('@login') // проверка что login вернул 200\n.its('response.statusCode').should('eq', 200);\ncy.contains('@Reyes.Osinski') //проверка пользователь отображен на странице\n.should('be.visible');\n//logout\ncy.get('[data-test=\"sidenav-signout\"]').click();\ncy.contains('Sign In').should('be.visible');",
          "err": {},
          "uuid": "f36c025a-419c-448d-92dd-afe370146ba5",
          "parentUUID": "9595402d-f1e4-456e-95bc-508a1db26256",
          "isHook": false,
          "skipped": false
        },
        {
          "title": "2. Should display validation messages for empty credentials",
          "fullTitle": "2. Should display validation messages for empty credentials",
          "timedOut": null,
          "duration": 1304,
          "state": "passed",
          "speed": "fast",
          "pass": true,
          "fail": false,
          "pending": false,
          "context": null,
          "code": "cy.task('db:seed'); // удалить все тестовые данные/сброс БД до исходного состояния\ncy.visit('/signin');\ncy.get('[name=\"username\"]').should('have.value', '').click();\ncy.get('[name=\"password\"]').should('have.value', '').click();\ncy.contains('Username is required').should('be.visible');",
          "err": {},
          "uuid": "b694ee15-dc30-4a8a-ab0a-177c0a3f6dce",
          "parentUUID": "9595402d-f1e4-456e-95bc-508a1db26256",
          "isHook": false,
          "skipped": false
        },
        {
          "title": "3. Should show error for invalid password",
          "fullTitle": "3. Should show error for invalid password",
          "timedOut": null,
          "duration": 2084,
          "state": "passed",
          "speed": "fast",
          "pass": true,
          "fail": false,
          "pending": false,
          "context": null,
          "code": "cy.task('db:seed'); // удалить все тестовые данные/сброс БД до исходного состояния\ncy.intercept('POST', '/login').as('login'); //перехват запроса\ncy.visit('/signin');\ncy.contains('Sign In').should('be.visible'); // проверка что страница загрузилась\ncy.get('[name=\"username\"]').type('Reyes.Osinski');\ncy.get('[name=\"password\"]').type('123456');\ncy.get('[data-test=\"signin-submit\"]').click();\ncy.wait('@login') // проверка что login вернул 401\n.its('response.statusCode').should('eq', 401);\ncy.contains('Username or password is invalid').should('be.visible');",
          "err": {},
          "uuid": "f8a59919-7f72-4dc0-8d13-027ce5a0b5ac",
          "parentUUID": "9595402d-f1e4-456e-95bc-508a1db26256",
          "isHook": false,
          "skipped": false
        },
        {
          "title": "4. Should show invalid username",
          "fullTitle": "4. Should show invalid username",
          "timedOut": null,
          "duration": 1540,
          "state": "passed",
          "speed": "fast",
          "pass": true,
          "fail": false,
          "pending": false,
          "context": null,
          "code": "cy.task('db:seed'); // удалить все тестовые данные/сброс БД до исходного состояния\ncy.intercept('POST', '/login').as('login'); //перехват запроса\ncy.visit('/signin');\ncy.contains('Sign In').should('be.visible'); // проверка что страница загрузилась\ncy.get('[name=\"username\"]').type('Reyes1234');\ncy.get('[name=\"password\"]').type('s3cret');\ncy.get('[data-test=\"signin-submit\"]').click();\ncy.wait('@login') // проверка сервер вернул 401\n.its('response.statusCode').should('eq', 401);\ncy.contains('Username or password is invalid').should('be.visible');",
          "err": {},
          "uuid": "d695b89a-b49e-42f7-a394-6311a585417e",
          "parentUUID": "9595402d-f1e4-456e-95bc-508a1db26256",
          "isHook": false,
          "skipped": false
        },
        {
          "title": "5. Should show invalid username and password",
          "fullTitle": "5. Should show invalid username and password",
          "timedOut": null,
          "duration": 1558,
          "state": "passed",
          "speed": "fast",
          "pass": true,
          "fail": false,
          "pending": false,
          "context": null,
          "code": "cy.task('db:seed'); // удалить все тестовые данные/сброс БД до исходного состояния\ncy.intercept('POST', '/login').as('login'); //перехват запроса\ncy.visit('/signin');\ncy.contains('Sign In').should('be.visible'); // проверка что страница загрузилась\ncy.get('[name=\"username\"]').type('Reyes.123');\ncy.get('[name=\"password\"]').type('s31235');\ncy.get('[data-test=\"signin-submit\"]').click();\ncy.wait('@login') // проверка сервер вернул 401\n.its('response.statusCode').should('eq', 401);\ncy.contains('Username or password is invalid').should('be.visible');",
          "err": {},
          "uuid": "f8462180-5a4a-4d7d-95bd-44879d84e9bb",
          "parentUUID": "9595402d-f1e4-456e-95bc-508a1db26256",
          "isHook": false,
          "skipped": false
        },
        {
          "title": "6. Should reject username with trailing spaces",
          "fullTitle": "6. Should reject username with trailing spaces",
          "timedOut": null,
          "duration": 1423,
          "state": "passed",
          "speed": "fast",
          "pass": true,
          "fail": false,
          "pending": false,
          "context": null,
          "code": "cy.task('db:seed'); // удалить все тестовые данные/сброс БД до исходного состояния\ncy.intercept('POST', '/login').as('login'); //перехват запроса\ncy.visit('/signin');\ncy.contains('Sign In').should('be.visible'); // проверка что страница загрузилась\ncy.get('[name=\"username\"]').type('Reyes1234  ');\ncy.get('[name=\"password\"]').type('s3cret');\ncy.get('[data-test=\"signin-submit\"]').click();\ncy.wait('@login') // проверка сервер вернул 401\n.its('response.statusCode').should('eq', 401);\ncy.contains('Username or password is invalid').should('be.visible');",
          "err": {},
          "uuid": "65a3cd09-81db-4a95-8313-0a3534f09ce4",
          "parentUUID": "9595402d-f1e4-456e-95bc-508a1db26256",
          "isHook": false,
          "skipped": false
        },
        {
          "title": "7. Should reject login with password containing trailing spaces",
          "fullTitle": "7. Should reject login with password containing trailing spaces",
          "timedOut": null,
          "duration": 1423,
          "state": "passed",
          "speed": "fast",
          "pass": true,
          "fail": false,
          "pending": false,
          "context": null,
          "code": "cy.task('db:seed'); // удалить все тестовые данные/сброс БД до исходного состояния\ncy.intercept('POST', '/login').as('login'); //перехват запроса\ncy.visit('/signin');\ncy.contains('Sign In').should('be.visible'); // проверка что страница загрузилась\ncy.get('[name=\"username\"]').type('Reyes1234');\ncy.get('[name=\"password\"]').type('s3cret  ');\ncy.get('[data-test=\"signin-submit\"]').click();\ncy.wait('@login') // проверка сервер вернул 401\n.its('response.statusCode').should('eq', 401);\ncy.contains('Username or password is invalid').should('be.visible');",
          "err": {},
          "uuid": "c501417a-8c03-4db7-8e56-8d7bfb21edeb",
          "parentUUID": "9595402d-f1e4-456e-95bc-508a1db26256",
          "isHook": false,
          "skipped": false
        },
        {
          "title": "8. Should reject login with SQL injection",
          "fullTitle": "8. Should reject login with SQL injection",
          "timedOut": null,
          "duration": 1574,
          "state": "passed",
          "speed": "fast",
          "pass": true,
          "fail": false,
          "pending": false,
          "context": null,
          "code": "cy.task('db:seed'); // удалить все тестовые данные/сброс БД до исходного состояния\ncy.intercept('POST', '/login').as('login'); //перехват запроса\ncy.visit('/signin');\ncy.contains('Sign In').should('be.visible'); // проверка что страница загрузилась\ncy.get('[name=\"username\"]').type(\"' OR '1'='1'\");\ncy.get('[name=\"password\"]').type('Password123!');\ncy.get('[data-test=\"signin-submit\"]').click();\ncy.wait('@login') // проверка сервер вернул 401\n.its('response.statusCode').should('eq', 401);\ncy.contains('Username or password is invalid').should('be.visible');",
          "err": {},
          "uuid": "a60c4535-e743-4687-9cfa-c17a42accc65",
          "parentUUID": "9595402d-f1e4-456e-95bc-508a1db26256",
          "isHook": false,
          "skipped": false
        },
        {
          "title": "9. Should submit login form by pressing Enter",
          "fullTitle": "9. Should submit login form by pressing Enter",
          "timedOut": null,
          "duration": 1751,
          "state": "passed",
          "speed": "fast",
          "pass": true,
          "fail": false,
          "pending": false,
          "context": null,
          "code": "cy.task('db:seed'); // удалить все тестовые данные/сброс БД до исходного состояния\ncy.intercept('POST', '/login').as('login'); //перехват запроса\ncy.visit('/signin');\ncy.contains('Sign In').should('be.visible'); // проверка что страница загрузилась\ncy.get('[name=\"username\"]').type('Reyes.Osinski');\ncy.get('[name=\"password\"]').type('s3cret{enter}');\ncy.wait('@login') // проверка сервер вернул 200\n.its('response.statusCode').should('eq', 200);\ncy.contains('@Reyes.Osinski') //проверка пользователь отображен на странице\n.should('be.visible');",
          "err": {},
          "uuid": "453c9208-6796-43a5-af22-738c1f53b456",
          "parentUUID": "9595402d-f1e4-456e-95bc-508a1db26256",
          "isHook": false,
          "skipped": false
        }
      ],
      "suites": [],
      "passes": [
        "f36c025a-419c-448d-92dd-afe370146ba5",
        "b694ee15-dc30-4a8a-ab0a-177c0a3f6dce",
        "f8a59919-7f72-4dc0-8d13-027ce5a0b5ac",
        "d695b89a-b49e-42f7-a394-6311a585417e",
        "f8462180-5a4a-4d7d-95bd-44879d84e9bb",
        "65a3cd09-81db-4a95-8313-0a3534f09ce4",
        "c501417a-8c03-4db7-8e56-8d7bfb21edeb",
        "a60c4535-e743-4687-9cfa-c17a42accc65",
        "453c9208-6796-43a5-af22-738c1f53b456"
      ],
      "failures": [],
      "pending": [],
      "skipped": [],
      "duration": 17597,
      "root": true,
      "rootEmpty": false,
      "_timeout": 2000
    }
  ],
  "meta": {
    "mocha": {
      "version": "7.2.0"
    },
    "mochawesome": {
      "options": {
        "quiet": false,
        "reportFilename": "mochawesome",
        "saveHtml": false,
        "saveJson": true,
        "consoleReporter": "spec",
        "useInlineDiffs": false,
        "code": true
      },
      "version": "8.0.1"
    },
    "marge": {
      "options": {
        "reportDir": "cypress/results",
        "overwrite": false,
        "html": false,
        "json": true
      },
      "version": "6.3.2"
    }
  }
}