{
  "stats": {
    "suites": 0,
    "tests": 8,
    "passes": 8,
    "pending": 0,
    "failures": 0,
    "start": "2026-08-11T07:13:15.339Z",
    "end": "2026-08-11T07:13:16.059Z",
    "duration": 720,
    "testsRegistered": 8,
    "passPercent": 100,
    "pendingPercent": 0,
    "other": 0,
    "hasOther": false,
    "skipped": 0,
    "hasSkipped": false
  },
  "results": [
    {
      "uuid": "3c3df09e-fa3c-4e19-9fef-b93b5bea96d1",
      "title": "",
      "fullFile": "cypress\\tests\\paveltests\\API\\authAPI.spec.js",
      "file": "cypress\\tests\\paveltests\\API\\authAPI.spec.js",
      "beforeHooks": [],
      "afterHooks": [],
      "tests": [
        {
          "title": "1. Positive Auth",
          "fullTitle": "1. Positive Auth",
          "timedOut": null,
          "duration": 237,
          "state": "passed",
          "speed": "fast",
          "pass": true,
          "fail": false,
          "pending": false,
          "context": null,
          "code": "cy.request('POST', 'http://localhost:3001/login', {\n  username: 'Reyes.Osinski',\n  password: 's3cret'\n}).then(response => {\n  expect(response.status).to.eq(200);\n  expect(response.body.user).to.exist;\n  expect(response.body.user.username).to.eq('Reyes.Osinski');\n  expect(response.body.user.id).to.be.a('string');\n  expect(response.body.user.email).to.be.a('string');\n  expect(response.body.user.balance).to.be.a('number');\n  expect(response.body.user).to.have.property('firstName');\n  expect(response.body.user).to.have.property('lastName');\n});",
          "err": {},
          "uuid": "d67cee6b-a724-46a0-b4a0-6022ecdb7e32",
          "parentUUID": "3c3df09e-fa3c-4e19-9fef-b93b5bea96d1",
          "isHook": false,
          "skipped": false
        },
        {
          "title": "2. Authentication with empty username and password",
          "fullTitle": "2. Authentication with empty username and password",
          "timedOut": null,
          "duration": 37,
          "state": "passed",
          "speed": "fast",
          "pass": true,
          "fail": false,
          "pending": false,
          "context": null,
          "code": "cy.request({\n  method: 'POST',\n  url: 'http://localhost:3001/login',\n  failOnStatusCode: false,\n  body: {\n    username: '',\n    password: ''\n  }\n}).then(response => {\n  expect(response.status).to.eq(400);\n  expect(response.body).to.eq('Bad Request');\n});",
          "err": {},
          "uuid": "f10471fd-b88c-4024-936d-dc5376cf0911",
          "parentUUID": "3c3df09e-fa3c-4e19-9fef-b93b5bea96d1",
          "isHook": false,
          "skipped": false
        },
        {
          "title": "3. Login with invalid password",
          "fullTitle": "3. Login with invalid password",
          "timedOut": null,
          "duration": 114,
          "state": "passed",
          "speed": "fast",
          "pass": true,
          "fail": false,
          "pending": false,
          "context": null,
          "code": "cy.request({\n  method: 'POST',\n  url: 'http://localhost:3001/login',\n  failOnStatusCode: false,\n  body: {\n    username: 'Reyes.Osinski',\n    password: '123456'\n  }\n}).then(response => {\n  expect(response.status).to.eq(401);\n  expect(response.body).to.eq('Unauthorized');\n});",
          "err": {},
          "uuid": "a86bd586-2cde-47e9-ae38-65485376ea2c",
          "parentUUID": "3c3df09e-fa3c-4e19-9fef-b93b5bea96d1",
          "isHook": false,
          "skipped": false
        },
        {
          "title": "4. Login with nonexistent user",
          "fullTitle": "4. Login with nonexistent user",
          "timedOut": null,
          "duration": 34,
          "state": "passed",
          "speed": "fast",
          "pass": true,
          "fail": false,
          "pending": false,
          "context": null,
          "code": "cy.request({\n  method: 'POST',\n  url: 'http://localhost:3001/login',\n  failOnStatusCode: false,\n  body: {\n    username: 'Reyes.ivanov',\n    password: '1234ab'\n  }\n}).then(response => {\n  expect(response.status).to.eq(401);\n  expect(response.body).to.eq('Unauthorized');\n  cy.log(JSON.stringify(response.body));\n});",
          "err": {},
          "uuid": "fc316922-1f43-4e5a-aea2-cea5767bbd24",
          "parentUUID": "3c3df09e-fa3c-4e19-9fef-b93b5bea96d1",
          "isHook": false,
          "skipped": false
        },
        {
          "title": "5. Login with empty username",
          "fullTitle": "5. Login with empty username",
          "timedOut": null,
          "duration": 35,
          "state": "passed",
          "speed": "fast",
          "pass": true,
          "fail": false,
          "pending": false,
          "context": null,
          "code": "cy.request({\n  method: 'POST',\n  url: 'http://localhost:3001/login',\n  failOnStatusCode: false,\n  body: {\n    username: '',\n    password: 's3cret'\n  }\n}).then(response => {\n  expect(response.status).to.eq(400);\n  expect(response.body).to.eq('Bad Request');\n  cy.log(JSON.stringify(response.body));\n});",
          "err": {},
          "uuid": "20efd7f3-a262-4f43-9a6d-f4ae902f5f1d",
          "parentUUID": "3c3df09e-fa3c-4e19-9fef-b93b5bea96d1",
          "isHook": false,
          "skipped": false
        },
        {
          "title": "6. Login without username field",
          "fullTitle": "6. Login without username field",
          "timedOut": null,
          "duration": 33,
          "state": "passed",
          "speed": "fast",
          "pass": true,
          "fail": false,
          "pending": false,
          "context": null,
          "code": "cy.request({\n  method: 'POST',\n  url: 'http://localhost:3001/login',\n  failOnStatusCode: false,\n  body: {\n    password: 's3cret'\n  }\n}).then(response => {\n  expect(response.status).to.eq(400);\n  expect(response.body).to.eq('Bad Request');\n  cy.log(JSON.stringify(response.body));\n});",
          "err": {},
          "uuid": "be2e41e9-35bb-4f4f-bac4-52ca73f7c92f",
          "parentUUID": "3c3df09e-fa3c-4e19-9fef-b93b5bea96d1",
          "isHook": false,
          "skipped": false
        },
        {
          "title": "7. Login with username and password set to null",
          "fullTitle": "7. Login with username and password set to null",
          "timedOut": null,
          "duration": 43,
          "state": "passed",
          "speed": "fast",
          "pass": true,
          "fail": false,
          "pending": false,
          "context": null,
          "code": "cy.request({\n  method: 'POST',\n  url: 'http://localhost:3001/login',\n  failOnStatusCode: false,\n  body: {\n    username: null,\n    password: null\n  }\n}).then(response => {\n  expect(response.status).to.eq(400);\n  expect(response.body).to.eq('Bad Request');\n  cy.log(JSON.stringify(response.body));\n});",
          "err": {},
          "uuid": "86f6f3a9-eca8-4804-90f2-efd4b921cbc7",
          "parentUUID": "3c3df09e-fa3c-4e19-9fef-b93b5bea96d1",
          "isHook": false,
          "skipped": false
        },
        {
          "title": "8. Login with SQL injection payload",
          "fullTitle": "8. Login with SQL injection payload",
          "timedOut": null,
          "duration": 31,
          "state": "passed",
          "speed": "fast",
          "pass": true,
          "fail": false,
          "pending": false,
          "context": null,
          "code": "cy.request({\n  method: 'POST',\n  url: 'http://localhost:3001/login',\n  failOnStatusCode: false,\n  body: {\n    username: \"' OR '1'='1' --\",\n    password: \"s3cret\"\n  }\n}).then(response => {\n  expect(response.status).to.eq(401);\n  expect(response.body).to.eq('Unauthorized');\n  cy.log(JSON.stringify(response.body));\n});",
          "err": {},
          "uuid": "2c29d43b-c3b2-4061-b2cd-5de1cd0d194e",
          "parentUUID": "3c3df09e-fa3c-4e19-9fef-b93b5bea96d1",
          "isHook": false,
          "skipped": false
        }
      ],
      "suites": [],
      "passes": [
        "d67cee6b-a724-46a0-b4a0-6022ecdb7e32",
        "f10471fd-b88c-4024-936d-dc5376cf0911",
        "a86bd586-2cde-47e9-ae38-65485376ea2c",
        "fc316922-1f43-4e5a-aea2-cea5767bbd24",
        "20efd7f3-a262-4f43-9a6d-f4ae902f5f1d",
        "be2e41e9-35bb-4f4f-bac4-52ca73f7c92f",
        "86f6f3a9-eca8-4804-90f2-efd4b921cbc7",
        "2c29d43b-c3b2-4061-b2cd-5de1cd0d194e"
      ],
      "failures": [],
      "pending": [],
      "skipped": [],
      "duration": 564,
      "root": true,
      "rootEmpty": false,
      "_timeout": 2000
    }
  ],
  "meta": {
    "mocha": {
      "version": "7.2.0"
    },
    "mochawesome": {
      "options": {
        "quiet": false,
        "reportFilename": "mochawesome",
        "saveHtml": false,
        "saveJson": true,
        "consoleReporter": "spec",
        "useInlineDiffs": false,
        "code": true
      },
      "version": "8.0.1"
    },
    "marge": {
      "options": {
        "reportDir": "cypress/results",
        "overwrite": false,
        "html": false,
        "json": true
      },
      "version": "6.3.2"
    }
  }
}