{
  "stats": {
    "suites": 0,
    "tests": 13,
    "passes": 13,
    "pending": 0,
    "failures": 0,
    "start": "2026-08-11T07:13:18.852Z",
    "end": "2026-08-11T07:13:21.286Z",
    "duration": 2434,
    "testsRegistered": 13,
    "passPercent": 100,
    "pendingPercent": 0,
    "other": 0,
    "hasOther": false,
    "skipped": 0,
    "hasSkipped": false
  },
  "results": [
    {
      "uuid": "98e1646c-bf84-45bc-a5b8-31e1f2f20d29",
      "title": "",
      "fullFile": "cypress\\tests\\paveltests\\API\\bankaccountsAPI.spec.js",
      "file": "cypress\\tests\\paveltests\\API\\bankaccountsAPI.spec.js",
      "beforeHooks": [],
      "afterHooks": [],
      "tests": [
        {
          "title": "1. Create and delete bank account via API",
          "fullTitle": "1. Create and delete bank account via API",
          "timedOut": null,
          "duration": 261,
          "state": "passed",
          "speed": "fast",
          "pass": true,
          "fail": false,
          "pending": false,
          "context": null,
          "code": "cy.task('db:seed');\n// логин пользователя через API\ncy.request({\n  method: 'POST',\n  url: 'http://localhost:3001/login',\n  failOnStatusCode: false,\n  body: {\n    username: 'Reyes.Osinski',\n    password: 's3cret'\n  }\n});\n// Создание банковского аккаунта\ncy.request({\n  method: 'POST',\n  url: 'http://localhost:3001/graphql',\n  body: {\n    operationName: 'CreateBankAccount',\n    query: `\n    mutation CreateBankAccount(\n      $bankName: String!,\n      $accountNumber: String!,\n      $routingNumber: String!\n    ) {\n    createBankAccount(\n      bankName: $bankName\n      accountNumber: $accountNumber\n      routingNumber: $routingNumber\n    ) {\n      id\n      uuid\n      userId\n      bankName\n      accountNumber\n      routingNumber\n      isDeleted\n      createdAt\n    }\n  }\n`,\n    variables: {\n      bankName: 'Bank API',\n      accountNumber: '333333333',\n      routingNumber: '241233233'\n    }\n  }\n}).then(response => {\n  expect(response.status).to.eq(200);\n  expect(response.body.errors).to.not.exist;\n  expect(response.body.data.createBankAccount.bankName).to.eq('Bank API');\n  expect(response.body.data.createBankAccount.accountNumber).to.eq('333333333');\n  expect(response.body.data.createBankAccount.routingNumber).to.eq('241233233');\n  const bankId = response.body.data.createBankAccount.id;\n  cy.log(`Created bank id: ${bankId}`);\n  // Удаление только что созданного банковского аккаунта\n  return cy.request({\n    method: 'POST',\n    url: 'http://localhost:3001/graphql',\n    body: {\n      operationName: 'DeleteBankAccount',\n      query: `\n           mutation DeleteBankAccount($id: ID!) {\n           deleteBankAccount(id: $id)\n           }\n          `,\n      variables: {\n        id: bankId\n      }\n    }\n  });\n}).then(response => {\n  console.log(response.body);\n  expect(response.status).to.eq(200);\n  // Если API возвращает true после удаления\n  if (response.body.data) {\n    expect(response.body.data.deleteBankAccount).to.eq(true);\n  }\n});",
          "err": {},
          "uuid": "4a968d83-ae0b-43f8-8626-6f369b2605ed",
          "parentUUID": "98e1646c-bf84-45bc-a5b8-31e1f2f20d29",
          "isHook": false,
          "skipped": false
        },
        {
          "title": "2. Create bank account with empty bank name",
          "fullTitle": "2. Create bank account with empty bank name",
          "timedOut": null,
          "duration": 154,
          "state": "passed",
          "speed": "fast",
          "pass": true,
          "fail": false,
          "pending": false,
          "context": null,
          "code": "cy.task('db:seed');\n// логин пользователя через API\ncy.request({\n  method: 'POST',\n  url: 'http://localhost:3001/login',\n  failOnStatusCode: false,\n  body: {\n    username: 'Reyes.Osinski',\n    password: 's3cret'\n  }\n});\n// Создание банка\ncy.request({\n  method: 'POST',\n  url: 'http://localhost:3001/graphql',\n  body: {\n    operationName: 'CreateBankAccount',\n    query: `\n    mutation CreateBankAccount(\n      $bankName: String!,\n      $accountNumber: String!,\n      $routingNumber: String!\n    ) {\n    createBankAccount(\n      bankName: $bankName\n      accountNumber: $accountNumber\n      routingNumber: $routingNumber\n    ) {\n      id\n      uuid\n      userId\n      bankName\n      accountNumber\n      routingNumber\n      isDeleted\n      createdAt\n    }\n  }\n`,\n    variables: {\n      bankName: '',\n      accountNumber: '333333333',\n      routingNumber: '241233233'\n    }\n  }\n}).then(response => {\n  expect(response.status).to.eq(200);\n  expect(response.body.errors).to.not.exist;\n  expect(response.body.data.createBankAccount.id).to.be.a('string');\n  expect(response.body.data.createBankAccount.bankName).to.eq('');\n  expect(response.body.data.createBankAccount.accountNumber).to.eq('333333333');\n  expect(response.body.data.createBankAccount.routingNumber).to.eq('241233233');\n});",
          "err": {},
          "uuid": "4ec9d79f-8b8e-4376-8455-03c1df0c8a44",
          "parentUUID": "98e1646c-bf84-45bc-a5b8-31e1f2f20d29",
          "isHook": false,
          "skipped": false
        },
        {
          "title": "3. Create bank account with empty routing number",
          "fullTitle": "3. Create bank account with empty routing number",
          "timedOut": null,
          "duration": 153,
          "state": "passed",
          "speed": "fast",
          "pass": true,
          "fail": false,
          "pending": false,
          "context": null,
          "code": "cy.task('db:seed');\n// логин пользователя через API\ncy.request({\n  method: 'POST',\n  url: 'http://localhost:3001/login',\n  failOnStatusCode: false,\n  body: {\n    username: 'Reyes.Osinski',\n    password: 's3cret'\n  }\n});\n// Создание банка\ncy.request({\n  method: 'POST',\n  url: 'http://localhost:3001/graphql',\n  body: {\n    operationName: 'CreateBankAccount',\n    query: `\n    mutation CreateBankAccount(\n      $bankName: String!,\n      $accountNumber: String!,\n      $routingNumber: String!\n    ) {\n    createBankAccount(\n      bankName: $bankName\n      accountNumber: $accountNumber\n      routingNumber: $routingNumber\n    ) {\n      id\n      uuid\n      userId\n      bankName\n      accountNumber\n      routingNumber\n      isDeleted\n      createdAt\n    }\n  }\n`,\n    variables: {\n      bankName: 'Bank API',\n      accountNumber: '333333333',\n      routingNumber: ''\n    }\n  }\n}).then(response => {\n  expect(response.status).to.eq(200);\n  expect(response.body.errors).to.not.exist;\n  expect(response.body.data.createBankAccount.bankName).to.eq('Bank API');\n  expect(response.body.data.createBankAccount.accountNumber).to.eq('333333333');\n  expect(response.body.data.createBankAccount.routingNumber).to.eq('');\n});",
          "err": {},
          "uuid": "4158fa36-0fd1-4e0a-82a7-4496d5844d28",
          "parentUUID": "98e1646c-bf84-45bc-a5b8-31e1f2f20d29",
          "isHook": false,
          "skipped": false
        },
        {
          "title": "4. Create bank account with empty account number",
          "fullTitle": "4. Create bank account with empty account number",
          "timedOut": null,
          "duration": 149,
          "state": "passed",
          "speed": "fast",
          "pass": true,
          "fail": false,
          "pending": false,
          "context": null,
          "code": "cy.task('db:seed');\n// логин пользователя через API\ncy.request({\n  method: 'POST',\n  url: 'http://localhost:3001/login',\n  failOnStatusCode: false,\n  body: {\n    username: 'Reyes.Osinski',\n    password: 's3cret'\n  }\n});\n// Создание банка\ncy.request({\n  method: 'POST',\n  url: 'http://localhost:3001/graphql',\n  body: {\n    operationName: 'CreateBankAccount',\n    query: `\n    mutation CreateBankAccount(\n      $bankName: String!,\n      $accountNumber: String!,\n      $routingNumber: String!\n    ) {\n    createBankAccount(\n      bankName: $bankName\n      accountNumber: $accountNumber\n      routingNumber: $routingNumber\n    ) {\n      id\n      uuid\n      userId\n      bankName\n      accountNumber\n      routingNumber\n      isDeleted\n      createdAt\n    }\n  }\n`,\n    variables: {\n      bankName: 'Bank API',\n      accountNumber: '',\n      routingNumber: '241233233'\n    }\n  }\n}).then(response => {\n  expect(response.status).to.eq(200);\n  expect(response.body.errors).to.not.exist;\n  expect(response.body.data.createBankAccount.bankName).to.eq('Bank API');\n  expect(response.body.data.createBankAccount.accountNumber).to.eq('');\n  expect(response.body.data.createBankAccount.routingNumber).to.eq('241233233');\n});",
          "err": {},
          "uuid": "d40e0634-4753-48cc-b648-fcc74c94a020",
          "parentUUID": "98e1646c-bf84-45bc-a5b8-31e1f2f20d29",
          "isHook": false,
          "skipped": false
        },
        {
          "title": "5. Create bank account with long account number and routing number",
          "fullTitle": "5. Create bank account with long account number and routing number",
          "timedOut": null,
          "duration": 146,
          "state": "passed",
          "speed": "fast",
          "pass": true,
          "fail": false,
          "pending": false,
          "context": null,
          "code": "cy.task('db:seed');\n// логин пользователя через API\ncy.request({\n  method: 'POST',\n  url: 'http://localhost:3001/login',\n  failOnStatusCode: false,\n  body: {\n    username: 'Reyes.Osinski',\n    password: 's3cret'\n  }\n});\n// Создание банка\ncy.request({\n  method: 'POST',\n  url: 'http://localhost:3001/graphql',\n  body: {\n    operationName: 'CreateBankAccount',\n    query: `\n    mutation CreateBankAccount(\n      $bankName: String!,\n      $accountNumber: String!,\n      $routingNumber: String!\n    ) {\n    createBankAccount(\n      bankName: $bankName\n      accountNumber: $accountNumber\n      routingNumber: $routingNumber\n    ) {\n      id\n      uuid\n      userId\n      bankName\n      accountNumber\n      routingNumber\n      isDeleted\n      createdAt\n    }\n  }\n`,\n    variables: {\n      bankName: 'Bank API',\n      accountNumber: '51556655656561565565256652652655',\n      routingNumber: '481952525252525256256256256565656'\n    }\n  }\n}).then(response => {\n  expect(response.status).to.eq(200);\n  expect(response.body.errors).to.not.exist;\n  expect(response.body.data.createBankAccount.bankName).to.eq('Bank API');\n  expect(response.body.data.createBankAccount.accountNumber).to.eq('51556655656561565565256652652655');\n  expect(response.body.data.createBankAccount.routingNumber).to.eq('481952525252525256256256256565656');\n  const bankId = response.body.data.createBankAccount.id;\n  cy.log(`Created bank id: ${bankId}`);\n});",
          "err": {},
          "uuid": "7cdf6836-5103-4d5e-b67e-75e0108e4e1d",
          "parentUUID": "98e1646c-bf84-45bc-a5b8-31e1f2f20d29",
          "isHook": false,
          "skipped": false
        },
        {
          "title": "6. Create bank account with invalid account number and routing number",
          "fullTitle": "6. Create bank account with invalid account number and routing number",
          "timedOut": null,
          "duration": 221,
          "state": "passed",
          "speed": "fast",
          "pass": true,
          "fail": false,
          "pending": false,
          "context": null,
          "code": "cy.task('db:seed');\n// логин пользователя через API\ncy.request({\n  method: 'POST',\n  url: 'http://localhost:3001/login',\n  failOnStatusCode: false,\n  body: {\n    username: 'Reyes.Osinski',\n    password: 's3cret'\n  }\n});\n// Создание банка\ncy.request({\n  method: 'POST',\n  url: 'http://localhost:3001/graphql',\n  body: {\n    operationName: 'CreateBankAccount',\n    query: `\n    mutation CreateBankAccount(\n      $bankName: String!,\n      $accountNumber: String!,\n      $routingNumber: String!\n    ) {\n    createBankAccount(\n      bankName: $bankName\n      accountNumber: $accountNumber\n      routingNumber: $routingNumber\n    ) {\n      id\n      uuid\n      userId\n      bankName\n      accountNumber\n      routingNumber\n      isDeleted\n      createdAt\n    }\n  }\n`,\n    variables: {\n      bankName: 'Bank API',\n      accountNumber: '5155665aaa*--/',\n      routingNumber: '48195252wwww&^%'\n    }\n  }\n}).then(response => {\n  expect(response.status).to.eq(200);\n  expect(response.body.errors).to.not.exist;\n  expect(response.body.data.createBankAccount.bankName).to.eq('Bank API');\n  expect(response.body.data.createBankAccount.accountNumber).to.eq('5155665aaa*--/');\n  expect(response.body.data.createBankAccount.routingNumber).to.eq('48195252wwww&^%');\n});",
          "err": {},
          "uuid": "117e80d5-cb2d-4961-9082-efe807d3bf71",
          "parentUUID": "98e1646c-bf84-45bc-a5b8-31e1f2f20d29",
          "isHook": false,
          "skipped": false
        },
        {
          "title": "7. Create duplicate bank account (bug)",
          "fullTitle": "7. Create duplicate bank account (bug)",
          "timedOut": null,
          "duration": 151,
          "state": "passed",
          "speed": "fast",
          "pass": true,
          "fail": false,
          "pending": false,
          "context": null,
          "code": "cy.task('db:seed');\n// логин пользователя через API\ncy.request({\n  method: 'POST',\n  url: 'http://localhost:3001/login',\n  failOnStatusCode: false,\n  body: {\n    username: 'Reyes.Osinski',\n    password: 's3cret'\n  }\n});\n// Создание банка\ncy.request({\n  method: 'POST',\n  url: 'http://localhost:3001/graphql',\n  body: {\n    operationName: 'CreateBankAccount',\n    query: `\n    mutation CreateBankAccount(\n      $bankName: String!,\n      $accountNumber: String!,\n      $routingNumber: String!\n    ) {\n    createBankAccount(\n      bankName: $bankName\n      accountNumber: $accountNumber\n      routingNumber: $routingNumber\n    ) {\n      id\n      uuid\n      userId\n      bankName\n      accountNumber\n      routingNumber\n      isDeleted\n      createdAt\n    }\n  }\n`,\n    variables: {\n      bankName: 'Rosenbaum, Dach and Goyette Bank',\n      accountNumber: '7151213986',\n      routingNumber: '956968094'\n    }\n  }\n}).then(response => {\n  expect(response.status).to.eq(200);\n  expect(response.body.data.createBankAccount.bankName).to.eq('Rosenbaum, Dach and Goyette Bank');\n  expect(response.body.data.createBankAccount.accountNumber).to.eq('7151213986');\n  expect(response.body.data.createBankAccount.routingNumber).to.eq('956968094');\n  const bankId = response.body.data.createBankAccount.id;\n  cy.log(`Created bank id: ${bankId}`);\n});",
          "err": {},
          "uuid": "c4c960f9-2f2b-4abd-8194-7acbbd3c5d4a",
          "parentUUID": "98e1646c-bf84-45bc-a5b8-31e1f2f20d29",
          "isHook": false,
          "skipped": false
        },
        {
          "title": "8. Create bank account with values below minimum length for bank name and account number",
          "fullTitle": "8. Create bank account with values below minimum length for bank name and account number",
          "timedOut": null,
          "duration": 146,
          "state": "passed",
          "speed": "fast",
          "pass": true,
          "fail": false,
          "pending": false,
          "context": null,
          "code": "cy.task('db:seed');\n// логин пользователя через API\ncy.request({\n  method: 'POST',\n  url: 'http://localhost:3001/login',\n  failOnStatusCode: false,\n  body: {\n    username: 'Reyes.Osinski',\n    password: 's3cret'\n  }\n});\n// Создание банка\ncy.request({\n  method: 'POST',\n  url: 'http://localhost:3001/graphql',\n  body: {\n    operationName: 'CreateBankAccount',\n    query: `\n    mutation CreateBankAccount(\n      $bankName: String!,\n      $accountNumber: String!,\n      $routingNumber: String!\n    ) {\n    createBankAccount(\n      bankName: $bankName\n      accountNumber: $accountNumber\n      routingNumber: $routingNumber\n    ) {\n      id\n      uuid\n      userId\n      bankName\n      accountNumber\n      routingNumber\n      isDeleted\n      createdAt\n    }\n  }\n`,\n    variables: {\n      bankName: 'Bank',\n      accountNumber: '123456789',\n      routingNumber: '12345678'\n    }\n  }\n}).then(response => {\n  expect(response.status).to.eq(200);\n  expect(response.body.data.createBankAccount.bankName).to.eq('Bank');\n  expect(response.body.data.createBankAccount.accountNumber).to.eq('123456789');\n  expect(response.body.data.createBankAccount.routingNumber).to.eq('12345678');\n  const bankId = response.body.data.createBankAccount.id;\n  cy.log(`Created bank id: ${bankId}`);\n});",
          "err": {},
          "uuid": "09cfeb0c-0046-4042-9b08-12c92debb655",
          "parentUUID": "98e1646c-bf84-45bc-a5b8-31e1f2f20d29",
          "isHook": false,
          "skipped": false
        },
        {
          "title": "9. Create bank account with minimum valid field lengths",
          "fullTitle": "9. Create bank account with minimum valid field lengths",
          "timedOut": null,
          "duration": 162,
          "state": "passed",
          "speed": "fast",
          "pass": true,
          "fail": false,
          "pending": false,
          "context": null,
          "code": "cy.task('db:seed');\n// логин пользователя через API\ncy.request({\n  method: 'POST',\n  url: 'http://localhost:3001/login',\n  failOnStatusCode: false,\n  body: {\n    username: 'Reyes.Osinski',\n    password: 's3cret'\n  }\n});\n// Создание банка\ncy.request({\n  method: 'POST',\n  url: 'http://localhost:3001/graphql',\n  body: {\n    operationName: 'CreateBankAccount',\n    query: `\n    mutation CreateBankAccount(\n      $bankName: String!,\n      $accountNumber: String!,\n      $routingNumber: String!\n    ) {\n    createBankAccount(\n      bankName: $bankName\n      accountNumber: $accountNumber\n      routingNumber: $routingNumber\n    ) {\n      id\n      uuid\n      userId\n      bankName\n      accountNumber\n      routingNumber\n      isDeleted\n      createdAt\n    }\n  }\n`,\n    variables: {\n      bankName: 'Bank1',\n      accountNumber: '123456789',\n      routingNumber: '123456789'\n    }\n  }\n}).then(response => {\n  expect(response.status).to.eq(200);\n  expect(response.body.errors).to.not.exist;\n  expect(response.body.data.createBankAccount.bankName).to.eq('Bank1');\n  expect(response.body.data.createBankAccount.accountNumber).to.eq('123456789');\n  expect(response.body.data.createBankAccount.routingNumber).to.eq('123456789');\n  const bankId = response.body.data.createBankAccount.id;\n  cy.log(`Created bank id: ${bankId}`);\n});",
          "err": {},
          "uuid": "7432d126-dad8-43e0-9a3e-90a768a0a72d",
          "parentUUID": "98e1646c-bf84-45bc-a5b8-31e1f2f20d29",
          "isHook": false,
          "skipped": false
        },
        {
          "title": "10. Create bank account with a long Account Number",
          "fullTitle": "10. Create bank account with a long Account Number",
          "timedOut": null,
          "duration": 156,
          "state": "passed",
          "speed": "fast",
          "pass": true,
          "fail": false,
          "pending": false,
          "context": null,
          "code": "cy.task('db:seed');\n// логин пользователя через API\ncy.request({\n  method: 'POST',\n  url: 'http://localhost:3001/login',\n  failOnStatusCode: false,\n  body: {\n    username: 'Reyes.Osinski',\n    password: 's3cret'\n  }\n});\n// Создание банка\ncy.request({\n  method: 'POST',\n  url: 'http://localhost:3001/graphql',\n  body: {\n    operationName: 'CreateBankAccount',\n    query: `\n    mutation CreateBankAccount(\n      $bankName: String!,\n      $accountNumber: String!,\n      $routingNumber: String!\n    ) {\n    createBankAccount(\n      bankName: $bankName\n      accountNumber: $accountNumber\n      routingNumber: $routingNumber\n    ) {\n      id\n      uuid\n      userId\n      bankName\n      accountNumber\n      routingNumber\n      isDeleted\n      createdAt\n    }\n  }\n`,\n    variables: {\n      bankName: 'Bank Test',\n      routingNumber: '123456789',\n      accountNumber: '123456789012'\n    }\n  }\n}).then(response => {\n  expect(response.status).to.eq(200);\n  expect(response.body.errors).to.not.exist;\n  expect(response.body.data.createBankAccount.bankName).to.eq('Bank Test');\n  expect(response.body.data.createBankAccount.routingNumber).to.eq('123456789');\n  expect(response.body.data.createBankAccount.accountNumber).to.eq('123456789012');\n  const bankId = response.body.data.createBankAccount.id;\n  cy.log(`Created bank id: ${bankId}`);\n});",
          "err": {},
          "uuid": "88ab76ab-887b-45fc-a27b-eccf42a72b82",
          "parentUUID": "98e1646c-bf84-45bc-a5b8-31e1f2f20d29",
          "isHook": false,
          "skipped": false
        },
        {
          "title": "11. Create bank account with a 100-character bank name",
          "fullTitle": "11. Create bank account with a 100-character bank name",
          "timedOut": null,
          "duration": 148,
          "state": "passed",
          "speed": "fast",
          "pass": true,
          "fail": false,
          "pending": false,
          "context": null,
          "code": "cy.task('db:seed');\n// логин пользователя через API\ncy.request({\n  method: 'POST',\n  url: 'http://localhost:3001/login',\n  failOnStatusCode: false,\n  body: {\n    username: 'Reyes.Osinski',\n    password: 's3cret'\n  }\n});\n// Создание банка\ncy.request({\n  method: 'POST',\n  url: 'http://localhost:3001/graphql',\n  body: {\n    operationName: 'CreateBankAccount',\n    query: `\n    mutation CreateBankAccount(\n      $bankName: String!,\n      $accountNumber: String!,\n      $routingNumber: String!\n    ) {\n    createBankAccount(\n      bankName: $bankName\n      accountNumber: $accountNumber\n      routingNumber: $routingNumber\n    ) {\n      id\n      uuid\n      userId\n      bankName\n      accountNumber\n      routingNumber\n      isDeleted\n      createdAt\n    }\n  }\n`,\n    variables: {\n      bankName: 'Bank of America National Association Corporate Trust Services New York Branch Global Division 2026',\n      routingNumber: '123456789',\n      accountNumber: '123456789012'\n    }\n  }\n}).then(response => {\n  expect(response.status).to.eq(200);\n  expect(response.body.errors).to.not.exist;\n  expect(response.body.data.createBankAccount.bankName).to.eq('Bank of America National Association Corporate Trust Services New York Branch Global Division 2026');\n  expect(response.body.data.createBankAccount.routingNumber).to.eq('123456789');\n  expect(response.body.data.createBankAccount.accountNumber).to.eq('123456789012');\n});",
          "err": {},
          "uuid": "cd6cbebb-15d8-4ab2-ae57-cc4df88cc1f0",
          "parentUUID": "98e1646c-bf84-45bc-a5b8-31e1f2f20d29",
          "isHook": false,
          "skipped": false
        },
        {
          "title": "12. Create bank account without routing number",
          "fullTitle": "12. Create bank account without routing number",
          "timedOut": null,
          "duration": 147,
          "state": "passed",
          "speed": "fast",
          "pass": true,
          "fail": false,
          "pending": false,
          "context": null,
          "code": "cy.task('db:seed');\n// логин пользователя через API\ncy.request({\n  method: 'POST',\n  url: 'http://localhost:3001/login',\n  failOnStatusCode: false,\n  body: {\n    username: 'Reyes.Osinski',\n    password: 's3cret'\n  }\n});\n// Создание банка\ncy.request({\n  method: 'POST',\n  url: 'http://localhost:3001/graphql',\n  body: {\n    operationName: 'CreateBankAccount',\n    query: `\n    mutation CreateBankAccount(\n      $bankName: String!,\n      $accountNumber: String!,\n      $routingNumber: String!\n    ) {\n    createBankAccount(\n      bankName: $bankName\n      accountNumber: $accountNumber\n      routingNumber: $routingNumber\n    ) {\n      id\n      uuid\n      userId\n      bankName\n      accountNumber\n      routingNumber\n      isDeleted\n      createdAt\n    }\n  }\n`,\n    variables: {\n      bankName: 'Bank of America National Association Corporate Trust Services New York Branch Global Division 2026',\n      accountNumber: '123456789012'\n    }\n  }\n}).then(response => {\n  expect(response.status).to.eq(200);\n  expect(response.body.errors).to.exist;\n  expect(response.body.errors).to.have.length.greaterThan(0);\n  expect(response.body.errors[0].message).to.include('routingNumber');\n});",
          "err": {},
          "uuid": "54319c6b-c633-4d2c-86b3-266b7aa51bf8",
          "parentUUID": "98e1646c-bf84-45bc-a5b8-31e1f2f20d29",
          "isHook": false,
          "skipped": false
        },
        {
          "title": "13. Create bank account with whitespace-only values (bug)",
          "fullTitle": "13. Create bank account with whitespace-only values (bug)",
          "timedOut": null,
          "duration": 150,
          "state": "passed",
          "speed": "fast",
          "pass": true,
          "fail": false,
          "pending": false,
          "context": null,
          "code": "cy.task('db:seed');\n// логин пользователя через API\ncy.request({\n  method: 'POST',\n  url: 'http://localhost:3001/login',\n  failOnStatusCode: false,\n  body: {\n    username: 'Reyes.Osinski',\n    password: 's3cret'\n  }\n});\n// Создание банка\ncy.request({\n  method: 'POST',\n  url: 'http://localhost:3001/graphql',\n  body: {\n    operationName: 'CreateBankAccount',\n    query: `\n    mutation CreateBankAccount(\n      $bankName: String!,\n      $accountNumber: String!,\n      $routingNumber: String!\n    ) {\n    createBankAccount(\n      bankName: $bankName\n      accountNumber: $accountNumber\n      routingNumber: $routingNumber\n    ) {\n      id\n      uuid\n      userId\n      bankName\n      accountNumber\n      routingNumber\n      isDeleted\n      createdAt\n    }\n  }\n`,\n    variables: {\n      bankName: '     ',\n      routingNumber: '         ',\n      accountNumber: '         '\n    }\n  }\n}).then(response => {\n  expect(response.status).to.eq(200);\n  expect(response.body.data.createBankAccount.bankName).to.eq('     ');\n  expect(response.body.data.createBankAccount.routingNumber).to.eq('         ');\n  expect(response.body.data.createBankAccount.accountNumber).to.eq('         ');\n  expect(response.body.errors).to.not.exist;\n  expect(response.body.data.createBankAccount.id).to.be.a('string');\n  expect(response.body.data.createBankAccount.isDeleted).to.eq(false);\n});",
          "err": {},
          "uuid": "ada74301-3c4a-48fa-84fe-96a832790a8c",
          "parentUUID": "98e1646c-bf84-45bc-a5b8-31e1f2f20d29",
          "isHook": false,
          "skipped": false
        }
      ],
      "suites": [],
      "passes": [
        "4a968d83-ae0b-43f8-8626-6f369b2605ed",
        "4ec9d79f-8b8e-4376-8455-03c1df0c8a44",
        "4158fa36-0fd1-4e0a-82a7-4496d5844d28",
        "d40e0634-4753-48cc-b648-fcc74c94a020",
        "7cdf6836-5103-4d5e-b67e-75e0108e4e1d",
        "117e80d5-cb2d-4961-9082-efe807d3bf71",
        "c4c960f9-2f2b-4abd-8194-7acbbd3c5d4a",
        "09cfeb0c-0046-4042-9b08-12c92debb655",
        "7432d126-dad8-43e0-9a3e-90a768a0a72d",
        "88ab76ab-887b-45fc-a27b-eccf42a72b82",
        "cd6cbebb-15d8-4ab2-ae57-cc4df88cc1f0",
        "54319c6b-c633-4d2c-86b3-266b7aa51bf8",
        "ada74301-3c4a-48fa-84fe-96a832790a8c"
      ],
      "failures": [],
      "pending": [],
      "skipped": [],
      "duration": 2144,
      "root": true,
      "rootEmpty": false,
      "_timeout": 2000
    }
  ],
  "meta": {
    "mocha": {
      "version": "7.2.0"
    },
    "mochawesome": {
      "options": {
        "quiet": false,
        "reportFilename": "mochawesome",
        "saveHtml": false,
        "saveJson": true,
        "consoleReporter": "spec",
        "useInlineDiffs": false,
        "code": true
      },
      "version": "8.0.1"
    },
    "marge": {
      "options": {
        "reportDir": "cypress/results",
        "overwrite": false,
        "html": false,
        "json": true
      },
      "version": "6.3.2"
    }
  }
}