{
  "stats": {
    "suites": 0,
    "tests": 9,
    "passes": 9,
    "pending": 0,
    "failures": 0,
    "start": "2026-08-11T07:15:08.261Z",
    "end": "2026-08-11T07:15:40.322Z",
    "duration": 32061,
    "testsRegistered": 9,
    "passPercent": 100,
    "pendingPercent": 0,
    "other": 0,
    "hasOther": false,
    "skipped": 0,
    "hasSkipped": false
  },
  "results": [
    {
      "uuid": "d9c3e4fb-0314-4800-811b-18306463c588",
      "title": "",
      "fullFile": "cypress\\tests\\paveltests\\UI\\new-request.spec.js",
      "file": "cypress\\tests\\paveltests\\UI\\new-request.spec.js",
      "beforeHooks": [],
      "afterHooks": [],
      "tests": [
        {
          "title": "1. should create a new money request",
          "fullTitle": "1. should create a new money request",
          "timedOut": null,
          "duration": 4277,
          "state": "passed",
          "speed": "fast",
          "pass": true,
          "fail": false,
          "pending": false,
          "context": null,
          "code": "cy.task('db:seed'); // удалить все тестовые данные/сброс БД до исходного состояния\ncy.loginpavel('Reyes.Osinski', 's3cret');\ncy.contains('@Reyes.Osinski') //проверка пользователь отображен на странице\n.should('be.visible');\ncy.get('[data-test=\"nav-top-new-transaction\"]').click();\ncy.contains('Ted Parisian').click();\ncy.get('[name=\"amount\"]').type('5');\ncy.get('#transaction-create-description-input').type('Other');\ncy.get('[data-test=\"transaction-create-submit-request\"]').click();\ncy.contains('Transaction Submitted!').should('be.visible');\ncy.contains('Requested $5.00 for Other').should('be.visible');",
          "err": {},
          "uuid": "8b6bd647-cce1-47ed-abeb-f05ee3d32c04",
          "parentUUID": "d9c3e4fb-0314-4800-811b-18306463c588",
          "isHook": false,
          "skipped": false
        },
        {
          "title": "2. should allow creating a money request with a zero amount",
          "fullTitle": "2. should allow creating a money request with a zero amount",
          "timedOut": null,
          "duration": 2492,
          "state": "passed",
          "speed": "fast",
          "pass": true,
          "fail": false,
          "pending": false,
          "context": null,
          "code": "cy.task('db:seed'); // удалить все тестовые данные/сброс БД до исходного состояния\ncy.intercept('POST', '/login').as('login'); //перехват запроса\ncy.loginpavel('Reyes.Osinski', 's3cret');\ncy.wait('@login') // проверка сервер вернул 200\n.its('response.statusCode').should('eq', 200);\ncy.get('[data-test=\"nav-top-new-transaction\"]').click();\ncy.contains('Ted Parisian').click();\ncy.get('[name=\"amount\"]').type('0');\ncy.get('#transaction-create-description-input').type('Other');\ncy.get('[data-test=\"transaction-create-submit-request\"]').click();\ncy.contains('Transaction Submitted!').should('be.visible');\ncy.contains('Requested $0.00 for Other').should('be.visible');",
          "err": {},
          "uuid": "5ddbee85-e827-4f26-bd21-f0e77aa5f030",
          "parentUUID": "d9c3e4fb-0314-4800-811b-18306463c588",
          "isHook": false,
          "skipped": false
        },
        {
          "title": "3. should allow requesting a negative amount",
          "fullTitle": "3. should allow requesting a negative amount",
          "timedOut": null,
          "duration": 2482,
          "state": "passed",
          "speed": "fast",
          "pass": true,
          "fail": false,
          "pending": false,
          "context": null,
          "code": "cy.task('db:seed'); // удалить все тестовые данные/сброс БД до исходного состояния\ncy.loginpavel('Reyes.Osinski', 's3cret');\ncy.get('[data-test=\"nav-top-new-transaction\"]').click();\ncy.contains('Ted Parisian').click();\ncy.get('[name=\"amount\"]').type('-85');\ncy.get('#transaction-create-description-input').type('Other');\ncy.get('[data-test=\"transaction-create-submit-request\"]').click();\ncy.contains('Transaction Submitted!').should('be.visible');\ncy.contains('Requested -$85.00 for Other').should('be.visible');",
          "err": {},
          "uuid": "6a507f05-4256-465a-9815-5e82a316bfb0",
          "parentUUID": "d9c3e4fb-0314-4800-811b-18306463c588",
          "isHook": false,
          "skipped": false
        },
        {
          "title": "4. should truncate the decimal amount when creating a money request",
          "fullTitle": "4. should truncate the decimal amount when creating a money request",
          "timedOut": null,
          "duration": 2638,
          "state": "passed",
          "speed": "fast",
          "pass": true,
          "fail": false,
          "pending": false,
          "context": null,
          "code": "cy.task('db:seed'); // удалить все тестовые данные/сброс БД до исходного состояния\ncy.intercept('POST', '/login').as('login'); //перехват запроса\ncy.loginpavel('Reyes.Osinski', 's3cret');\ncy.wait('@login') // проверка сервер вернул 200\n.its('response.statusCode').should('eq', 200);\ncy.get('[data-test=\"nav-top-new-transaction\"]').click();\ncy.contains('Ted Parisian').click();\ncy.get('[name=\"amount\"]').type('85.63');\ncy.get('#transaction-create-description-input').type('Other');\ncy.get('[data-test=\"transaction-create-submit-request\"]').click();\ncy.contains('Transaction Submitted!').should('be.visible');\ncy.contains('Requested $85.00 for Other').should('be.visible');",
          "err": {},
          "uuid": "a1d1ad3b-19d0-4ebd-abac-c3c5e073ff3a",
          "parentUUID": "d9c3e4fb-0314-4800-811b-18306463c588",
          "isHook": false,
          "skipped": false
        },
        {
          "title": "5. should allow creating a money request exceeding the available balance",
          "fullTitle": "5. should allow creating a money request exceeding the available balance",
          "timedOut": null,
          "duration": 2722,
          "state": "passed",
          "speed": "fast",
          "pass": true,
          "fail": false,
          "pending": false,
          "context": null,
          "code": "cy.task('db:seed'); // удалить все тестовые данные/сброс БД до исходного состояния\ncy.intercept('POST', '/login').as('login'); //перехват запроса\ncy.loginpavel('Reyes.Osinski', 's3cret');\ncy.wait('@login') // проверка сервер вернул 200\n.its('response.statusCode').should('eq', 200);\ncy.get('[data-test=\"nav-top-new-transaction\"]').click();\ncy.contains('Ted Parisian').click();\ncy.get('[name=\"amount\"]').type('4500');\ncy.get('#transaction-create-description-input').type('Other');\ncy.get('[data-test=\"transaction-create-submit-request\"]').click();\ncy.contains('Transaction Submitted!').should('be.visible');\ncy.contains('Requested $4,500.00 for Other').should('be.visible');",
          "err": {},
          "uuid": "1caa347a-e03d-48ac-b0dd-bb20149caaa1",
          "parentUUID": "d9c3e4fb-0314-4800-811b-18306463c588",
          "isHook": false,
          "skipped": false
        },
        {
          "title": "6. should not allow creating a money request with an empty description",
          "fullTitle": "6. should not allow creating a money request with an empty description",
          "timedOut": null,
          "duration": 2135,
          "state": "passed",
          "speed": "fast",
          "pass": true,
          "fail": false,
          "pending": false,
          "context": null,
          "code": "cy.task('db:seed'); // удалить все тестовые данные/сброс БД до исходного состояния\ncy.intercept('POST', '/login').as('login');\ncy.loginpavel('Reyes.Osinski', 's3cret');\ncy.wait('@login').its('response.statusCode').should('eq', 200);\ncy.get('[data-test=\"nav-top-new-transaction\"]').click();\ncy.contains('Ted Parisian').click();\ncy.get('[name=\"amount\"]').type('65');\ncy.get('#transaction-create-description-input').focus().blur();\ncy.get('[data-test=\"transaction-create-submit-request\"]').should('be.disabled');\ncy.contains('Please enter a note').should('be.visible');",
          "err": {},
          "uuid": "20c1f17e-db0f-4a9e-a217-cc0d3bea7994",
          "parentUUID": "d9c3e4fb-0314-4800-811b-18306463c588",
          "isHook": false,
          "skipped": false
        },
        {
          "title": "7. should allow creating a money request with a whitespace-only description",
          "fullTitle": "7. should allow creating a money request with a whitespace-only description",
          "timedOut": null,
          "duration": 2262,
          "state": "passed",
          "speed": "fast",
          "pass": true,
          "fail": false,
          "pending": false,
          "context": null,
          "code": "cy.task('db:seed'); // удалить все тестовые данные/сброс БД до исходного состояния\ncy.intercept('POST', '/login').as('login');\ncy.loginpavel('Reyes.Osinski', 's3cret');\ncy.wait('@login').its('response.statusCode').should('eq', 200);\ncy.get('[data-test=\"nav-top-new-transaction\"]').click();\ncy.contains('Ted Parisian').click();\ncy.get('[name=\"amount\"]').type('50');\ncy.get('#transaction-create-description-input').type(' ');\ncy.get('[data-test=\"transaction-create-submit-request\"]').click();\ncy.contains('Transaction Submitted!').should('be.visible');\ncy.contains('Requested $50.00 for ').should('be.visible');",
          "err": {},
          "uuid": "8f20a16c-5492-4acb-9b2b-de107087e308",
          "parentUUID": "d9c3e4fb-0314-4800-811b-18306463c588",
          "isHook": false,
          "skipped": false
        },
        {
          "title": "8. should discard unsaved request form data after page reload",
          "fullTitle": "8. should discard unsaved request form data after page reload",
          "timedOut": null,
          "duration": 3353,
          "state": "passed",
          "speed": "fast",
          "pass": true,
          "fail": false,
          "pending": false,
          "context": null,
          "code": "cy.task('db:seed'); // удалить все тестовые данные/сброс БД до исходного состояния\ncy.intercept('POST', '/login').as('login');\ncy.loginpavel('Reyes.Osinski', 's3cret');\ncy.wait('@login').its('response.statusCode').should('eq', 200);\ncy.get('[data-test=\"nav-top-new-transaction\"]').click();\ncy.contains('Ted Parisian').click();\ncy.get('[name=\"amount\"]').type('57');\ncy.get('#transaction-create-description-input').type('Other');\n// Проверка возврата к первому шагу создания запроса\ncy.reload();\ncy.contains('Select Contact').should('be.visible');\ncy.get('[data-test=\"sidenav-home\"]').click();\ncy.get('[data-test=\"nav-personal-tab\"]').click();\ncy.contains('+$57').should('not.exist');",
          "err": {},
          "uuid": "836cb8c8-9601-4b2b-a119-c1c0579cdec2",
          "parentUUID": "d9c3e4fb-0314-4800-811b-18306463c588",
          "isHook": false,
          "skipped": false
        },
        {
          "title": "9. should complete a money request flow and update both users balances",
          "fullTitle": "9. should complete a money request flow and update both users balances",
          "timedOut": null,
          "duration": 9040,
          "state": "passed",
          "speed": "medium",
          "pass": true,
          "fail": false,
          "pending": false,
          "context": null,
          "code": "cy.task('db:seed'); // удалить все тестовые данные/сброс БД до исходного состояния\n// логин под 1ым пользователем  \ncy.intercept('POST', '/login').as('login'); //перехват запроса\ncy.loginpavel('Reyes.Osinski', 's3cret');\n// проверки сервер вернул 200 и пользователь отображен на странице\ncy.wait('@login') // проверка сервер вернул 200\n.its('response.statusCode').should('eq', 200);\ncy.contains('@Reyes.Osinski').should('be.visible');\n// считать баланс с экрана и сохранить в переменную senderBalance\nlet senderBalance;\ncy.get('[data-test=\"sidenav-user-balance\"]').invoke('text').then(text => {\n  senderBalance = Number(text.replace(/[$,]/g, ''));\n});\n// создание запроса на перевод  \ncy.get('[data-test=\"nav-top-new-transaction\"]').click();\ncy.contains('Ted Parisian').click();\ncy.get('[name=\"amount\"]').type('60');\ncy.get('#transaction-create-description-input').type('Other');\ncy.get('[data-test=\"transaction-create-submit-request\"]').click();\ncy.contains('Transaction Submitted!').should('be.visible');\ncy.contains('Requested $60.00 for Other').should('be.visible');\ncy.get('[data-test=\"sidenav-signout\"]').click();\n// логин под 2-ым пользователем\ncy.loginpavel('Heath93', 's3cret');\n//проверка 2ой пользователь отображен на странице\ncy.contains('@Heath93').should('be.visible');\n// считать баланс с экрана 2го пользователя и сохранить в переменную requesterBalance\nlet requesterBalance;\ncy.get('[data-test=\"sidenav-user-balance\"]').invoke('text').then(text => {\n  requesterBalance = Number(text.replace(/[$,]/g, ''));\n});\n// переход в личное и проверка что пользователь видит запрос на перевод\ncy.get('[data-test=\"nav-personal-tab\"]').click();\ncy.contains('Ruthie Prosacco requested Ted Parisian').should('be.visible');\n// переход на страницу перевода и подтверждение запроса на перевод\ncy.contains('[data-test^=\"transaction-item-\"]', 'Ruthie Prosacco requested Ted Parisian').click();\ncy.get('[data-test^=\"transaction-accept-request-\"]').click();\ncy.get('[data-test^=\"transaction-accept-request-\"]').should('not.exist');\n// выход из 2-го пользователя  \ncy.get('[data-test=\"sidenav-signout\"]').click();\n// повторный вход под 2-ым пользователем для проверки баланса\ncy.loginpavel('Heath93', 's3cret');\n//проверка 2ой пользователь отображен на странице\ncy.contains('@Heath93').should('be.visible');\n// проверка изменения баланса у 2 го пользователя после подтверждения запроса\ncy.get('[data-test=\"sidenav-user-balance\"]').invoke('text').then(text => {\n  const newBalance = Number(text.replace(/[$,]/g, ''));\n  expect(newBalance).to.eq(requesterBalance - 60);\n});\n// выход из 2-го пользователя  \ncy.get('[data-test=\"sidenav-signout\"]').click();\n// повторный вход под 1-ым пользователем\ncy.loginpavel('Reyes.Osinski', 's3cret');\n//проверка 1ый пользователь отображен на странице\ncy.contains('@Reyes.Osinski').should('be.visible');\n// проверка изменения баланса у 1го пользователя после подтверждения запроса\ncy.get('[data-test=\"sidenav-user-balance\"]').invoke('text').then(text => {\n  const newBalance = Number(text.replace(/[$,]/g, ''));\n  expect(newBalance).to.eq(senderBalance + 60);\n});\n// выход из 1-го пользователя  \ncy.get('[data-test=\"sidenav-signout\"]').click();",
          "err": {},
          "uuid": "62e73f50-f37d-4cf0-9041-0be09c2b701a",
          "parentUUID": "d9c3e4fb-0314-4800-811b-18306463c588",
          "isHook": false,
          "skipped": false
        }
      ],
      "suites": [],
      "passes": [
        "8b6bd647-cce1-47ed-abeb-f05ee3d32c04",
        "5ddbee85-e827-4f26-bd21-f0e77aa5f030",
        "6a507f05-4256-465a-9815-5e82a316bfb0",
        "a1d1ad3b-19d0-4ebd-abac-c3c5e073ff3a",
        "1caa347a-e03d-48ac-b0dd-bb20149caaa1",
        "20c1f17e-db0f-4a9e-a217-cc0d3bea7994",
        "8f20a16c-5492-4acb-9b2b-de107087e308",
        "836cb8c8-9601-4b2b-a119-c1c0579cdec2",
        "62e73f50-f37d-4cf0-9041-0be09c2b701a"
      ],
      "failures": [],
      "pending": [],
      "skipped": [],
      "duration": 31401,
      "root": true,
      "rootEmpty": false,
      "_timeout": 2000
    }
  ],
  "meta": {
    "mocha": {
      "version": "7.2.0"
    },
    "mochawesome": {
      "options": {
        "quiet": false,
        "reportFilename": "mochawesome",
        "saveHtml": false,
        "saveJson": true,
        "consoleReporter": "spec",
        "useInlineDiffs": false,
        "code": true
      },
      "version": "8.0.1"
    },
    "marge": {
      "options": {
        "reportDir": "cypress/results",
        "overwrite": false,
        "html": false,
        "json": true
      },
      "version": "6.3.2"
    }
  }
}