{
  "stats": {
    "suites": 0,
    "tests": 14,
    "passes": 14,
    "pending": 0,
    "failures": 0,
    "start": "2026-08-11T07:13:31.654Z",
    "end": "2026-08-11T07:13:34.780Z",
    "duration": 3126,
    "testsRegistered": 14,
    "passPercent": 100,
    "pendingPercent": 0,
    "other": 0,
    "hasOther": false,
    "skipped": 0,
    "hasSkipped": false
  },
  "results": [
    {
      "uuid": "c0deb5f8-773d-447a-8d88-002a88074b4a",
      "title": "",
      "fullFile": "cypress\\tests\\paveltests\\API\\requestAPI.spec.js",
      "file": "cypress\\tests\\paveltests\\API\\requestAPI.spec.js",
      "beforeHooks": [],
      "afterHooks": [],
      "tests": [
        {
          "title": "1. should create a new money request",
          "fullTitle": "1. should create a new money request",
          "timedOut": null,
          "duration": 210,
          "state": "passed",
          "speed": "fast",
          "pass": true,
          "fail": false,
          "pending": false,
          "context": null,
          "code": "let senderId;\nlet receiverId;\ncy.task('db:seed');\n// авторизация через API + добавил const id пользователя\ncy.request({\n  method: 'POST',\n  url: 'http://localhost:3001/login',\n  body: {\n    username: 'Reyes.Osinski',\n    password: 's3cret'\n  }\n}).then(response => {\n  senderId = response.body.user.id;\n  cy.log(senderId);\n});\n// Получение id users и запись в const \ncy.request({\n  method: 'GET',\n  url: 'http://localhost:3001/users'\n}).then(response => {\n  const user = response.body.results.find(user => user.firstName === 'Ted');\n  receiverId = user.id;\n  // Создание запроса\n  cy.request({\n    method: 'POST',\n    url: 'http://localhost:3001/transactions',\n    body: {\n      senderId: senderId,\n      receiverId: receiverId,\n      amount: 100,\n      description: 'Other',\n      transactionType: \"request\"\n    }\n  }).then(response => {\n    expect(response.status).to.eq(200);\n    expect(response.body.transaction.id).to.exist;\n    expect(response.body.transaction.senderId).to.eq(senderId);\n    expect(response.body.transaction.receiverId).to.eq(receiverId);\n    expect(response.body.transaction.amount).to.eq(10000);\n    expect(response.body.transaction.status).to.eq('pending');\n  });\n});",
          "err": {},
          "uuid": "1637a189-6c84-4c3c-b2bc-9390e300f18b",
          "parentUUID": "c0deb5f8-773d-447a-8d88-002a88074b4a",
          "isHook": false,
          "skipped": false
        },
        {
          "title": "2. should handle creating a new money request with empty amount",
          "fullTitle": "2. should handle creating a new money request with empty amount",
          "timedOut": null,
          "duration": 160,
          "state": "passed",
          "speed": "fast",
          "pass": true,
          "fail": false,
          "pending": false,
          "context": null,
          "code": "let senderId;\nlet receiverId;\ncy.task('db:seed');\n// авторизация\ncy.request({\n  method: 'POST',\n  url: 'http://localhost:3001/login',\n  body: {\n    username: 'Reyes.Osinski',\n    password: 's3cret'\n  }\n}).then(response => {\n  senderId = response.body.user.id;\n  cy.log(senderId);\n});\n// Получение id users и запись в const \ncy.request({\n  method: 'GET',\n  url: 'http://localhost:3001/users'\n}).then(response => {\n  const user = response.body.results.find(user => user.firstName === 'Ted');\n  receiverId = user.id;\n  // Создание запроса\n  cy.request({\n    method: 'POST',\n    url: 'http://localhost:3001/transactions',\n    failOnStatusCode: false,\n    body: {\n      senderId: senderId,\n      receiverId: receiverId,\n      amount: '',\n      description: 'Other',\n      transactionType: \"request\"\n    }\n  }).then(response => {\n    expect(response.status).to.eq(422);\n    expect(response.body.errors).to.have.length(1);\n    expect(response.body.errors[0].param).to.eq('amount');\n    expect(response.body.errors[0].msg).to.eq('Invalid value');\n    expect(response.body.errors[0].location).to.eq('body');\n    cy.log(JSON.stringify(response.body));\n  });\n});",
          "err": {},
          "uuid": "2d1d9c58-b27f-4bf1-a8fa-9c9a04e79349",
          "parentUUID": "c0deb5f8-773d-447a-8d88-002a88074b4a",
          "isHook": false,
          "skipped": false
        },
        {
          "title": "3. should handle creating a new money request with empty description",
          "fullTitle": "3. should handle creating a new money request with empty description",
          "timedOut": null,
          "duration": 210,
          "state": "passed",
          "speed": "fast",
          "pass": true,
          "fail": false,
          "pending": false,
          "context": null,
          "code": "let senderId;\nlet receiverId;\ncy.task('db:seed');\n// авторизация через API + добавил const id пользователя\ncy.request({\n  method: 'POST',\n  url: 'http://localhost:3001/login',\n  body: {\n    username: 'Reyes.Osinski',\n    password: 's3cret'\n  }\n}).then(response => {\n  senderId = response.body.user.id;\n  cy.log(senderId);\n});\n// Получение id users и запись в const \ncy.request({\n  method: 'GET',\n  url: 'http://localhost:3001/users'\n}).then(response => {\n  const user = response.body.results.find(user => user.firstName === 'Ted');\n  receiverId = user.id;\n  // Создание запроса\n  cy.request({\n    method: 'POST',\n    url: 'http://localhost:3001/transactions',\n    failOnStatusCode: false,\n    body: {\n      senderId: senderId,\n      receiverId: receiverId,\n      amount: 300,\n      description: '',\n      transactionType: \"request\"\n    }\n  }).then(response => {\n    expect(response.status).to.eq(200);\n    expect(response.body.transaction.id).to.exist;\n    expect(response.body.transaction.senderId).to.eq(senderId);\n    expect(response.body.transaction.receiverId).to.eq(receiverId);\n    expect(response.body.transaction.amount).to.eq(30000);\n    expect(response.body.transaction.status).to.eq('pending');\n    expect(response.body.transaction.description).to.eq('');\n    cy.log(JSON.stringify(response.body));\n  });\n});",
          "err": {},
          "uuid": "0c900b14-5104-45e6-bf25-9cff1e9f262a",
          "parentUUID": "c0deb5f8-773d-447a-8d88-002a88074b4a",
          "isHook": false,
          "skipped": false
        },
        {
          "title": "4. should handle creating a new money request with description containing only spaces",
          "fullTitle": "4. should handle creating a new money request with description containing only spaces",
          "timedOut": null,
          "duration": 167,
          "state": "passed",
          "speed": "fast",
          "pass": true,
          "fail": false,
          "pending": false,
          "context": null,
          "code": "let senderId;\nlet receiverId;\ncy.task('db:seed');\n// авторизация через API + добавил const id пользователя\ncy.request({\n  method: 'POST',\n  url: 'http://localhost:3001/login',\n  body: {\n    username: 'Reyes.Osinski',\n    password: 's3cret'\n  }\n}).then(response => {\n  senderId = response.body.user.id;\n  cy.log(senderId);\n});\n// Получение id users и запись в const \ncy.request({\n  method: 'GET',\n  url: 'http://localhost:3001/users'\n}).then(response => {\n  const user = response.body.results.find(user => user.firstName === 'Ted');\n  receiverId = user.id;\n  // Создание запроса \n  cy.request({\n    method: 'POST',\n    url: 'http://localhost:3001/transactions',\n    failOnStatusCode: false,\n    body: {\n      senderId: senderId,\n      receiverId: receiverId,\n      amount: 300,\n      description: '  ',\n      transactionType: \"request\"\n    }\n  }).then(response => {\n    expect(response.status).to.eq(200);\n    expect(response.body.transaction.id).to.exist;\n    expect(response.body.transaction.senderId).to.eq(senderId);\n    expect(response.body.transaction.receiverId).to.eq(receiverId);\n    expect(response.body.transaction.amount).to.eq(30000);\n    expect(response.body.transaction.status).to.eq('pending');\n    // API автоматически удаляет пробелы и сохраняет пустую строку\n    expect(response.body.transaction.description).to.eq('');\n    cy.log(JSON.stringify(response.body));\n  });\n});",
          "err": {},
          "uuid": "65146b2c-3089-4527-a01c-e73cced8a19d",
          "parentUUID": "c0deb5f8-773d-447a-8d88-002a88074b4a",
          "isHook": false,
          "skipped": false
        },
        {
          "title": "5. should handle creating a new money request with large amount",
          "fullTitle": "5. should handle creating a new money request with large amount",
          "timedOut": null,
          "duration": 163,
          "state": "passed",
          "speed": "fast",
          "pass": true,
          "fail": false,
          "pending": false,
          "context": null,
          "code": "let senderId;\nlet receiverId;\ncy.task('db:seed');\n// авторизация через API + добавил const id пользователя\ncy.request({\n  method: 'POST',\n  url: 'http://localhost:3001/login',\n  body: {\n    username: 'Reyes.Osinski',\n    password: 's3cret'\n  }\n}).then(response => {\n  senderId = response.body.user.id;\n  cy.log(senderId);\n});\n// Получение id users и запись в const \ncy.request({\n  method: 'GET',\n  url: 'http://localhost:3001/users'\n}).then(response => {\n  const user = response.body.results.find(user => user.firstName === 'Ted');\n  receiverId = user.id;\n  // Создание транзакции \n  cy.request({\n    method: 'POST',\n    url: 'http://localhost:3001/transactions',\n    failOnStatusCode: false,\n    body: {\n      senderId: senderId,\n      receiverId: receiverId,\n      amount: 3000000000000000,\n      description: 'Other',\n      transactionType: \"request\"\n    }\n  }).then(response => {\n    expect(response.status).to.eq(200);\n    expect(response.body.transaction.id).to.exist;\n    expect(response.body.transaction.senderId).to.eq(senderId);\n    expect(response.body.transaction.receiverId).to.eq(receiverId);\n    expect(response.body.transaction.amount).to.eq(300000000000000000);\n    expect(response.body.transaction.status).to.eq('pending');\n    cy.log(JSON.stringify(response.body));\n  });\n});",
          "err": {},
          "uuid": "712aaf9f-41c9-4c17-91b8-52ea0997a197",
          "parentUUID": "c0deb5f8-773d-447a-8d88-002a88074b4a",
          "isHook": false,
          "skipped": false
        },
        {
          "title": "6. should handle creating a new money request with negative amount",
          "fullTitle": "6. should handle creating a new money request with negative amount",
          "timedOut": null,
          "duration": 168,
          "state": "passed",
          "speed": "fast",
          "pass": true,
          "fail": false,
          "pending": false,
          "context": null,
          "code": "let senderId;\nlet receiverId;\ncy.task('db:seed');\n// авторизация через API + добавил const id пользователя\ncy.request({\n  method: 'POST',\n  url: 'http://localhost:3001/login',\n  body: {\n    username: 'Reyes.Osinski',\n    password: 's3cret'\n  }\n}).then(response => {\n  senderId = response.body.user.id;\n  cy.log(senderId);\n});\n// Получение id users и запись в const \ncy.request({\n  method: 'GET',\n  url: 'http://localhost:3001/users'\n}).then(response => {\n  const user = response.body.results.find(user => user.firstName === 'Ted');\n  receiverId = user.id;\n  // Создание запроса\n  cy.request({\n    method: 'POST',\n    url: 'http://localhost:3001/transactions',\n    failOnStatusCode: false,\n    body: {\n      senderId: senderId,\n      receiverId: receiverId,\n      amount: -550,\n      description: 'Other',\n      transactionType: \"request\"\n    }\n  }).then(response => {\n    expect(response.status).to.eq(200);\n    expect(response.body.transaction.id).to.exist;\n    expect(response.body.transaction.senderId).to.eq(senderId);\n    expect(response.body.transaction.receiverId).to.eq(receiverId);\n    expect(response.body.transaction.amount).to.eq(-55000);\n    expect(response.body.transaction.status).to.eq('pending');\n    cy.log(JSON.stringify(response.body));\n  });\n});",
          "err": {},
          "uuid": "e098590a-e3a3-42c8-a09c-a07d49321264",
          "parentUUID": "c0deb5f8-773d-447a-8d88-002a88074b4a",
          "isHook": false,
          "skipped": false
        },
        {
          "title": "7. should handle creating a new money request with decimal amount 55.33",
          "fullTitle": "7. should handle creating a new money request with decimal amount 55.33",
          "timedOut": null,
          "duration": 163,
          "state": "passed",
          "speed": "fast",
          "pass": true,
          "fail": false,
          "pending": false,
          "context": null,
          "code": "let senderId;\nlet receiverId;\ncy.task('db:seed');\n// авторизация через API + добавил const id пользователя\ncy.request({\n  method: 'POST',\n  url: 'http://localhost:3001/login',\n  body: {\n    username: 'Reyes.Osinski',\n    password: 's3cret'\n  }\n}).then(response => {\n  senderId = response.body.user.id;\n  cy.log(senderId);\n});\n// Получение id users и запись в const \ncy.request({\n  method: 'GET',\n  url: 'http://localhost:3001/users'\n}).then(response => {\n  const user = response.body.results.find(user => user.firstName === 'Ted');\n  receiverId = user.id;\n  // Создание запроса\n  cy.request({\n    method: 'POST',\n    url: 'http://localhost:3001/transactions',\n    failOnStatusCode: false,\n    body: {\n      senderId: senderId,\n      receiverId: receiverId,\n      amount: 55.33,\n      description: 'Other',\n      transactionType: \"request\"\n    }\n  }).then(response => {\n    expect(response.status).to.eq(200);\n    expect(response.body.transaction.id).to.exist;\n    expect(response.body.transaction.senderId).to.eq(senderId);\n    expect(response.body.transaction.receiverId).to.eq(receiverId);\n    expect(response.body.transaction.amount).to.eq(5500);\n    expect(response.body.transaction.status).to.eq('pending');\n    cy.log(JSON.stringify(response.body));\n  });\n});",
          "err": {},
          "uuid": "bec147a9-4ad9-4012-8f82-b2999a427992",
          "parentUUID": "c0deb5f8-773d-447a-8d88-002a88074b4a",
          "isHook": false,
          "skipped": false
        },
        {
          "title": "8. should handle creating a new money request with decimal amount 55.01",
          "fullTitle": "8. should handle creating a new money request with decimal amount 55.01",
          "timedOut": null,
          "duration": 162,
          "state": "passed",
          "speed": "fast",
          "pass": true,
          "fail": false,
          "pending": false,
          "context": null,
          "code": "let senderId;\nlet receiverId;\ncy.task('db:seed');\n// авторизация через API + добавил const id пользователя\ncy.request({\n  method: 'POST',\n  url: 'http://localhost:3001/login',\n  body: {\n    username: 'Reyes.Osinski',\n    password: 's3cret'\n  }\n}).then(response => {\n  senderId = response.body.user.id;\n  cy.log(senderId);\n});\n// Получение id users и запись в const \ncy.request({\n  method: 'GET',\n  url: 'http://localhost:3001/users'\n}).then(response => {\n  const user = response.body.results.find(user => user.firstName === 'Ted');\n  receiverId = user.id;\n  // Создание запроса\n  cy.request({\n    method: 'POST',\n    url: 'http://localhost:3001/transactions',\n    failOnStatusCode: false,\n    body: {\n      senderId: senderId,\n      receiverId: receiverId,\n      amount: 55.01,\n      description: 'Other',\n      transactionType: \"request\"\n    }\n  }).then(response => {\n    expect(response.status).to.eq(200);\n    expect(response.body.transaction.id).to.exist;\n    expect(response.body.transaction.senderId).to.eq(senderId);\n    expect(response.body.transaction.receiverId).to.eq(receiverId);\n    expect(response.body.transaction.amount).to.eq(5500);\n    expect(response.body.transaction.status).to.eq('pending');\n    cy.log(JSON.stringify(response.body));\n  });\n});",
          "err": {},
          "uuid": "7433bf38-475f-4f45-8fc7-698352b44739",
          "parentUUID": "c0deb5f8-773d-447a-8d88-002a88074b4a",
          "isHook": false,
          "skipped": false
        },
        {
          "title": "9. should handle creating a new money request with amount 55.99",
          "fullTitle": "9. should handle creating a new money request with amount 55.99",
          "timedOut": null,
          "duration": 166,
          "state": "passed",
          "speed": "fast",
          "pass": true,
          "fail": false,
          "pending": false,
          "context": null,
          "code": "let senderId;\nlet receiverId;\ncy.task('db:seed');\n// авторизация через API + добавил const id пользователя\ncy.request({\n  method: 'POST',\n  url: 'http://localhost:3001/login',\n  body: {\n    username: 'Reyes.Osinski',\n    password: 's3cret'\n  }\n}).then(response => {\n  senderId = response.body.user.id;\n  cy.log(senderId);\n});\n// Получение id users и запись в const \ncy.request({\n  method: 'GET',\n  url: 'http://localhost:3001/users'\n}).then(response => {\n  const user = response.body.results.find(user => user.firstName === 'Ted');\n  receiverId = user.id;\n  // Создание запроса\n  cy.request({\n    method: 'POST',\n    url: 'http://localhost:3001/transactions',\n    failOnStatusCode: false,\n    body: {\n      senderId: senderId,\n      receiverId: receiverId,\n      amount: 55.99,\n      description: 'Other',\n      transactionType: \"request\"\n    }\n  }).then(response => {\n    expect(response.status).to.eq(200);\n    expect(response.body.transaction.id).to.exist;\n    expect(response.body.transaction.senderId).to.eq(senderId);\n    expect(response.body.transaction.receiverId).to.eq(receiverId);\n    expect(response.body.transaction.amount).to.eq(5500);\n    expect(response.body.transaction.status).to.eq('pending');\n    cy.log(JSON.stringify(response.body));\n  });\n});",
          "err": {},
          "uuid": "00a1425a-1d78-419a-9afe-c6a26f85263c",
          "parentUUID": "c0deb5f8-773d-447a-8d88-002a88074b4a",
          "isHook": false,
          "skipped": false
        },
        {
          "title": "10. should handle creating a new money request for non-existing receiver",
          "fullTitle": "10. should handle creating a new money request for non-existing receiver",
          "timedOut": null,
          "duration": 201,
          "state": "passed",
          "speed": "fast",
          "pass": true,
          "fail": false,
          "pending": false,
          "context": null,
          "code": "let senderId;\ncy.task('db:seed');\n// авторизация через API + добавил const id пользователя\ncy.request({\n  method: 'POST',\n  url: 'http://localhost:3001/login',\n  body: {\n    username: 'Reyes.Osinski',\n    password: 's3cret'\n  }\n}).then(response => {\n  senderId = response.body.user.id;\n  cy.log(senderId);\n});\n// Создание транзакции \ncy.request({\n  method: 'POST',\n  url: 'http://localhost:3001/transactions',\n  failOnStatusCode: false,\n  body: {\n    senderId: senderId,\n    receiverId: 'Bmeaz5',\n    amount: 70,\n    description: 'Other',\n    transactionType: \"request\"\n  }\n}).then(response => {\n  expect(response.status).to.eq(200);\n  cy.log(JSON.stringify(response.body));\n});\n// Проверка запроса \ncy.request({\n  method: 'GET',\n  url: 'http://localhost:3001/transactions',\n  failOnStatusCode: false\n}).then(response => {\n  expect(response.status).to.eq(500);\n  cy.log(JSON.stringify(response.body));\n});",
          "err": {},
          "uuid": "72e4f605-dcd8-415a-98ec-66a679b4011a",
          "parentUUID": "c0deb5f8-773d-447a-8d88-002a88074b4a",
          "isHook": false,
          "skipped": false
        },
        {
          "title": "11. should handle creating a new money request to self",
          "fullTitle": "11. should handle creating a new money request to self",
          "timedOut": null,
          "duration": 144,
          "state": "passed",
          "speed": "fast",
          "pass": true,
          "fail": false,
          "pending": false,
          "context": null,
          "code": "let senderId;\ncy.task('db:seed');\n// авторизация через API + добавил const id пользователя\ncy.request({\n  method: 'POST',\n  url: 'http://localhost:3001/login',\n  body: {\n    username: 'Reyes.Osinski',\n    password: 's3cret'\n  }\n}).then(response => {\n  senderId = response.body.user.id;\n  cy.log(senderId);\n});\n// Создание запроса \ncy.request({\n  method: 'POST',\n  url: 'http://localhost:3001/transactions',\n  failOnStatusCode: false,\n  body: {\n    senderId: senderId,\n    receiverId: senderId,\n    amount: 70,\n    description: 'Other',\n    transactionType: \"request\"\n  }\n}).then(response => {\n  expect(response.status).to.eq(422);\n  expect(response.body.errors).to.have.length(1);\n  expect(response.body.errors[0].param).to.eq('receiverId');\n  expect(response.body.errors[0].msg).to.eq('Invalid value');\n  expect(response.body.errors[0].location).to.eq('body');\n  cy.log(JSON.stringify(response.body));\n});",
          "err": {},
          "uuid": "ef977c0b-44a8-4f57-8f07-c25f6225abb2",
          "parentUUID": "c0deb5f8-773d-447a-8d88-002a88074b4a",
          "isHook": false,
          "skipped": false
        },
        {
          "title": "12. should allow creating a money request with zero amount",
          "fullTitle": "12. should allow creating a money request with zero amount",
          "timedOut": null,
          "duration": 165,
          "state": "passed",
          "speed": "fast",
          "pass": true,
          "fail": false,
          "pending": false,
          "context": null,
          "code": "let senderId;\nlet receiverId;\ncy.task('db:seed');\n// авторизация через API + добавил const id пользователя\ncy.request({\n  method: 'POST',\n  url: 'http://localhost:3001/login',\n  body: {\n    username: 'Reyes.Osinski',\n    password: 's3cret'\n  }\n}).then(response => {\n  senderId = response.body.user.id;\n  cy.log(senderId);\n});\n// Получение id users и запись в const \ncy.request({\n  method: 'GET',\n  url: 'http://localhost:3001/users'\n}).then(response => {\n  const user = response.body.results.find(user => user.firstName === 'Ted');\n  receiverId = user.id;\n  // Создание запроса\n  cy.request({\n    method: 'POST',\n    url: 'http://localhost:3001/transactions',\n    failOnStatusCode: false,\n    body: {\n      senderId: senderId,\n      receiverId: receiverId,\n      amount: 0,\n      description: 'Other',\n      transactionType: \"request\"\n    }\n  }).then(response => {\n    expect(response.status).to.eq(200);\n    expect(response.body.transaction.id).to.exist;\n    expect(response.body.transaction.senderId).to.eq(senderId);\n    expect(response.body.transaction.receiverId).to.eq(receiverId);\n    expect(response.body.transaction.amount).to.eq(0);\n    expect(response.body.transaction.status).to.eq('pending');\n    cy.log(JSON.stringify(response.body));\n  });\n});",
          "err": {},
          "uuid": "f2019ba5-d42b-49fb-a593-45a633008a34",
          "parentUUID": "c0deb5f8-773d-447a-8d88-002a88074b4a",
          "isHook": false,
          "skipped": false
        },
        {
          "title": "13. should validate null amount when creating a money request",
          "fullTitle": "13. should validate null amount when creating a money request",
          "timedOut": null,
          "duration": 192,
          "state": "passed",
          "speed": "fast",
          "pass": true,
          "fail": false,
          "pending": false,
          "context": null,
          "code": "let senderId;\nlet receiverId;\ncy.task('db:seed');\n// авторизация через API + добавил const id пользователя\ncy.request({\n  method: 'POST',\n  url: 'http://localhost:3001/login',\n  body: {\n    username: 'Reyes.Osinski',\n    password: 's3cret'\n  }\n}).then(response => {\n  senderId = response.body.user.id;\n  cy.log(senderId);\n});\n// Получение id users и запись в const \ncy.request({\n  method: 'GET',\n  url: 'http://localhost:3001/users'\n}).then(response => {\n  const user = response.body.results.find(user => user.firstName === 'Ted');\n  receiverId = user.id;\n  // Создание запроса\n  cy.request({\n    method: 'POST',\n    url: 'http://localhost:3001/transactions',\n    failOnStatusCode: false,\n    body: {\n      senderId: senderId,\n      receiverId: receiverId,\n      amount: null,\n      description: 'Other',\n      transactionType: \"request\"\n    }\n  }).then(response => {\n    expect(response.status).to.eq(422);\n    expect(response.body.errors).to.have.length(1);\n    expect(response.body.errors[0].value).to.eq(null);\n    expect(response.body.errors[0].msg).to.eq('Invalid value');\n    expect(response.body.errors[0].param).to.eq('amount');\n    expect(response.body.errors[0].location).to.eq('body');\n    cy.log(JSON.stringify(response.body));\n  });\n});",
          "err": {},
          "uuid": "20474878-b63d-4791-881b-4cfd52b244a0",
          "parentUUID": "c0deb5f8-773d-447a-8d88-002a88074b4a",
          "isHook": false,
          "skipped": false
        },
        {
          "title": "14. should accept a money request and update both users balances",
          "fullTitle": "14. should accept a money request and update both users balances",
          "timedOut": null,
          "duration": 537,
          "state": "passed",
          "speed": "fast",
          "pass": true,
          "fail": false,
          "pending": false,
          "context": null,
          "code": "let requesterId; // ID 1го пользователя\nlet receiverId; // ID 2го пользователя \nlet requesterBalance; // баланс 1го пользователя\nlet receiverBalance; // баланс 2го пользователя\nlet transactionid; // id запроса на перевод\ncy.task('db:seed');\n// авторизация API + const id 1го пользователя + баланс\ncy.request({\n  method: 'POST',\n  url: 'http://localhost:3001/login',\n  body: {\n    username: 'Reyes.Osinski',\n    password: 's3cret'\n  }\n}).then(response => {\n  requesterId = response.body.user.id;\n  requesterBalance = response.body.user.balance;\n  cy.log(requesterId);\n  cy.log(requesterBalance);\n});\n// Получение id users и запись в const \ncy.request({\n  method: 'GET',\n  url: 'http://localhost:3001/users'\n}).then(response => {\n  const user = response.body.results.find(user => user.firstName === 'Ted');\n  receiverId = user.id;\n  cy.log(receiverId);\n  // Создание запроса\n  cy.request({\n    method: 'POST',\n    url: 'http://localhost:3001/transactions',\n    body: {\n      senderId: requesterId,\n      receiverId: receiverId,\n      amount: 100,\n      description: 'Other',\n      transactionType: \"request\"\n    }\n  }).then(response => {\n    expect(response.status).to.eq(200);\n    expect(response.body.transaction.id).to.exist;\n    expect(response.body.transaction.receiverId).to.eq(receiverId);\n    expect(response.body.transaction.amount).to.eq(10000);\n    expect(response.body.transaction.status).to.eq('pending');\n  });\n});\n// авторизация под 2м пользователем и запись баланса\ncy.request({\n  method: 'POST',\n  url: 'http://localhost:3001/login',\n  body: {\n    username: 'Heath93',\n    password: 's3cret'\n  }\n}).then(response => {\n  expect(response.status).to.eq(200);\n  receiverBalance = response.body.user.balance;\n  cy.log(receiverBalance);\n});\n// Получение списка транзакций у 2го пользователя и проверка наличия запроса и подтверждение\ncy.request({\n  method: 'GET',\n  url: 'http://localhost:3001/transactions'\n}).then(response => {\n  expect(response.status).to.eq(200);\n  const transaction = response.body.results.find(transaction => transaction.senderId === requesterId && transaction.receiverId === receiverId && transaction.amount === 10000);\n  expect(transaction).to.exist;\n  expect(transaction.status).to.eq('pending');\n  transactionid = transaction.id;\n  cy.log(transactionid);\n  // Подтверждение запроса на перевод 2м пользователем\n  cy.request({\n    method: 'PATCH',\n    url: `http://localhost:3001/transactions/${transactionid}`,\n    body: {\n      id: transactionid,\n      requestStatus: 'accepted'\n    }\n  }).then(response => {\n    expect(response.status).to.eq(204);\n  });\n});\n// Проверка статуса запроса на перевод\ncy.request({\n  method: 'GET',\n  url: 'http://localhost:3001/transactions'\n}).then(response => {\n  const transaction = response.body.results.find(t => t.id === transactionid);\n  expect(transaction).to.exist;\n  expect(transaction.requestStatus).to.eq('accepted');\n});\n// Повторная авторизация под 2м пользователем и проверка баланса\ncy.request({\n  method: 'POST',\n  url: 'http://localhost:3001/login',\n  body: {\n    username: 'Heath93',\n    password: 's3cret'\n  }\n}).then(response => {\n  expect(response.body.user.balance).to.eq(receiverBalance - 10000);\n});\n// Повторная авторизация под 1м пользователем и проверка баланса\ncy.request({\n  method: 'POST',\n  url: 'http://localhost:3001/login',\n  body: {\n    username: 'Reyes.Osinski',\n    password: 's3cret'\n  }\n}).then(response => {\n  expect(response.body.user.balance).to.eq(requesterBalance + 10000);\n});",
          "err": {},
          "uuid": "22fe4fd2-b287-4081-a7bb-016951da340a",
          "parentUUID": "c0deb5f8-773d-447a-8d88-002a88074b4a",
          "isHook": false,
          "skipped": false
        }
      ],
      "suites": [],
      "passes": [
        "1637a189-6c84-4c3c-b2bc-9390e300f18b",
        "2d1d9c58-b27f-4bf1-a8fa-9c9a04e79349",
        "0c900b14-5104-45e6-bf25-9cff1e9f262a",
        "65146b2c-3089-4527-a01c-e73cced8a19d",
        "712aaf9f-41c9-4c17-91b8-52ea0997a197",
        "e098590a-e3a3-42c8-a09c-a07d49321264",
        "bec147a9-4ad9-4012-8f82-b2999a427992",
        "7433bf38-475f-4f45-8fc7-698352b44739",
        "00a1425a-1d78-419a-9afe-c6a26f85263c",
        "72e4f605-dcd8-415a-98ec-66a679b4011a",
        "ef977c0b-44a8-4f57-8f07-c25f6225abb2",
        "f2019ba5-d42b-49fb-a593-45a633008a34",
        "20474878-b63d-4791-881b-4cfd52b244a0",
        "22fe4fd2-b287-4081-a7bb-016951da340a"
      ],
      "failures": [],
      "pending": [],
      "skipped": [],
      "duration": 2808,
      "root": true,
      "rootEmpty": false,
      "_timeout": 2000
    }
  ],
  "meta": {
    "mocha": {
      "version": "7.2.0"
    },
    "mochawesome": {
      "options": {
        "quiet": false,
        "reportFilename": "mochawesome",
        "saveHtml": false,
        "saveJson": true,
        "consoleReporter": "spec",
        "useInlineDiffs": false,
        "code": true
      },
      "version": "8.0.1"
    },
    "marge": {
      "options": {
        "reportDir": "cypress/results",
        "overwrite": false,
        "html": false,
        "json": true
      },
      "version": "6.3.2"
    }
  }
}