{
  "stats": {
    "suites": 0,
    "tests": 5,
    "passes": 5,
    "pending": 0,
    "failures": 0,
    "start": "2026-08-11T07:14:45.904Z",
    "end": "2026-08-11T07:15:05.663Z",
    "duration": 19759,
    "testsRegistered": 5,
    "passPercent": 100,
    "pendingPercent": 0,
    "other": 0,
    "hasOther": false,
    "skipped": 0,
    "hasSkipped": false
  },
  "results": [
    {
      "uuid": "88cb7138-87e1-4aaf-baa0-21715e819ba8",
      "title": "",
      "fullFile": "cypress\\tests\\paveltests\\UI\\myaccount.spec.js",
      "file": "cypress\\tests\\paveltests\\UI\\myaccount.spec.js",
      "beforeHooks": [],
      "afterHooks": [],
      "tests": [
        {
          "title": "1. should successfully update the user profile",
          "fullTitle": "1. should successfully update the user profile",
          "timedOut": null,
          "duration": 6078,
          "state": "passed",
          "speed": "medium",
          "pass": true,
          "fail": false,
          "pending": false,
          "context": null,
          "code": "cy.task('db:seed'); // удалить все тестовые данные/сброс БД до исходного состояния\ncy.loginpavel('Reyes.Osinski', 's3cret');\ncy.get('[data-test=\"sidenav-user-settings\"]').click();\ncy.get('[name=\"firstName\"]').clear();\ncy.get('[name=\"lastName\"]').clear();\ncy.get('[name=\"phoneNumber\"]').clear();\ncy.get('[name=\"firstName\"]').type('Pavel');\ncy.get('[name=\"lastName\"]').type('QA');\ncy.get('[name=\"phoneNumber\"]').type('123-456-7890');\ncy.get('[data-test=\"user-settings-submit\"]').click();\n//проверка что пользователь отображен на странице\ncy.contains('Pavel Q').should('be.visible');\n//проверка что изменения сохранились после перезагрузки страницы\ncy.reload();\ncy.get('[name=\"firstName\"]').should('have.value', 'Pavel');\ncy.get('[name=\"lastName\"]').should('have.value', 'QA');\ncy.get('[name=\"phoneNumber\"]').should('have.value', '123-456-7890');",
          "err": {},
          "uuid": "0210e9e8-844e-490f-b0c0-a52154a403de",
          "parentUUID": "88cb7138-87e1-4aaf-baa0-21715e819ba8",
          "isHook": false,
          "skipped": false
        },
        {
          "title": "2. should validate myaccount null fields",
          "fullTitle": "2. should validate myaccount null fields",
          "timedOut": null,
          "duration": 2568,
          "state": "passed",
          "speed": "fast",
          "pass": true,
          "fail": false,
          "pending": false,
          "context": null,
          "code": "cy.task('db:seed'); // удалить все тестовые данные/сброс БД до исходного состояния\ncy.loginpavel('Reyes.Osinski', 's3cret');\ncy.get('[data-test=\"sidenav-user-settings\"]').click();\ncy.get('[name=\"firstName\"]').clear();\ncy.get('[name=\"lastName\"]').clear();\ncy.get('[name=\"email\"]').clear();\ncy.get('[name=\"phoneNumber\"]').clear();\ncy.get('[data-test=\"user-settings-submit\"]').should('be.disabled');\ncy.contains('Enter a first name').should('be.visible');\ncy.contains('Enter a last name').should('be.visible');\ncy.contains('Enter an email address').should('be.visible');\ncy.contains('Enter a phone number').should('be.visible');",
          "err": {},
          "uuid": "964a4937-7dcf-4f19-8529-ba942864d9ef",
          "parentUUID": "88cb7138-87e1-4aaf-baa0-21715e819ba8",
          "isHook": false,
          "skipped": false
        },
        {
          "title": "3. should validate email phonenumber min field length",
          "fullTitle": "3. should validate email phonenumber min field length",
          "timedOut": null,
          "duration": 2655,
          "state": "passed",
          "speed": "fast",
          "pass": true,
          "fail": false,
          "pending": false,
          "context": null,
          "code": "cy.task('db:seed'); // удалить все тестовые данные/сброс БД до исходного состояния\ncy.loginpavel('Reyes.Osinski', 's3cret');\ncy.get('[data-test=\"sidenav-user-settings\"]').click();\ncy.get('[name=\"email\"]').clear();\ncy.get('[name=\"phoneNumber\"]').clear();\ncy.get('[name=\"email\"]').type('123a/*');\ncy.get('[name=\"phoneNumber\"]').type('1234');\ncy.get('[data-test=\"user-settings-submit\"]').should('be.disabled');\ncy.contains('Must contain a valid email address').should('be.visible');\ncy.contains('Phone number is not valid').should('be.visible');",
          "err": {},
          "uuid": "bcf296ae-235b-4b21-9053-95d292511eaf",
          "parentUUID": "88cb7138-87e1-4aaf-baa0-21715e819ba8",
          "isHook": false,
          "skipped": false
        },
        {
          "title": "4. should allow unexpected characters in profile fields",
          "fullTitle": "4. should allow unexpected characters in profile fields",
          "timedOut": null,
          "duration": 4100,
          "state": "passed",
          "speed": "fast",
          "pass": true,
          "fail": false,
          "pending": false,
          "context": null,
          "code": "cy.task('db:seed'); // удалить все тестовые данные/сброс БД до исходного состояния\ncy.loginpavel('Reyes.Osinski', 's3cret');\ncy.get('[data-test=\"sidenav-user-settings\"]').click();\ncy.get('[name=\"firstName\"]').clear();\ncy.get('[name=\"lastName\"]').clear();\ncy.get('[name=\"phoneNumber\"]').clear();\ncy.get('[name=\"firstName\"]').type('44444');\ncy.get('[name=\"lastName\"]').type('abcdefgabcdefg abcdefgabcdefg 44/*');\ncy.get('[name=\"phoneNumber\"]').type('46731653524452727217');\ncy.get('[data-test=\"user-settings-submit\"]').click();\n//проверка пользователь отображен на странице\ncy.contains('44444 a').should('be.visible');",
          "err": {},
          "uuid": "48e46a42-eb15-48e0-a548-ba4746ae881c",
          "parentUUID": "88cb7138-87e1-4aaf-baa0-21715e819ba8",
          "isHook": false,
          "skipped": false
        },
        {
          "title": "5. should discard unsaved profile changes after page reload",
          "fullTitle": "5. should discard unsaved profile changes after page reload",
          "timedOut": null,
          "duration": 4070,
          "state": "passed",
          "speed": "fast",
          "pass": true,
          "fail": false,
          "pending": false,
          "context": null,
          "code": "cy.task('db:seed'); // удалить все тестовые данные/сброс БД до исходного состояния\ncy.loginpavel('Reyes.Osinski', 's3cret');\ncy.get('[data-test=\"sidenav-user-settings\"]').click();\ncy.get('[name=\"firstName\"]').clear();\ncy.get('[name=\"lastName\"]').clear();\ncy.get('[name=\"phoneNumber\"]').clear();\ncy.get('[name=\"firstName\"]').type('Pavel');\ncy.get('[name=\"lastName\"]').type('QA');\ncy.get('[name=\"phoneNumber\"]').type('123-456-7890');\n//проверка что изменения не сохранились после перезагрузки страницы\ncy.reload();\ncy.contains('Ruthie P').should('be.visible');\ncy.get('[name=\"firstName\"]').should('have.value', 'Ruthie');\ncy.get('[name=\"lastName\"]').should('have.value', 'Prosacco');\ncy.get('[name=\"phoneNumber\"]').should('have.value', '467-316-5352');",
          "err": {},
          "uuid": "582adfd3-5daa-4772-ace3-06a95e285f3a",
          "parentUUID": "88cb7138-87e1-4aaf-baa0-21715e819ba8",
          "isHook": false,
          "skipped": false
        }
      ],
      "suites": [],
      "passes": [
        "0210e9e8-844e-490f-b0c0-a52154a403de",
        "964a4937-7dcf-4f19-8529-ba942864d9ef",
        "bcf296ae-235b-4b21-9053-95d292511eaf",
        "48e46a42-eb15-48e0-a548-ba4746ae881c",
        "582adfd3-5daa-4772-ace3-06a95e285f3a"
      ],
      "failures": [],
      "pending": [],
      "skipped": [],
      "duration": 19471,
      "root": true,
      "rootEmpty": false,
      "_timeout": 2000
    }
  ],
  "meta": {
    "mocha": {
      "version": "7.2.0"
    },
    "mochawesome": {
      "options": {
        "quiet": false,
        "reportFilename": "mochawesome",
        "saveHtml": false,
        "saveJson": true,
        "consoleReporter": "spec",
        "useInlineDiffs": false,
        "code": true
      },
      "version": "8.0.1"
    },
    "marge": {
      "options": {
        "reportDir": "cypress/results",
        "overwrite": false,
        "html": false,
        "json": true
      },
      "version": "6.3.2"
    }
  }
}