{
  "stats": {
    "suites": 0,
    "tests": 11,
    "passes": 11,
    "pending": 0,
    "failures": 0,
    "start": "2026-08-11T07:13:23.916Z",
    "end": "2026-08-11T07:13:25.900Z",
    "duration": 1984,
    "testsRegistered": 11,
    "passPercent": 100,
    "pendingPercent": 0,
    "other": 0,
    "hasOther": false,
    "skipped": 0,
    "hasSkipped": false
  },
  "results": [
    {
      "uuid": "a6813ee7-98b5-4438-a0dc-bc2199dddd20",
      "title": "",
      "fullFile": "cypress\\tests\\paveltests\\API\\myaccountAPI.spec.js",
      "file": "cypress\\tests\\paveltests\\API\\myaccountAPI.spec.js",
      "beforeHooks": [],
      "afterHooks": [],
      "tests": [
        {
          "title": "1. should update user profile via API",
          "fullTitle": "1. should update user profile via API",
          "timedOut": null,
          "duration": 205,
          "state": "passed",
          "speed": "fast",
          "pass": true,
          "fail": false,
          "pending": false,
          "context": null,
          "code": "cy.task('db:seed');\n// логин пользователя\ncy.request({\n  method: 'POST',\n  url: 'http://localhost:3001/login',\n  failOnStatusCode: false,\n  body: {\n    username: 'Reyes.Osinski',\n    password: 's3cret'\n  }\n}).then(response => {\n  expect(response.status).to.eq(200);\n});\n// изменение данных пользователя\ncy.request({\n  method: 'PATCH',\n  url: 'http://localhost:3001/users/M1ty1gR8B3',\n  body: {\n    id: 'M1ty1gR8B3',\n    firstName: 'Pavel',\n    lastName: 'QA',\n    email: 'pavel@test.com',\n    phoneNumber: '123-456-7890',\n    defaultPrivacyLevel: 'private'\n  }\n}).then(response => {\n  expect(response.status).to.eq(204);\n});\n// проверка измененных данных пользователя\ncy.request('GET', 'http://localhost:3001/users/M1ty1gR8B3').then(response => {\n  expect(response.status).to.eq(200);\n  expect(response.body.user.firstName).to.eq('Pavel');\n  expect(response.body.user.lastName).to.eq('QA');\n  expect(response.body.user.email).to.eq('pavel@test.com');\n  expect(response.body.user.phoneNumber).to.eq('123-456-7890');\n});",
          "err": {},
          "uuid": "b4ba88a4-49df-4c56-a995-e3f3e2e13236",
          "parentUUID": "a6813ee7-98b5-4438-a0dc-bc2199dddd20",
          "isHook": false,
          "skipped": false
        },
        {
          "title": "2. should update user profile First name empty",
          "fullTitle": "2. should update user profile First name empty",
          "timedOut": null,
          "duration": 160,
          "state": "passed",
          "speed": "fast",
          "pass": true,
          "fail": false,
          "pending": false,
          "context": null,
          "code": "cy.task('db:seed');\n// логин пользователя через API\ncy.request({\n  method: 'POST',\n  url: 'http://localhost:3001/login',\n  failOnStatusCode: false,\n  body: {\n    username: 'Reyes.Osinski',\n    password: 's3cret'\n  }\n});\n// изменение данных пользователя через API\ncy.request({\n  method: 'PATCH',\n  url: 'http://localhost:3001/users/M1ty1gR8B3',\n  body: {\n    id: 'M1ty1gR8B3',\n    firstName: '',\n    lastName: 'QA',\n    email: 'pavel@test.com',\n    phoneNumber: '123-456-7890',\n    defaultPrivacyLevel: 'private'\n  }\n}).then(response => {\n  expect(response.status).to.eq(204);\n});\n// проверка измененных данных пользователя через API\ncy.request('GET', 'http://localhost:3001/users/M1ty1gR8B3').then(response => {\n  expect(response.status).to.eq(200);\n  expect(response.body.user.firstName).to.eq('');\n  expect(response.body.user.lastName).to.eq('QA');\n  expect(response.body.user.email).to.eq('pavel@test.com');\n  expect(response.body.user.phoneNumber).to.eq('123-456-7890');\n});",
          "err": {},
          "uuid": "a406357d-301b-41bc-aa1a-2fc6c4adc667",
          "parentUUID": "a6813ee7-98b5-4438-a0dc-bc2199dddd20",
          "isHook": false,
          "skipped": false
        },
        {
          "title": "3.should update user profile Last name empty",
          "fullTitle": "3.should update user profile Last name empty",
          "timedOut": null,
          "duration": 162,
          "state": "passed",
          "speed": "fast",
          "pass": true,
          "fail": false,
          "pending": false,
          "context": null,
          "code": "cy.task('db:seed');\n// логин пользователя через API\ncy.request({\n  method: 'POST',\n  url: 'http://localhost:3001/login',\n  failOnStatusCode: false,\n  body: {\n    username: 'Reyes.Osinski',\n    password: 's3cret'\n  }\n});\n// изменение данных пользователя через API\ncy.request({\n  method: 'PATCH',\n  url: 'http://localhost:3001/users/M1ty1gR8B3',\n  body: {\n    id: 'M1ty1gR8B3',\n    firstName: 'Pavel',\n    lastName: '',\n    email: 'pavel@test.com',\n    phoneNumber: '123-456-7890',\n    defaultPrivacyLevel: 'private'\n  }\n}).then(response => {\n  expect(response.status).to.eq(204);\n});\n// проверка измененных данных пользователя через API\ncy.request('GET', 'http://localhost:3001/users/M1ty1gR8B3').then(response => {\n  expect(response.status).to.eq(200);\n  expect(response.body.user.firstName).to.eq('Pavel');\n  expect(response.body.user.lastName).to.eq('');\n  expect(response.body.user.email).to.eq('pavel@test.com');\n  expect(response.body.user.phoneNumber).to.eq('123-456-7890');\n});",
          "err": {},
          "uuid": "f2d46d3a-aa25-4320-a873-58c9cfc8d74a",
          "parentUUID": "a6813ee7-98b5-4438-a0dc-bc2199dddd20",
          "isHook": false,
          "skipped": false
        },
        {
          "title": "4. should update user profile email empty",
          "fullTitle": "4. should update user profile email empty",
          "timedOut": null,
          "duration": 166,
          "state": "passed",
          "speed": "fast",
          "pass": true,
          "fail": false,
          "pending": false,
          "context": null,
          "code": "cy.task('db:seed');\n// логин пользователя через API\ncy.request({\n  method: 'POST',\n  url: 'http://localhost:3001/login',\n  failOnStatusCode: false,\n  body: {\n    username: 'Reyes.Osinski',\n    password: 's3cret'\n  }\n});\n// изменение данных пользователя\ncy.request({\n  method: 'PATCH',\n  url: 'http://localhost:3001/users/M1ty1gR8B3',\n  body: {\n    id: 'M1ty1gR8B3',\n    firstName: 'Pavel',\n    lastName: 'QA',\n    email: '',\n    phoneNumber: '123-456-7890',\n    defaultPrivacyLevel: 'private'\n  }\n}).then(response => {\n  expect(response.status).to.eq(204);\n});\n// проверка измененных данных пользователя\ncy.request('GET', 'http://localhost:3001/users/M1ty1gR8B3').then(response => {\n  expect(response.status).to.eq(200);\n  expect(response.body.user.firstName).to.eq('Pavel');\n  expect(response.body.user.lastName).to.eq('QA');\n  expect(response.body.user.email).to.eq('');\n  expect(response.body.user.phoneNumber).to.eq('123-456-7890');\n});",
          "err": {},
          "uuid": "62db9c3a-5853-4597-9039-c94502e7a7ca",
          "parentUUID": "a6813ee7-98b5-4438-a0dc-bc2199dddd20",
          "isHook": false,
          "skipped": false
        },
        {
          "title": "5. should update user profile phoneNumber empty",
          "fullTitle": "5. should update user profile phoneNumber empty",
          "timedOut": null,
          "duration": 192,
          "state": "passed",
          "speed": "fast",
          "pass": true,
          "fail": false,
          "pending": false,
          "context": null,
          "code": "cy.task('db:seed');\n// логин пользователя через API\ncy.request({\n  method: 'POST',\n  url: 'http://localhost:3001/login',\n  failOnStatusCode: false,\n  body: {\n    username: 'Reyes.Osinski',\n    password: 's3cret'\n  }\n});\n// изменение данных пользователя\ncy.request({\n  method: 'PATCH',\n  url: 'http://localhost:3001/users/M1ty1gR8B3',\n  body: {\n    id: 'M1ty1gR8B3',\n    firstName: 'Pavel',\n    lastName: 'QA',\n    email: 'pavel@test.com',\n    phoneNumber: '',\n    defaultPrivacyLevel: 'private'\n  }\n}).then(response => {\n  expect(response.status).to.eq(204);\n});\n// проверка измененных данных пользователя \ncy.request('GET', 'http://localhost:3001/users/M1ty1gR8B3').then(response => {\n  expect(response.status).to.eq(200);\n  expect(response.body.user.firstName).to.eq('Pavel');\n  expect(response.body.user.lastName).to.eq('QA');\n  expect(response.body.user.email).to.eq('pavel@test.com');\n  expect(response.body.user.phoneNumber).to.eq('');\n});",
          "err": {},
          "uuid": "7805df6b-d7a3-4942-a166-c714f0769ccd",
          "parentUUID": "a6813ee7-98b5-4438-a0dc-bc2199dddd20",
          "isHook": false,
          "skipped": false
        },
        {
          "title": "6. should update user profile email invalid",
          "fullTitle": "6. should update user profile email invalid",
          "timedOut": null,
          "duration": 202,
          "state": "passed",
          "speed": "fast",
          "pass": true,
          "fail": false,
          "pending": false,
          "context": null,
          "code": "cy.task('db:seed');\n// логин пользователя через API\ncy.request({\n  method: 'POST',\n  url: 'http://localhost:3001/login',\n  failOnStatusCode: false,\n  body: {\n    username: 'Reyes.Osinski',\n    password: 's3cret'\n  }\n});\n// изменение данных пользователя через API\ncy.request({\n  method: 'PATCH',\n  url: 'http://localhost:3001/users/M1ty1gR8B3',\n  body: {\n    id: 'M1ty1gR8B3',\n    firstName: 'Pavel',\n    lastName: 'QA',\n    email: 'paveltest.com',\n    phoneNumber: '123-456-7890',\n    defaultPrivacyLevel: 'private'\n  }\n}).then(response => {\n  expect(response.status).to.eq(204);\n});\n// проверка измененных данных пользователя через API\ncy.request('GET', 'http://localhost:3001/users/M1ty1gR8B3').then(response => {\n  expect(response.status).to.eq(200);\n  expect(response.body.user.firstName).to.eq('Pavel');\n  expect(response.body.user.lastName).to.eq('QA');\n  expect(response.body.user.email).to.eq('paveltest.com');\n  expect(response.body.user.phoneNumber).to.eq('123-456-7890');\n});",
          "err": {},
          "uuid": "cc3fc08d-7982-45a1-9d51-0988c1aea3e2",
          "parentUUID": "a6813ee7-98b5-4438-a0dc-bc2199dddd20",
          "isHook": false,
          "skipped": false
        },
        {
          "title": "7. should update user profile phoneNumber invalid",
          "fullTitle": "7. should update user profile phoneNumber invalid",
          "timedOut": null,
          "duration": 159,
          "state": "passed",
          "speed": "fast",
          "pass": true,
          "fail": false,
          "pending": false,
          "context": null,
          "code": "cy.task('db:seed');\n// логин пользователя через API\ncy.request({\n  method: 'POST',\n  url: 'http://localhost:3001/login',\n  failOnStatusCode: false,\n  body: {\n    username: 'Reyes.Osinski',\n    password: 's3cret'\n  }\n});\n// изменение данных пользователя через API\ncy.request({\n  method: 'PATCH',\n  url: 'http://localhost:3001/users/M1ty1gR8B3',\n  body: {\n    id: 'M1ty1gR8B3',\n    firstName: 'Pavel',\n    lastName: 'QA',\n    email: 'pavel@test.com',\n    phoneNumber: '123-456-7890-515145',\n    defaultPrivacyLevel: 'private'\n  }\n}).then(response => {\n  expect(response.status).to.eq(204);\n});\n// проверка измененных данных пользователя через API\ncy.request('GET', 'http://localhost:3001/users/M1ty1gR8B3').then(response => {\n  expect(response.status).to.eq(200);\n  expect(response.body.user.firstName).to.eq('Pavel');\n  expect(response.body.user.lastName).to.eq('QA');\n  expect(response.body.user.email).to.eq('pavel@test.com');\n  expect(response.body.user.phoneNumber).to.eq('123-456-7890-515145');\n});",
          "err": {},
          "uuid": "e39a5843-a7ff-49de-9993-5ff2713069f7",
          "parentUUID": "a6813ee7-98b5-4438-a0dc-bc2199dddd20",
          "isHook": false,
          "skipped": false
        },
        {
          "title": "8. should update another users profile via API",
          "fullTitle": "8. should update another users profile via API",
          "timedOut": null,
          "duration": 155,
          "state": "passed",
          "speed": "fast",
          "pass": true,
          "fail": false,
          "pending": false,
          "context": null,
          "code": "cy.task('db:seed');\ncy.request({\n  method: 'POST',\n  url: 'http://localhost:3001/login',\n  body: {\n    username: 'Reyes.Osinski',\n    password: 's3cret'\n  }\n}).then(loginResponse => {\n  cy.log(loginResponse.body.user.id);\n  cy.request({\n    method: 'PATCH',\n    url: 'http://localhost:3001/users/uBmeaz5pX',\n    failOnStatusCode: false,\n    body: {\n      id: 'uBmeaz5pX',\n      firstName: 'Pavel123',\n      lastName: 'QA',\n      email: 'pavel@test.com',\n      phoneNumber: '123-456-7890',\n      defaultPrivacyLevel: 'private'\n    }\n  }).then(patchResponse => {\n    cy.log(`PATCH status: ${patchResponse.status}`);\n  });\n});\ncy.request({\n  method: 'GET',\n  url: 'http://localhost:3001/users/uBmeaz5pX',\n  failOnStatusCode: false\n}).then(response => {\n  cy.log(`GET status: ${response.status}`);\n  cy.log(JSON.stringify(response.body));\n});",
          "err": {},
          "uuid": "4981d2a0-b980-48f7-b9cc-9ee41181f169",
          "parentUUID": "a6813ee7-98b5-4438-a0dc-bc2199dddd20",
          "isHook": false,
          "skipped": false
        },
        {
          "title": "9. should not update user profile without authentication",
          "fullTitle": "9. should not update user profile without authentication",
          "timedOut": null,
          "duration": 50,
          "state": "passed",
          "speed": "fast",
          "pass": true,
          "fail": false,
          "pending": false,
          "context": null,
          "code": "cy.task('db:seed');\n// попытка изменить данные пользователя без авторизации\ncy.request({\n  method: 'PATCH',\n  url: 'http://localhost:3001/users/M1ty1gR8B3',\n  failOnStatusCode: false,\n  body: {\n    id: 'M1ty1gR8B3',\n    firstName: 'Pavel',\n    lastName: 'QA',\n    email: 'pavel@test.com',\n    phoneNumber: '123-456-7890',\n    defaultPrivacyLevel: 'private'\n  }\n}).then(response => {\n  expect(response.status).to.eq(401);\n  expect(response.body.error).to.eq('Unauthorized');\n});",
          "err": {},
          "uuid": "43a12c45-acd5-4c6f-984f-596fb4126dab",
          "parentUUID": "a6813ee7-98b5-4438-a0dc-bc2199dddd20",
          "isHook": false,
          "skipped": false
        },
        {
          "title": "10. should not update user profile without request body",
          "fullTitle": "10. should not update user profile without request body",
          "timedOut": null,
          "duration": 148,
          "state": "passed",
          "speed": "fast",
          "pass": true,
          "fail": false,
          "pending": false,
          "context": null,
          "code": "cy.task('db:seed');\n// логин\ncy.request({\n  method: 'POST',\n  url: 'http://localhost:3001/login',\n  failOnStatusCode: false,\n  body: {\n    username: 'Reyes.Osinski',\n    password: 's3cret'\n  }\n});\n// попытка изменить данные пользователя\ncy.request({\n  method: 'PATCH',\n  url: 'http://localhost:3001/users/M1ty1gR8B3',\n  failOnStatusCode: false\n}).then(response => {\n  expect(response.status).to.eq(422);\n  expect(response.body.errors[0].param).to.eq('_error');\n});\n// проверка что данные пользователя не изменились\ncy.request('GET', 'http://localhost:3001/users/M1ty1gR8B3').then(response => {\n  expect(response.status).to.eq(200);\n  expect(response.body.user.firstName).to.eq('Ruthie');\n  expect(response.body.user.lastName).to.eq('Prosacco');\n  expect(response.body.user.email).to.eq('Norma27@gmail.com');\n  expect(response.body.user.phoneNumber).to.eq('467-316-5352');\n});",
          "err": {},
          "uuid": "3219c63c-2451-4170-87d6-a2b5fb1ad0bb",
          "parentUUID": "a6813ee7-98b5-4438-a0dc-bc2199dddd20",
          "isHook": false,
          "skipped": false
        },
        {
          "title": "11. should update user profile using id from URL",
          "fullTitle": "11. should update user profile using id from URL",
          "timedOut": null,
          "duration": 155,
          "state": "passed",
          "speed": "fast",
          "pass": true,
          "fail": false,
          "pending": false,
          "context": null,
          "code": "cy.task('db:seed');\n// логин пользователя\ncy.request({\n  method: 'POST',\n  url: 'http://localhost:3001/login',\n  failOnStatusCode: false,\n  body: {\n    username: 'Reyes.Osinski',\n    password: 's3cret'\n  }\n});\n// // изменение данных пользователя без передачи id в теле запроса\ncy.request({\n  method: 'PATCH',\n  url: 'http://localhost:3001/users/M1ty1gR8B3',\n  body: {\n    firstName: 'Pavel',\n    lastName: 'QA',\n    email: 'pavel@test.com',\n    phoneNumber: '123-456-7890',\n    defaultPrivacyLevel: 'private'\n  }\n}).then(response => {\n  expect(response.status).to.eq(204);\n});\n// проверка измененных данных пользователя\ncy.request('GET', 'http://localhost:3001/users/M1ty1gR8B3').then(response => {\n  expect(response.status).to.eq(200);\n  expect(response.body.user.firstName).to.eq('Pavel');\n  expect(response.body.user.lastName).to.eq('QA');\n  expect(response.body.user.email).to.eq('pavel@test.com');\n  expect(response.body.user.phoneNumber).to.eq('123-456-7890');\n});",
          "err": {},
          "uuid": "ae583eb8-f5c7-4c21-b6c4-264031ed3418",
          "parentUUID": "a6813ee7-98b5-4438-a0dc-bc2199dddd20",
          "isHook": false,
          "skipped": false
        }
      ],
      "suites": [],
      "passes": [
        "b4ba88a4-49df-4c56-a995-e3f3e2e13236",
        "a406357d-301b-41bc-aa1a-2fc6c4adc667",
        "f2d46d3a-aa25-4320-a873-58c9cfc8d74a",
        "62db9c3a-5853-4597-9039-c94502e7a7ca",
        "7805df6b-d7a3-4942-a166-c714f0769ccd",
        "cc3fc08d-7982-45a1-9d51-0988c1aea3e2",
        "e39a5843-a7ff-49de-9993-5ff2713069f7",
        "4981d2a0-b980-48f7-b9cc-9ee41181f169",
        "43a12c45-acd5-4c6f-984f-596fb4126dab",
        "3219c63c-2451-4170-87d6-a2b5fb1ad0bb",
        "ae583eb8-f5c7-4c21-b6c4-264031ed3418"
      ],
      "failures": [],
      "pending": [],
      "skipped": [],
      "duration": 1754,
      "root": true,
      "rootEmpty": false,
      "_timeout": 2000
    }
  ],
  "meta": {
    "mocha": {
      "version": "7.2.0"
    },
    "mochawesome": {
      "options": {
        "quiet": false,
        "reportFilename": "mochawesome",
        "saveHtml": false,
        "saveJson": true,
        "consoleReporter": "spec",
        "useInlineDiffs": false,
        "code": true
      },
      "version": "8.0.1"
    },
    "marge": {
      "options": {
        "reportDir": "cypress/results",
        "overwrite": false,
        "html": false,
        "json": true
      },
      "version": "6.3.2"
    }
  }
}