{
  "stats": {
    "suites": 0,
    "tests": 6,
    "passes": 6,
    "pending": 0,
    "failures": 0,
    "start": "2026-08-11T07:15:43.075Z",
    "end": "2026-08-11T07:16:04.834Z",
    "duration": 21759,
    "testsRegistered": 6,
    "passPercent": 100,
    "pendingPercent": 0,
    "other": 0,
    "hasOther": false,
    "skipped": 0,
    "hasSkipped": false
  },
  "results": [
    {
      "uuid": "50e0fb83-4378-41bb-aaab-c182085a844d",
      "title": "",
      "fullFile": "cypress\\tests\\paveltests\\UI\\transaction-feeds.spec.js",
      "file": "cypress\\tests\\paveltests\\UI\\transaction-feeds.spec.js",
      "beforeHooks": [],
      "afterHooks": [],
      "tests": [
        {
          "title": "1. should navigate transaction feeds and filter personal transactions by date range",
          "fullTitle": "1. should navigate transaction feeds and filter personal transactions by date range",
          "timedOut": null,
          "duration": 6742,
          "state": "passed",
          "speed": "medium",
          "pass": true,
          "fail": false,
          "pending": false,
          "context": null,
          "code": "cy.task('db:seed'); // удалить все тестовые данные/сброс БД до исходного состояния\ncy.loginpavel('Reyes.Osinski', 's3cret');\n//1.1 Добавление транзакции\ncy.get('[data-test=\"nav-top-new-transaction\"]').click();\ncy.contains('Ted Parisian').click();\ncy.get('[name=\"amount\"]').type('50');\ncy.get('#transaction-create-description-input').type('Other');\ncy.get('[data-test=\"transaction-create-submit-request\"]').click();\ncy.contains('Transaction Submitted!').should('be.visible');\ncy.contains('Requested $50.00 for Other').should('be.visible');\n//1.2 Проверка отображения навигации по транзакциям \ncy.get('[data-test=\"sidenav-home\"]').click();\ncy.contains('Public').should('be.visible');\ncy.get('[data-test=\"nav-contacts-tab\"]').click();\ncy.contains('Contacts').should('be.visible');\ncy.get('[data-test=\"nav-personal-tab\"]').click();\ncy.contains('Personal').should('be.visible');\n//1.3 Проверка работы фильтра по Дате в личных транзакциях\ncy.intercept('GET', '**/transactions*').as('filterTransactions');\ncy.get('[data-test=\"transaction-list-filter-date-range-button\"]').click();\ncy.get('.react-calendar__tile--now').click().click();\ncy.wait('@filterTransactions').its('response.statusCode').should('eq', 200);\ncy.get('[data-test^=\"transaction-item-\"]').should('have.length', 1);\ncy.contains('requested Ted Parisian').should('be.visible');\ncy.contains('$50.00').should('be.visible');\n//1.4 Сброс фильтра по Дате и проверка обновления ленты\ncy.intercept('GET', '/transactions*').as('transactions');\ncy.get('[data-test=\"transaction-list-filter-date-clear-button\"]').click();\ncy.wait('@transactions');\ncy.get('[data-test^=\"transaction-item-\"]').should('have.length.greaterThan', 1);",
          "err": {},
          "uuid": "427d944b-56f6-4357-84dd-a0be8dc32919",
          "parentUUID": "50e0fb83-4378-41bb-aaab-c182085a844d",
          "isHook": false,
          "skipped": false
        },
        {
          "title": "2. should filter personal transactions by amount range",
          "fullTitle": "2. should filter personal transactions by amount range",
          "timedOut": null,
          "duration": 2147,
          "state": "passed",
          "speed": "fast",
          "pass": true,
          "fail": false,
          "pending": false,
          "context": null,
          "code": "cy.task('db:seed'); // удалить все тестовые данные/сброс БД до исходного состояния\ncy.loginpavel('Reyes.Osinski', 's3cret');\n//2.1 Проверка работы фильтра по сумме \ncy.setTransactionAmountRange(0, 50);\ncy.contains('$36.56').should('be.visible');\n//2.2 Сброс фильтра по сумме и проверка обновления ленты\ncy.intercept('GET', '**/transactions/public*').as('transactions');\ncy.get('[data-test=\"transaction-list-filter-amount-clear-button\"]').click();\ncy.get('[data-test=\"transaction-list-filter-amount-range-text\"]').should('contain', '$0 - $1,000');",
          "err": {},
          "uuid": "b42218a7-664e-4a30-8020-3b7f05331b83",
          "parentUUID": "50e0fb83-4378-41bb-aaab-c182085a844d",
          "isHook": false,
          "skipped": false
        },
        {
          "title": "3. should display \"No Transactions\" when no transactions match the selected date range",
          "fullTitle": "3. should display \"No Transactions\" when no transactions match the selected date range",
          "timedOut": null,
          "duration": 2300,
          "state": "passed",
          "speed": "fast",
          "pass": true,
          "fail": false,
          "pending": false,
          "context": null,
          "code": "cy.task('db:seed'); // удалить все тестовые данные/сброс БД до исходного состояния\ncy.loginpavel('Reyes.Osinski', 's3cret');\n//// Выбор сегодняшнего дня как начала и конца диапазона\ncy.get('[data-test=\"transaction-list-filter-date-range-button\"]').click();\ncy.get('.react-calendar__tile--now').click().click();\ncy.contains('No Transactions').should('be.visible');",
          "err": {},
          "uuid": "466ee2ac-be4b-449a-8121-d8ee19aff6ab",
          "parentUUID": "50e0fb83-4378-41bb-aaab-c182085a844d",
          "isHook": false,
          "skipped": false
        },
        {
          "title": "4. should filter personal transactions using boundary amount value",
          "fullTitle": "4. should filter personal transactions using boundary amount value",
          "timedOut": null,
          "duration": 3091,
          "state": "passed",
          "speed": "fast",
          "pass": true,
          "fail": false,
          "pending": false,
          "context": null,
          "code": "cy.task('db:seed'); // удалить все тестовые данные/сброс БД до исходного состояния\ncy.loginpavel('Reyes.Osinski', 's3cret');\n//Создание перевода\ncy.get('[data-test=\"nav-top-new-transaction\"]').click();\ncy.contains('Ted Parisian').click();\ncy.get('[name=\"amount\"]').type('101');\ncy.get('#transaction-create-description-input').type('Other');\ncy.get('[data-test=\"transaction-create-submit-payment\"]').click();\ncy.contains('Transaction Submitted!').should('be.visible');\ncy.contains('Paid $101.00 for Other').should('be.visible');\n//Переход в раздел личных переводов\ncy.get('[data-test=\"sidenav-home\"]').click();\ncy.get('[data-test=\"nav-personal-tab\"]').click();\ncy.contains('Ruthie Prosacco paid Ted Parisian').should('be.visible');\n//Выбор граничного значения в фильтре\ncy.setTransactionAmountRange(101, 101);\ncy.get('[data-test=\"transaction-list-filter-amount-range-text\"]').should('contain', '$101 - $101');\ncy.contains('No Transactions').should('be.visible');",
          "err": {},
          "uuid": "923df0d7-cd76-466a-a945-6c9599fc8cb4",
          "parentUUID": "50e0fb83-4378-41bb-aaab-c182085a844d",
          "isHook": false,
          "skipped": false
        },
        {
          "title": "5. should filter personal transactions using date and amount filters",
          "fullTitle": "5. should filter personal transactions using date and amount filters",
          "timedOut": null,
          "duration": 4022,
          "state": "passed",
          "speed": "fast",
          "pass": true,
          "fail": false,
          "pending": false,
          "context": null,
          "code": "cy.task('db:seed'); // удалить все тестовые данные/сброс БД до исходного состояния\ncy.loginpavel('Reyes.Osinski', 's3cret');\n//Создание перевода №1\ncy.get('[data-test=\"nav-top-new-transaction\"]').click();\ncy.contains('Ted Parisian').click();\ncy.get('[name=\"amount\"]').type('801');\ncy.get('#transaction-create-description-input').type('Other');\ncy.get('[data-test=\"transaction-create-submit-payment\"]').click();\ncy.contains('Transaction Submitted!').should('be.visible');\ncy.contains('Paid $801.00 for Other').should('be.visible');\n//Создание перевода №2\ncy.get('[data-test=\"new-transaction-create-another-transaction\"]').click();\ncy.contains('Kristian Bradtke').click();\ncy.get('[name=\"amount\"]').type('805');\ncy.get('#transaction-create-description-input').type('Other');\ncy.get('[data-test=\"transaction-create-submit-payment\"]').click();\ncy.contains('Transaction Submitted!').should('be.visible');\ncy.contains('Paid $805.00 for Other').should('be.visible');\n//Переход в раздел личных переводов\ncy.get('[data-test=\"sidenav-home\"]').click();\ncy.get('[data-test=\"nav-personal-tab\"]').click();\ncy.contains('Ruthie Prosacco paid Ted Parisian').should('be.visible');\n// Выбор сегодняшнего дня как начала и конца диапазона\ncy.get('[data-test=\"transaction-list-filter-date-range-button\"]').click();\ncy.get('.react-calendar__tile--now').click().click();\n//Выбор суммы в фильтре\ncy.setTransactionAmountRange(800, 810);\ncy.get('[data-test=\"transaction-list-filter-amount-range-text\"]').should('contain', '$800 - $810');\ncy.get('[data-test^=\"transaction-item-\"]').should('have.length', 2);\ncy.contains('Ruthie Prosacco paid Kristian Bradtke').should('be.visible');\ncy.contains('Ruthie Prosacco paid Ted Parisian').should('be.visible');",
          "err": {},
          "uuid": "d44b8ab3-0b03-4a02-ab65-116963f7d114",
          "parentUUID": "50e0fb83-4378-41bb-aaab-c182085a844d",
          "isHook": false,
          "skipped": false
        },
        {
          "title": "6. should reset date and amount filters after page reload",
          "fullTitle": "6. should reset date and amount filters after page reload",
          "timedOut": null,
          "duration": 3170,
          "state": "passed",
          "speed": "fast",
          "pass": true,
          "fail": false,
          "pending": false,
          "context": null,
          "code": "cy.task('db:seed'); // удалить все тестовые данные/сброс БД до исходного состояния\ncy.loginpavel('Reyes.Osinski', 's3cret');\n// Выбор сегодняшнего дня как начала и конца диапазона\ncy.get('[data-test=\"transaction-list-filter-date-range-button\"]').click();\ncy.get('.react-calendar__tile--now').click().click();\n//Выбор суммы в фильтре\ncy.setTransactionAmountRange(100, 500);\ncy.get('[data-test=\"transaction-list-filter-amount-range-text\"]').should('contain', '$100 - $500');\ncy.reload();\ncy.get('[data-test=\"transaction-list-filter-amount-range-button\"]').should('contain', 'Amount: $0 - $1,000');\ncy.get('[data-test=\"transaction-list-filter-date-range-button\"]').should('contain', 'Date: ALL');",
          "err": {},
          "uuid": "b6288532-8452-4827-8a9e-d6c64197cb17",
          "parentUUID": "50e0fb83-4378-41bb-aaab-c182085a844d",
          "isHook": false,
          "skipped": false
        }
      ],
      "suites": [],
      "passes": [
        "427d944b-56f6-4357-84dd-a0be8dc32919",
        "b42218a7-664e-4a30-8020-3b7f05331b83",
        "466ee2ac-be4b-449a-8121-d8ee19aff6ab",
        "923df0d7-cd76-466a-a945-6c9599fc8cb4",
        "d44b8ab3-0b03-4a02-ab65-116963f7d114",
        "b6288532-8452-4827-8a9e-d6c64197cb17"
      ],
      "failures": [],
      "pending": [],
      "skipped": [],
      "duration": 21472,
      "root": true,
      "rootEmpty": false,
      "_timeout": 2000
    }
  ],
  "meta": {
    "mocha": {
      "version": "7.2.0"
    },
    "mochawesome": {
      "options": {
        "quiet": false,
        "reportFilename": "mochawesome",
        "saveHtml": false,
        "saveJson": true,
        "consoleReporter": "spec",
        "useInlineDiffs": false,
        "code": true
      },
      "version": "8.0.1"
    },
    "marge": {
      "options": {
        "reportDir": "cypress/results",
        "overwrite": false,
        "html": false,
        "json": true
      },
      "version": "6.3.2"
    }
  }
}