{
  "stats": {
    "suites": 0,
    "tests": 14,
    "passes": 14,
    "pending": 0,
    "failures": 0,
    "start": "2026-08-11T07:13:58.317Z",
    "end": "2026-08-11T07:14:43.245Z",
    "duration": 44928,
    "testsRegistered": 14,
    "passPercent": 100,
    "pendingPercent": 0,
    "other": 0,
    "hasOther": false,
    "skipped": 0,
    "hasSkipped": false
  },
  "results": [
    {
      "uuid": "5b8b9cf8-b032-4a62-bcd8-6ec965f3fcf5",
      "title": "",
      "fullFile": "cypress\\tests\\paveltests\\UI\\bankaccounts.spec.js",
      "file": "cypress\\tests\\paveltests\\UI\\bankaccounts.spec.js",
      "beforeHooks": [],
      "afterHooks": [],
      "tests": [
        {
          "title": "1.1. should create and delete a bank account",
          "fullTitle": "1.1. should create and delete a bank account",
          "timedOut": null,
          "duration": 5798,
          "state": "passed",
          "speed": "medium",
          "pass": true,
          "fail": false,
          "pending": false,
          "context": null,
          "code": "cy.task('db:seed'); // удалить все тестовые данные/сброс БД до исходного состояния\n// 1.1 Создать банк\ncy.loginpavel('Reyes.Osinski', 's3cret');\ncy.get('[data-test=\"sidenav-bankaccounts\"]').click();\ncy.get('[data-test=\"bankaccount-new\"]').click({\n  force: true\n});\ncy.get('[name=\"bankName\"]').type('Test Bank');\ncy.get('[name=\"accountNumber\"]').type('123456789');\ncy.get('[name=\"routingNumber\"]').type('987654321');\ncy.get('[data-test=\"bankaccount-submit\"]').click();\n//1.2 Проверить что банк создан\ncy.contains('Test Bank').should('be.visible');\n//1.3 Удалить созданный банк \ncy.get('[data-test=\"sidenav-bankaccounts\"]').click();\ncy.contains('Test Bank').parents('li').find('[data-test=\"bankaccount-delete\"]').click();\n//1.4 Проверить что банк удален\ncy.contains('Test Bank').parents('li').should('contain', 'Deleted');",
          "err": {},
          "uuid": "8c2ef501-d171-4aa0-b3d5-e3f083eb1324",
          "parentUUID": "5b8b9cf8-b032-4a62-bcd8-6ec965f3fcf5",
          "isHook": false,
          "skipped": false
        },
        {
          "title": "2. should prevent creating bank account with minimum-1 boundary values",
          "fullTitle": "2. should prevent creating bank account with minimum-1 boundary values",
          "timedOut": null,
          "duration": 2826,
          "state": "passed",
          "speed": "fast",
          "pass": true,
          "fail": false,
          "pending": false,
          "context": null,
          "code": "cy.task('db:seed'); // удалить все тестовые данные/сброс БД до исходного состояния\ncy.loginpavel('Reyes.Osinski', 's3cret');\ncy.get('[data-test=\"sidenav-bankaccounts\"]').click();\ncy.get('[data-test=\"bankaccount-new\"]').click({\n  force: true\n});\ncy.get('[name=\"bankName\"]').type('Bank');\ncy.get('[name=\"routingNumber\"]').type('123456789');\ncy.get('[name=\"accountNumber\"]').type('12345678');\ncy.get('[data-test=\"bankaccount-submit\"]').should('be.disabled');\ncy.contains('Must contain at least 5 characters').should('be.visible');\ncy.contains('Must contain at least 9 digits').should('be.visible');",
          "err": {},
          "uuid": "f2c67a27-b79b-4619-9b21-b6c01759d44d",
          "parentUUID": "5b8b9cf8-b032-4a62-bcd8-6ec965f3fcf5",
          "isHook": false,
          "skipped": false
        },
        {
          "title": "3. should prevent creating bank account with maximum+1 account number",
          "fullTitle": "3. should prevent creating bank account with maximum+1 account number",
          "timedOut": null,
          "duration": 2893,
          "state": "passed",
          "speed": "fast",
          "pass": true,
          "fail": false,
          "pending": false,
          "context": null,
          "code": "cy.task('db:seed'); // удалить все тестовые данные/сброс БД до исходного состояния\ncy.loginpavel('Reyes.Osinski', 's3cret');\ncy.get('[data-test=\"sidenav-bankaccounts\"]').click();\ncy.get('[data-test=\"bankaccount-new\"]').click({\n  force: true\n});\ncy.get('[name=\"bankName\"]').type('Test Bank');\ncy.get('[name=\"routingNumber\"]').type('123456789');\ncy.get('[name=\"accountNumber\"]').type('1234567891234');\ncy.get('[data-test=\"bankaccount-submit\"]').should('be.disabled');\ncy.contains('Must contain no more than 12 digits').should('be.visible');",
          "err": {},
          "uuid": "ba624491-109c-4b70-a36d-713ea2f9f1b2",
          "parentUUID": "5b8b9cf8-b032-4a62-bcd8-6ec965f3fcf5",
          "isHook": false,
          "skipped": false
        },
        {
          "title": "4. should create bank account with minimum valid field lengths",
          "fullTitle": "4. should create bank account with minimum valid field lengths",
          "timedOut": null,
          "duration": 3117,
          "state": "passed",
          "speed": "fast",
          "pass": true,
          "fail": false,
          "pending": false,
          "context": null,
          "code": "cy.task('db:seed'); // удалить все тестовые данные/сброс БД до исходного состояния\ncy.loginpavel('Reyes.Osinski', 's3cret');\ncy.get('[data-test=\"sidenav-bankaccounts\"]').click();\ncy.get('[data-test=\"bankaccount-new\"]').click({\n  force: true\n});\ncy.get('[name=\"bankName\"]').type('Bank1');\ncy.get('[name=\"routingNumber\"]').type('123456789');\ncy.get('[name=\"accountNumber\"]').type('123456789');\ncy.get('[data-test=\"bankaccount-submit\"]').click();\n//Проверить что банк создан\ncy.contains('Bank1').should('be.visible');",
          "err": {},
          "uuid": "d73e602c-5bfb-4d89-9830-0b0c04d749d3",
          "parentUUID": "5b8b9cf8-b032-4a62-bcd8-6ec965f3fcf5",
          "isHook": false,
          "skipped": false
        },
        {
          "title": "5. should validate routing number format",
          "fullTitle": "5. should validate routing number format",
          "timedOut": null,
          "duration": 3040,
          "state": "passed",
          "speed": "fast",
          "pass": true,
          "fail": false,
          "pending": false,
          "context": null,
          "code": "cy.task('db:seed'); // удалить все тестовые данные/сброс БД до исходного состояния\ncy.loginpavel('Reyes.Osinski', 's3cret');\ncy.get('[data-test=\"sidenav-bankaccounts\"]').click();\ncy.get('[data-test=\"bankaccount-new\"]').click({\n  force: true\n});\ncy.get('[name=\"bankName\"]').type('Test Bank');\ncy.get('[name=\"routingNumber\"]').type('1234');\ncy.get('[name=\"accountNumber\"]').type('123456789');\n//Проверки\ncy.get('[data-test=\"bankaccount-submit\"]').should('be.disabled');\ncy.contains('Must contain a valid routing number').should('be.visible');",
          "err": {},
          "uuid": "af80e7a7-e34e-4526-9efd-8533f4182368",
          "parentUUID": "5b8b9cf8-b032-4a62-bcd8-6ec965f3fcf5",
          "isHook": false,
          "skipped": false
        },
        {
          "title": "6. should accept a 50-character bank name",
          "fullTitle": "6. should accept a 50-character bank name",
          "timedOut": null,
          "duration": 3491,
          "state": "passed",
          "speed": "fast",
          "pass": true,
          "fail": false,
          "pending": false,
          "context": null,
          "code": "cy.task('db:seed'); // удалить все тестовые данные/сброс БД до исходного состояния\ncy.loginpavel('Reyes.Osinski', 's3cret');\ncy.get('[data-test=\"sidenav-bankaccounts\"]').click();\ncy.get('[data-test=\"bankaccount-new\"]').click({\n  force: true\n});\ncy.get('[name=\"bankName\"]').type('Bank Name Test123456789012345678901234567890123456');\ncy.get('[name=\"routingNumber\"]').type('123456789');\ncy.get('[name=\"accountNumber\"]').type('123456789');\ncy.get('[data-test=\"bankaccount-submit\"]').click();\n//Проверка что банк создан\ncy.contains('Bank Name Test123456789012345678901234567890123456').should('be.visible');",
          "err": {},
          "uuid": "bac98471-fc60-4f8d-b687-7c383bc61324",
          "parentUUID": "5b8b9cf8-b032-4a62-bcd8-6ec965f3fcf5",
          "isHook": false,
          "skipped": false
        },
        {
          "title": "7. should accept maximum allowed account number",
          "fullTitle": "7. should accept maximum allowed account number",
          "timedOut": null,
          "duration": 2956,
          "state": "passed",
          "speed": "fast",
          "pass": true,
          "fail": false,
          "pending": false,
          "context": null,
          "code": "cy.task('db:seed'); // удалить все тестовые данные/сброс БД до исходного состояния\ncy.loginpavel('Reyes.Osinski', 's3cret');\ncy.get('[data-test=\"sidenav-bankaccounts\"]').click();\ncy.get('[data-test=\"bankaccount-new\"]').click({\n  force: true\n});\ncy.get('[name=\"bankName\"]').type('Test Bank');\ncy.get('[name=\"routingNumber\"]').type('123456789');\ncy.get('[name=\"accountNumber\"]').type('123456789012');\ncy.get('[data-test=\"bankaccount-submit\"]').click();\n//Проверка что банк создан\ncy.contains('Test Bank').should('be.visible');",
          "err": {},
          "uuid": "4be57b02-8257-4721-adc2-f537be9b7b65",
          "parentUUID": "5b8b9cf8-b032-4a62-bcd8-6ec965f3fcf5",
          "isHook": false,
          "skipped": false
        },
        {
          "title": "8. should allow creating bank account with whitespace-only numeric fields",
          "fullTitle": "8. should allow creating bank account with whitespace-only numeric fields",
          "timedOut": null,
          "duration": 2723,
          "state": "passed",
          "speed": "fast",
          "pass": true,
          "fail": false,
          "pending": false,
          "context": null,
          "code": "cy.task('db:seed'); // удалить все тестовые данные/сброс БД до исходного состояния\ncy.loginpavel('Reyes.Osinski', 's3cret');\ncy.get('[data-test=\"sidenav-bankaccounts\"]').click();\ncy.get('[data-test=\"bankaccount-new\"]').click({\n  force: true\n});\ncy.get('[name=\"bankName\"]').type('Bank Test');\ncy.get('[name=\"routingNumber\"]').type('         ');\ncy.get('[name=\"accountNumber\"]').type('         ');\ncy.get('[data-test=\"bankaccount-submit\"]').click();\n//Проверка что банк создан\ncy.contains('Bank Test').should('be.visible');",
          "err": {},
          "uuid": "1bc59e0f-cdf7-4d33-b102-4c2e7a964a97",
          "parentUUID": "5b8b9cf8-b032-4a62-bcd8-6ec965f3fcf5",
          "isHook": false,
          "skipped": false
        },
        {
          "title": "9. should handle leading whitespace in bank name",
          "fullTitle": "9. should handle leading whitespace in bank name",
          "timedOut": null,
          "duration": 3026,
          "state": "passed",
          "speed": "fast",
          "pass": true,
          "fail": false,
          "pending": false,
          "context": null,
          "code": "cy.task('db:seed'); // удалить все тестовые данные/сброс БД до исходного состояния\ncy.loginpavel('Reyes.Osinski', 's3cret');\ncy.get('[data-test=\"sidenav-bankaccounts\"]').click();\ncy.get('[data-test=\"bankaccount-new\"]').click({\n  force: true\n});\ncy.get('[name=\"bankName\"]').type(' Test Bank');\ncy.get('[name=\"routingNumber\"]').type('123456789');\ncy.get('[name=\"accountNumber\"]').type('123456789');\ncy.get('[data-test=\"bankaccount-submit\"]').click();\n//Проверка что банк создан\ncy.contains(' Test Bank').should('be.visible');",
          "err": {},
          "uuid": "0dfe94b1-f80a-4648-8534-c0049afe93ac",
          "parentUUID": "5b8b9cf8-b032-4a62-bcd8-6ec965f3fcf5",
          "isHook": false,
          "skipped": false
        },
        {
          "title": "10. should handle trailing whitespace in bank name",
          "fullTitle": "10. should handle trailing whitespace in bank name",
          "timedOut": null,
          "duration": 2983,
          "state": "passed",
          "speed": "fast",
          "pass": true,
          "fail": false,
          "pending": false,
          "context": null,
          "code": "cy.task('db:seed'); // удалить все тестовые данные/сброс БД до исходного состояния\ncy.loginpavel('Reyes.Osinski', 's3cret');\ncy.get('[data-test=\"sidenav-bankaccounts\"]').click();\ncy.get('[data-test=\"bankaccount-new\"]').click({\n  force: true\n});\ncy.get('[name=\"bankName\"]').type('Test Bank ');\ncy.get('[name=\"routingNumber\"]').type('123456789');\ncy.get('[name=\"accountNumber\"]').type('123456789');\ncy.get('[data-test=\"bankaccount-submit\"]').click();\n//Проверка что банк создан\ncy.contains('Test Bank ').should('be.visible');",
          "err": {},
          "uuid": "fce8c82e-528c-4bf4-ad3a-de206531e498",
          "parentUUID": "5b8b9cf8-b032-4a62-bcd8-6ec965f3fcf5",
          "isHook": false,
          "skipped": false
        },
        {
          "title": "11. should display validation messages for empty required fields",
          "fullTitle": "11. should display validation messages for empty required fields",
          "timedOut": null,
          "duration": 1985,
          "state": "passed",
          "speed": "fast",
          "pass": true,
          "fail": false,
          "pending": false,
          "context": null,
          "code": "cy.task('db:seed');\ncy.loginpavel('Reyes.Osinski', 's3cret');\ncy.get('[data-test=\"sidenav-bankaccounts\"]').click();\ncy.get('[data-test=\"bankaccount-new\"]').click({\n  force: true\n});\ncy.get('[name=\"bankName\"]').focus().blur();\ncy.get('[name=\"routingNumber\"]').focus().blur();\ncy.get('[name=\"accountNumber\"]').focus().blur();\ncy.get('[data-test=\"bankaccount-submit\"]').should('be.disabled');\ncy.contains('Enter a valid bank routing number').should('be.visible');\ncy.contains('Enter a valid bank account number').should('be.visible');\ncy.contains('Enter a bank name').should('be.visible');",
          "err": {},
          "uuid": "833c992a-b41f-439a-b1f8-7ec6b3fc50a2",
          "parentUUID": "5b8b9cf8-b032-4a62-bcd8-6ec965f3fcf5",
          "isHook": false,
          "skipped": false
        },
        {
          "title": "12. 12. should allow creating duplicate bank accounts",
          "fullTitle": "12. 12. should allow creating duplicate bank accounts",
          "timedOut": null,
          "duration": 3268,
          "state": "passed",
          "speed": "fast",
          "pass": true,
          "fail": false,
          "pending": false,
          "context": null,
          "code": "cy.task('db:seed'); // удалить все тестовые данные/сброс БД до исходного состояния\n// Создать банк\ncy.loginpavel('Reyes.Osinski', 's3cret');\ncy.get('[data-test=\"sidenav-bankaccounts\"]').click();\ncy.get('[data-test=\"bankaccount-new\"]').click({\n  force: true\n});\ncy.get('[name=\"bankName\"]').type('Rosenbaum, Dach and Goyette Bank');\ncy.get('[name=\"accountNumber\"]').type('7151213986');\ncy.get('[name=\"routingNumber\"]').type('956968094');\ncy.get('[data-test=\"bankaccount-submit\"]').click();\n//// Проверить, что в списке отображаются 2 банковских счета с одинаковыми реквизитами\ncy.get('[data-test=\"bankaccount-list\"] p').filter((index, el) => el.innerText === 'Rosenbaum, Dach and Goyette Bank').should('have.length', 2);",
          "err": {},
          "uuid": "f431eb52-8223-4c0e-9098-9d8fc501ce5f",
          "parentUUID": "5b8b9cf8-b032-4a62-bcd8-6ec965f3fcf5",
          "isHook": false,
          "skipped": false
        },
        {
          "title": "13.should hide delete action after bank account is deleted",
          "fullTitle": "13.should hide delete action after bank account is deleted",
          "timedOut": null,
          "duration": 3127,
          "state": "passed",
          "speed": "fast",
          "pass": true,
          "fail": false,
          "pending": false,
          "context": null,
          "code": "cy.task('db:seed'); // удалить все тестовые данные/сброс БД до исходного состояния\n// Создать банк\ncy.loginpavel('Reyes.Osinski', 's3cret');\ncy.get('[data-test=\"sidenav-bankaccounts\"]').click();\ncy.get('[data-test=\"bankaccount-new\"]').click({\n  force: true\n});\ncy.get('[name=\"bankName\"]').type('Test Bank');\ncy.get('[name=\"accountNumber\"]').type('123456789');\ncy.get('[name=\"routingNumber\"]').type('987654321');\ncy.get('[data-test=\"bankaccount-submit\"]').click();\n//Проверить что банк создан\ncy.contains('Test Bank').should('be.visible');\n//Удалить созданный банк \ncy.get('[data-test=\"sidenav-bankaccounts\"]').click();\ncy.contains('Test Bank').parents('li').find('[data-test=\"bankaccount-delete\"]').click();\n//Проверить что банк удален\ncy.contains('Test Bank').parents('li').should('contain', 'Deleted');\n//Попытка повторного удаления\ncy.contains('Test Bank').parents('li').find('[data-test=\"bankaccount-delete\"]').should('not.exist');",
          "err": {},
          "uuid": "ff33cd69-9474-41f7-9675-d243a61643c3",
          "parentUUID": "5b8b9cf8-b032-4a62-bcd8-6ec965f3fcf5",
          "isHook": false,
          "skipped": false
        },
        {
          "title": "14.should create a bank account after correcting validation errors",
          "fullTitle": "14.should create a bank account after correcting validation errors",
          "timedOut": null,
          "duration": 3246,
          "state": "passed",
          "speed": "fast",
          "pass": true,
          "fail": false,
          "pending": false,
          "context": null,
          "code": "cy.task('db:seed'); // удалить все тестовые данные/сброс БД до исходного состояния\n// Логин\ncy.loginpavel('Reyes.Osinski', 's3cret');\n// Создать банк -  заполнение формы нвалидными данными\ncy.get('[data-test=\"sidenav-bankaccounts\"]').click();\ncy.get('[data-test=\"bankaccount-new\"]').click({\n  force: true\n});\ncy.get('[name=\"bankName\"]').type('Test Bank');\ncy.get('[name=\"routingNumber\"]').type('12345');\ncy.get('[name=\"accountNumber\"]').type('1234567');\n// проверка что появляются сообщения об ошибках\ncy.get('[data-test=\"bankaccount-submit\"]').should('be.disabled');\ncy.contains('Must contain a valid routing number').should('be.visible');\ncy.contains('Must contain at least 9 digits').should('be.visible');\n// исправление ошибок в форме\ncy.get('[name=\"routingNumber\"]').type('6789');\ncy.get('[name=\"accountNumber\"]').type('890');\n// проверка что сообщения об ошибках исчезли\ncy.contains('Must contain a valid routing number').should('not.exist');\ncy.contains('Must contain at least 9 digits').should('not.exist');\n// проверка что кнопка стала активной и создание банка\ncy.get('[data-test=\"bankaccount-submit\"]').should('be.enabled').click();\n//Проверка что банк создан\ncy.contains('Test Bank').should('be.visible');",
          "err": {},
          "uuid": "1d1a3cbd-f498-4050-9897-a5a9c3322704",
          "parentUUID": "5b8b9cf8-b032-4a62-bcd8-6ec965f3fcf5",
          "isHook": false,
          "skipped": false
        }
      ],
      "suites": [],
      "passes": [
        "8c2ef501-d171-4aa0-b3d5-e3f083eb1324",
        "f2c67a27-b79b-4619-9b21-b6c01759d44d",
        "ba624491-109c-4b70-a36d-713ea2f9f1b2",
        "d73e602c-5bfb-4d89-9830-0b0c04d749d3",
        "af80e7a7-e34e-4526-9efd-8533f4182368",
        "bac98471-fc60-4f8d-b687-7c383bc61324",
        "4be57b02-8257-4721-adc2-f537be9b7b65",
        "1bc59e0f-cdf7-4d33-b102-4c2e7a964a97",
        "0dfe94b1-f80a-4648-8534-c0049afe93ac",
        "fce8c82e-528c-4bf4-ad3a-de206531e498",
        "833c992a-b41f-439a-b1f8-7ec6b3fc50a2",
        "f431eb52-8223-4c0e-9098-9d8fc501ce5f",
        "ff33cd69-9474-41f7-9675-d243a61643c3",
        "1d1a3cbd-f498-4050-9897-a5a9c3322704"
      ],
      "failures": [],
      "pending": [],
      "skipped": [],
      "duration": 44479,
      "root": true,
      "rootEmpty": false,
      "_timeout": 2000
    }
  ],
  "meta": {
    "mocha": {
      "version": "7.2.0"
    },
    "mochawesome": {
      "options": {
        "quiet": false,
        "reportFilename": "mochawesome",
        "saveHtml": false,
        "saveJson": true,
        "consoleReporter": "spec",
        "useInlineDiffs": false,
        "code": true
      },
      "version": "8.0.1"
    },
    "marge": {
      "options": {
        "reportDir": "cypress/results",
        "overwrite": false,
        "html": false,
        "json": true
      },
      "version": "6.3.2"
    }
  }
}